{"/home/gfrancodev/Documentos/gfrancodev/uggy/uggy/packages/localstorage/src/hooks/use-json-storage.ts": {"path":"/home/gfrancodev/Documentos/gfrancodev/uggy/uggy/packages/localstorage/src/hooks/use-json-storage.ts","all":false,"statementMap":{"0":{"start":{"line":1,"column":0},"end":{"line":1,"column":46}},"1":{"start":{"line":2,"column":0},"end":{"line":2,"column":50}},"2":{"start":{"line":3,"column":0},"end":{"line":3,"column":51}},"3":{"start":{"line":4,"column":0},"end":{"line":4,"column":0}},"4":{"start":{"line":5,"column":0},"end":{"line":5,"column":3}},"5":{"start":{"line":6,"column":0},"end":{"line":6,"column":126}},"6":{"start":{"line":7,"column":0},"end":{"line":7,"column":3}},"7":{"start":{"line":8,"column":0},"end":{"line":8,"column":77}},"8":{"start":{"line":9,"column":0},"end":{"line":9,"column":65}},"9":{"start":{"line":10,"column":0},"end":{"line":10,"column":71}},"10":{"start":{"line":11,"column":0},"end":{"line":11,"column":88}},"11":{"start":{"line":12,"column":0},"end":{"line":12,"column":163}},"12":{"start":{"line":13,"column":0},"end":{"line":13,"column":3}},"13":{"start":{"line":14,"column":0},"end":{"line":14,"column":11}},"14":{"start":{"line":15,"column":0},"end":{"line":15,"column":9}},"15":{"start":{"line":16,"column":0},"end":{"line":16,"column":57}},"16":{"start":{"line":17,"column":0},"end":{"line":17,"column":3}},"17":{"start":{"line":18,"column":0},"end":{"line":18,"column":30}},"18":{"start":{"line":19,"column":0},"end":{"line":19,"column":29}},"19":{"start":{"line":20,"column":0},"end":{"line":20,"column":22}},"20":{"start":{"line":21,"column":0},"end":{"line":21,"column":21}},"21":{"start":{"line":22,"column":0},"end":{"line":22,"column":22}},"22":{"start":{"line":23,"column":0},"end":{"line":23,"column":21}},"23":{"start":{"line":24,"column":0},"end":{"line":24,"column":7}},"24":{"start":{"line":25,"column":0},"end":{"line":25,"column":4}},"25":{"start":{"line":26,"column":0},"end":{"line":26,"column":3}},"26":{"start":{"line":27,"column":0},"end":{"line":27,"column":33}},"27":{"start":{"line":28,"column":0},"end":{"line":28,"column":118}},"28":{"start":{"line":29,"column":0},"end":{"line":29,"column":20}},"29":{"start":{"line":30,"column":0},"end":{"line":30,"column":8}},"30":{"start":{"line":31,"column":0},"end":{"line":31,"column":24}},"31":{"start":{"line":32,"column":0},"end":{"line":32,"column":22}},"32":{"start":{"line":33,"column":0},"end":{"line":33,"column":25}},"33":{"start":{"line":34,"column":0},"end":{"line":34,"column":23}},"34":{"start":{"line":35,"column":0},"end":{"line":35,"column":22}},"35":{"start":{"line":36,"column":0},"end":{"line":36,"column":11}},"36":{"start":{"line":37,"column":0},"end":{"line":37,"column":9}},"37":{"start":{"line":38,"column":0},"end":{"line":38,"column":7}},"38":{"start":{"line":39,"column":0},"end":{"line":39,"column":3}},"39":{"start":{"line":40,"column":0},"end":{"line":40,"column":32}},"40":{"start":{"line":41,"column":0},"end":{"line":41,"column":74}},"41":{"start":{"line":42,"column":0},"end":{"line":42,"column":7}},"42":{"start":{"line":43,"column":0},"end":{"line":43,"column":3}},"43":{"start":{"line":44,"column":0},"end":{"line":44,"column":37}},"44":{"start":{"line":45,"column":0},"end":{"line":45,"column":53}},"45":{"start":{"line":46,"column":0},"end":{"line":46,"column":7}},"46":{"start":{"line":47,"column":0},"end":{"line":47,"column":3}},"47":{"start":{"line":48,"column":0},"end":{"line":48,"column":41}},"48":{"start":{"line":49,"column":0},"end":{"line":49,"column":20}},"49":{"start":{"line":50,"column":0},"end":{"line":50,"column":25}},"50":{"start":{"line":51,"column":0},"end":{"line":51,"column":24}},"51":{"start":{"line":52,"column":0},"end":{"line":52,"column":23}},"52":{"start":{"line":53,"column":0},"end":{"line":53,"column":11}},"53":{"start":{"line":54,"column":0},"end":{"line":54,"column":10}},"54":{"start":{"line":55,"column":0},"end":{"line":55,"column":7}},"55":{"start":{"line":56,"column":0},"end":{"line":56,"column":3}},"56":{"start":{"line":57,"column":0},"end":{"line":57,"column":41}},"57":{"start":{"line":58,"column":0},"end":{"line":58,"column":55}},"58":{"start":{"line":59,"column":0},"end":{"line":59,"column":7}},"59":{"start":{"line":60,"column":0},"end":{"line":60,"column":3}},"60":{"start":{"line":61,"column":0},"end":{"line":61,"column":13}},"61":{"start":{"line":62,"column":0},"end":{"line":62,"column":12}},"62":{"start":{"line":63,"column":0},"end":{"line":63,"column":26}},"63":{"start":{"line":64,"column":0},"end":{"line":64,"column":44}},"64":{"start":{"line":65,"column":0},"end":{"line":65,"column":43}},"65":{"start":{"line":66,"column":0},"end":{"line":66,"column":114}},"66":{"start":{"line":67,"column":0},"end":{"line":67,"column":60}},"67":{"start":{"line":68,"column":0},"end":{"line":68,"column":71}},"68":{"start":{"line":69,"column":0},"end":{"line":69,"column":78}},"69":{"start":{"line":70,"column":0},"end":{"line":70,"column":79}},"70":{"start":{"line":71,"column":0},"end":{"line":71,"column":62}},"71":{"start":{"line":72,"column":0},"end":{"line":72,"column":50}},"72":{"start":{"line":73,"column":0},"end":{"line":73,"column":66}},"73":{"start":{"line":74,"column":0},"end":{"line":74,"column":13}},"74":{"start":{"line":75,"column":0},"end":{"line":75,"column":7}},"75":{"start":{"line":76,"column":0},"end":{"line":76,"column":4}},"76":{"start":{"line":77,"column":0},"end":{"line":77,"column":6}},"77":{"start":{"line":78,"column":0},"end":{"line":78,"column":3}},"78":{"start":{"line":79,"column":0},"end":{"line":79,"column":49}},"79":{"start":{"line":80,"column":0},"end":{"line":80,"column":14}},"80":{"start":{"line":81,"column":0},"end":{"line":81,"column":18}},"81":{"start":{"line":82,"column":0},"end":{"line":82,"column":35}},"82":{"start":{"line":83,"column":0},"end":{"line":83,"column":3}},"83":{"start":{"line":84,"column":0},"end":{"line":84,"column":36}},"84":{"start":{"line":85,"column":0},"end":{"line":85,"column":0}},"85":{"start":{"line":86,"column":0},"end":{"line":86,"column":5}},"86":{"start":{"line":87,"column":0},"end":{"line":87,"column":88}},"87":{"start":{"line":88,"column":0},"end":{"line":88,"column":5}},"88":{"start":{"line":89,"column":0},"end":{"line":89,"column":47}},"89":{"start":{"line":90,"column":0},"end":{"line":90,"column":73}},"90":{"start":{"line":91,"column":0},"end":{"line":91,"column":51}},"91":{"start":{"line":92,"column":0},"end":{"line":92,"column":5}},"92":{"start":{"line":93,"column":0},"end":{"line":93,"column":0}},"93":{"start":{"line":94,"column":0},"end":{"line":94,"column":5}},"94":{"start":{"line":95,"column":0},"end":{"line":95,"column":53}},"95":{"start":{"line":96,"column":0},"end":{"line":96,"column":5}},"96":{"start":{"line":97,"column":0},"end":{"line":97,"column":48}},"97":{"start":{"line":98,"column":0},"end":{"line":98,"column":9}},"98":{"start":{"line":99,"column":0},"end":{"line":99,"column":45}},"99":{"start":{"line":100,"column":0},"end":{"line":100,"column":29}},"100":{"start":{"line":101,"column":0},"end":{"line":101,"column":13}},"101":{"start":{"line":102,"column":0},"end":{"line":102,"column":19}},"102":{"start":{"line":103,"column":0},"end":{"line":103,"column":5}},"103":{"start":{"line":104,"column":0},"end":{"line":104,"column":5}},"104":{"start":{"line":105,"column":0},"end":{"line":105,"column":0}},"105":{"start":{"line":106,"column":0},"end":{"line":106,"column":5}},"106":{"start":{"line":107,"column":0},"end":{"line":107,"column":54}},"107":{"start":{"line":108,"column":0},"end":{"line":108,"column":5}},"108":{"start":{"line":109,"column":0},"end":{"line":109,"column":46}},"109":{"start":{"line":110,"column":0},"end":{"line":110,"column":9}},"110":{"start":{"line":111,"column":0},"end":{"line":111,"column":45}},"111":{"start":{"line":112,"column":0},"end":{"line":112,"column":56}},"112":{"start":{"line":113,"column":0},"end":{"line":113,"column":13}},"113":{"start":{"line":114,"column":0},"end":{"line":114,"column":18}},"114":{"start":{"line":115,"column":0},"end":{"line":115,"column":5}},"115":{"start":{"line":116,"column":0},"end":{"line":116,"column":5}},"116":{"start":{"line":117,"column":0},"end":{"line":117,"column":0}},"117":{"start":{"line":118,"column":0},"end":{"line":118,"column":5}},"118":{"start":{"line":119,"column":0},"end":{"line":119,"column":53}},"119":{"start":{"line":120,"column":0},"end":{"line":120,"column":5}},"120":{"start":{"line":121,"column":0},"end":{"line":121,"column":106}},"121":{"start":{"line":122,"column":0},"end":{"line":122,"column":5}},"122":{"start":{"line":123,"column":0},"end":{"line":123,"column":34}},"123":{"start":{"line":124,"column":0},"end":{"line":124,"column":41}},"124":{"start":{"line":125,"column":0},"end":{"line":125,"column":29}},"125":{"start":{"line":126,"column":0},"end":{"line":126,"column":29}},"126":{"start":{"line":127,"column":0},"end":{"line":127,"column":40}},"127":{"start":{"line":128,"column":0},"end":{"line":128,"column":48}},"128":{"start":{"line":129,"column":0},"end":{"line":129,"column":23}},"129":{"start":{"line":130,"column":0},"end":{"line":130,"column":0}},"130":{"start":{"line":131,"column":0},"end":{"line":131,"column":53}},"131":{"start":{"line":132,"column":0},"end":{"line":132,"column":45}},"132":{"start":{"line":133,"column":0},"end":{"line":133,"column":46}},"133":{"start":{"line":134,"column":0},"end":{"line":134,"column":29}},"134":{"start":{"line":135,"column":0},"end":{"line":135,"column":9}},"135":{"start":{"line":136,"column":0},"end":{"line":136,"column":6}},"136":{"start":{"line":137,"column":0},"end":{"line":137,"column":19}},"137":{"start":{"line":138,"column":0},"end":{"line":138,"column":4}},"138":{"start":{"line":139,"column":0},"end":{"line":139,"column":0}},"139":{"start":{"line":140,"column":0},"end":{"line":140,"column":5}},"140":{"start":{"line":141,"column":0},"end":{"line":141,"column":53}},"141":{"start":{"line":142,"column":0},"end":{"line":142,"column":5}},"142":{"start":{"line":143,"column":0},"end":{"line":143,"column":68}},"143":{"start":{"line":144,"column":0},"end":{"line":144,"column":5}},"144":{"start":{"line":145,"column":0},"end":{"line":145,"column":35}},"145":{"start":{"line":146,"column":0},"end":{"line":146,"column":30}},"146":{"start":{"line":147,"column":0},"end":{"line":147,"column":67}},"147":{"start":{"line":148,"column":0},"end":{"line":148,"column":20}},"148":{"start":{"line":149,"column":0},"end":{"line":149,"column":26}},"149":{"start":{"line":150,"column":0},"end":{"line":150,"column":45}},"150":{"start":{"line":151,"column":0},"end":{"line":151,"column":46}},"151":{"start":{"line":152,"column":0},"end":{"line":152,"column":7}},"152":{"start":{"line":153,"column":0},"end":{"line":153,"column":6}},"153":{"start":{"line":154,"column":0},"end":{"line":154,"column":19}},"154":{"start":{"line":155,"column":0},"end":{"line":155,"column":4}},"155":{"start":{"line":156,"column":0},"end":{"line":156,"column":0}},"156":{"start":{"line":157,"column":0},"end":{"line":157,"column":5}},"157":{"start":{"line":158,"column":0},"end":{"line":158,"column":56}},"158":{"start":{"line":159,"column":0},"end":{"line":159,"column":5}},"159":{"start":{"line":160,"column":0},"end":{"line":160,"column":63}},"160":{"start":{"line":161,"column":0},"end":{"line":161,"column":48}},"161":{"start":{"line":162,"column":0},"end":{"line":162,"column":109}},"162":{"start":{"line":163,"column":0},"end":{"line":163,"column":5}},"163":{"start":{"line":164,"column":0},"end":{"line":164,"column":34}},"164":{"start":{"line":165,"column":0},"end":{"line":165,"column":8}},"165":{"start":{"line":166,"column":0},"end":{"line":166,"column":17}},"166":{"start":{"line":167,"column":0},"end":{"line":167,"column":21}},"167":{"start":{"line":168,"column":0},"end":{"line":168,"column":25}},"168":{"start":{"line":169,"column":0},"end":{"line":169,"column":45}},"169":{"start":{"line":170,"column":0},"end":{"line":170,"column":13}},"170":{"start":{"line":171,"column":0},"end":{"line":171,"column":10}},"171":{"start":{"line":172,"column":0},"end":{"line":172,"column":34}},"172":{"start":{"line":173,"column":0},"end":{"line":173,"column":57}},"173":{"start":{"line":174,"column":0},"end":{"line":174,"column":7}},"174":{"start":{"line":175,"column":0},"end":{"line":175,"column":0}},"175":{"start":{"line":176,"column":0},"end":{"line":176,"column":54}},"176":{"start":{"line":177,"column":0},"end":{"line":177,"column":19}},"177":{"start":{"line":178,"column":0},"end":{"line":178,"column":24}},"178":{"start":{"line":179,"column":0},"end":{"line":179,"column":9}},"179":{"start":{"line":180,"column":0},"end":{"line":180,"column":0}},"180":{"start":{"line":181,"column":0},"end":{"line":181,"column":39}},"181":{"start":{"line":182,"column":0},"end":{"line":182,"column":43}},"182":{"start":{"line":183,"column":0},"end":{"line":183,"column":44}},"183":{"start":{"line":184,"column":0},"end":{"line":184,"column":6}},"184":{"start":{"line":185,"column":0},"end":{"line":185,"column":26}},"185":{"start":{"line":186,"column":0},"end":{"line":186,"column":4}},"186":{"start":{"line":187,"column":0},"end":{"line":187,"column":0}},"187":{"start":{"line":188,"column":0},"end":{"line":188,"column":5}},"188":{"start":{"line":189,"column":0},"end":{"line":189,"column":66}},"189":{"start":{"line":190,"column":0},"end":{"line":190,"column":5}},"190":{"start":{"line":191,"column":0},"end":{"line":191,"column":36}},"191":{"start":{"line":192,"column":0},"end":{"line":192,"column":24}},"192":{"start":{"line":193,"column":0},"end":{"line":193,"column":27}},"193":{"start":{"line":194,"column":0},"end":{"line":194,"column":41}},"194":{"start":{"line":195,"column":0},"end":{"line":195,"column":42}},"195":{"start":{"line":196,"column":0},"end":{"line":196,"column":26}},"196":{"start":{"line":197,"column":0},"end":{"line":197,"column":0}},"197":{"start":{"line":198,"column":0},"end":{"line":198,"column":10}},"198":{"start":{"line":199,"column":0},"end":{"line":199,"column":10}},"199":{"start":{"line":200,"column":0},"end":{"line":200,"column":26}},"200":{"start":{"line":201,"column":0},"end":{"line":201,"column":17}},"201":{"start":{"line":202,"column":0},"end":{"line":202,"column":16}},"202":{"start":{"line":203,"column":0},"end":{"line":203,"column":11}},"203":{"start":{"line":204,"column":0},"end":{"line":204,"column":12}},"204":{"start":{"line":205,"column":0},"end":{"line":205,"column":11}},"205":{"start":{"line":206,"column":0},"end":{"line":206,"column":13}},"206":{"start":{"line":207,"column":0},"end":{"line":207,"column":1}}},"s":{"0":1,"1":1,"2":1,"3":1,"4":1,"5":1,"6":1,"7":1,"8":1,"9":1,"10":1,"11":1,"12":1,"13":1,"14":1,"15":1,"16":1,"17":1,"18":1,"19":1,"20":1,"21":1,"22":1,"23":1,"24":1,"25":1,"26":1,"27":1,"28":1,"29":1,"30":1,"31":1,"32":1,"33":1,"34":1,"35":1,"36":1,"37":1,"38":1,"39":1,"40":1,"41":1,"42":1,"43":1,"44":1,"45":1,"46":1,"47":1,"48":1,"49":1,"50":1,"51":1,"52":1,"53":1,"54":1,"55":1,"56":1,"57":1,"58":1,"59":1,"60":1,"61":1,"62":1,"63":1,"64":1,"65":1,"66":1,"67":1,"68":1,"69":1,"70":1,"71":1,"72":1,"73":1,"74":1,"75":1,"76":1,"77":1,"78":1,"79":38,"80":38,"81":38,"82":38,"83":38,"84":38,"85":38,"86":38,"87":38,"88":38,"89":24,"90":24,"91":38,"92":38,"93":38,"94":38,"95":38,"96":38,"97":20,"98":20,"99":20,"100":20,"101":0,"102":0,"103":38,"104":38,"105":38,"106":38,"107":38,"108":38,"109":20,"110":20,"111":20,"112":20,"113":0,"114":0,"115":38,"116":38,"117":38,"118":38,"119":38,"120":38,"121":38,"122":38,"123":38,"124":4,"125":12,"126":12,"127":0,"128":12,"129":12,"130":12,"131":12,"132":12,"133":12,"134":4,"135":4,"136":38,"137":38,"138":38,"139":38,"140":38,"141":38,"142":38,"143":38,"144":38,"145":38,"146":3,"147":3,"148":1,"149":1,"150":1,"151":1,"152":3,"153":38,"154":38,"155":38,"156":38,"157":38,"158":38,"159":38,"160":38,"161":38,"162":38,"163":38,"164":38,"165":3,"166":3,"167":3,"168":3,"169":3,"170":3,"171":3,"172":0,"173":0,"174":3,"175":3,"176":3,"177":3,"178":3,"179":3,"180":3,"181":3,"182":3,"183":3,"184":38,"185":38,"186":38,"187":38,"188":38,"189":38,"190":38,"191":2,"192":2,"193":2,"194":2,"195":38,"196":38,"197":38,"198":38,"199":38,"200":38,"201":38,"202":38,"203":38,"204":38,"205":38,"206":38},"branchMap":{"0":{"type":"branch","line":79,"loc":{"start":{"line":79,"column":7},"end":{"line":207,"column":1}},"locations":[{"start":{"line":79,"column":7},"end":{"line":207,"column":1}}]},"1":{"type":"branch","line":89,"loc":{"start":{"line":89,"column":40},"end":{"line":92,"column":3}},"locations":[{"start":{"line":89,"column":40},"end":{"line":92,"column":3}}]},"2":{"type":"branch","line":91,"loc":{"start":{"line":91,"column":22},"end":{"line":91,"column":38}},"locations":[{"start":{"line":91,"column":22},"end":{"line":91,"column":38}}]},"3":{"type":"branch","line":91,"loc":{"start":{"line":91,"column":29},"end":{"line":91,"column":51}},"locations":[{"start":{"line":91,"column":29},"end":{"line":91,"column":51}}]},"4":{"type":"branch","line":97,"loc":{"start":{"line":97,"column":41},"end":{"line":104,"column":3}},"locations":[{"start":{"line":97,"column":41},"end":{"line":104,"column":3}}]},"5":{"type":"branch","line":101,"loc":{"start":{"line":101,"column":4},"end":{"line":103,"column":5}},"locations":[{"start":{"line":101,"column":4},"end":{"line":103,"column":5}}]},"6":{"type":"branch","line":109,"loc":{"start":{"line":109,"column":39},"end":{"line":116,"column":3}},"locations":[{"start":{"line":109,"column":39},"end":{"line":116,"column":3}}]},"7":{"type":"branch","line":112,"loc":{"start":{"line":112,"column":13},"end":{"line":112,"column":51}},"locations":[{"start":{"line":112,"column":13},"end":{"line":112,"column":51}}]},"8":{"type":"branch","line":112,"loc":{"start":{"line":112,"column":47},"end":{"line":112,"column":56}},"locations":[{"start":{"line":112,"column":47},"end":{"line":112,"column":56}}]},"9":{"type":"branch","line":113,"loc":{"start":{"line":113,"column":4},"end":{"line":115,"column":5}},"locations":[{"start":{"line":113,"column":4},"end":{"line":115,"column":5}}]},"10":{"type":"branch","line":124,"loc":{"start":{"line":124,"column":4},"end":{"line":136,"column":6}},"locations":[{"start":{"line":124,"column":4},"end":{"line":136,"column":6}}]},"11":{"type":"branch","line":125,"loc":{"start":{"line":125,"column":15},"end":{"line":135,"column":7}},"locations":[{"start":{"line":125,"column":15},"end":{"line":135,"column":7}}]},"12":{"type":"branch","line":127,"loc":{"start":{"line":127,"column":30},"end":{"line":128,"column":48}},"locations":[{"start":{"line":127,"column":30},"end":{"line":128,"column":48}}]},"13":{"type":"branch","line":146,"loc":{"start":{"line":146,"column":4},"end":{"line":153,"column":6}},"locations":[{"start":{"line":146,"column":4},"end":{"line":153,"column":6}}]},"14":{"type":"branch","line":148,"loc":{"start":{"line":148,"column":19},"end":{"line":152,"column":7}},"locations":[{"start":{"line":148,"column":19},"end":{"line":152,"column":7}}]},"15":{"type":"branch","line":165,"loc":{"start":{"line":165,"column":4},"end":{"line":184,"column":6}},"locations":[{"start":{"line":165,"column":4},"end":{"line":184,"column":6}}]},"16":{"type":"branch","line":172,"loc":{"start":{"line":172,"column":33},"end":{"line":174,"column":7}},"locations":[{"start":{"line":172,"column":33},"end":{"line":174,"column":7}}]},"17":{"type":"branch","line":191,"loc":{"start":{"line":191,"column":29},"end":{"line":196,"column":5}},"locations":[{"start":{"line":191,"column":29},"end":{"line":196,"column":5}}]}},"b":{"0":[38],"1":[24],"2":[16],"3":[4],"4":[20],"5":[0],"6":[20],"7":[7],"8":[13],"9":[0],"10":[4],"11":[12],"12":[0],"13":[3],"14":[1],"15":[3],"16":[0],"17":[2]},"fnMap":{"0":{"name":"useJSONStorage","decl":{"start":{"line":79,"column":7},"end":{"line":207,"column":1}},"loc":{"start":{"line":79,"column":7},"end":{"line":207,"column":1}},"line":79}},"f":{"0":38}}
,"/home/gfrancodev/Documentos/gfrancodev/uggy/uggy/packages/localstorage/src/hooks/use-lazy-storage.ts": {"path":"/home/gfrancodev/Documentos/gfrancodev/uggy/uggy/packages/localstorage/src/hooks/use-lazy-storage.ts","all":false,"statementMap":{"0":{"start":{"line":1,"column":0},"end":{"line":1,"column":54}},"1":{"start":{"line":2,"column":0},"end":{"line":2,"column":70}},"2":{"start":{"line":3,"column":0},"end":{"line":3,"column":56}},"3":{"start":{"line":4,"column":0},"end":{"line":4,"column":0}},"4":{"start":{"line":5,"column":0},"end":{"line":5,"column":3}},"5":{"start":{"line":6,"column":0},"end":{"line":6,"column":121}},"6":{"start":{"line":7,"column":0},"end":{"line":7,"column":3}},"7":{"start":{"line":8,"column":0},"end":{"line":8,"column":72}},"8":{"start":{"line":9,"column":0},"end":{"line":9,"column":65}},"9":{"start":{"line":10,"column":0},"end":{"line":10,"column":71}},"10":{"start":{"line":11,"column":0},"end":{"line":11,"column":68}},"11":{"start":{"line":12,"column":0},"end":{"line":12,"column":147}},"12":{"start":{"line":13,"column":0},"end":{"line":13,"column":3}},"13":{"start":{"line":14,"column":0},"end":{"line":14,"column":11}},"14":{"start":{"line":15,"column":0},"end":{"line":15,"column":9}},"15":{"start":{"line":16,"column":0},"end":{"line":16,"column":56}},"16":{"start":{"line":17,"column":0},"end":{"line":17,"column":3}},"17":{"start":{"line":18,"column":0},"end":{"line":18,"column":23}},"18":{"start":{"line":19,"column":0},"end":{"line":19,"column":18}},"19":{"start":{"line":20,"column":0},"end":{"line":20,"column":19}},"20":{"start":{"line":21,"column":0},"end":{"line":21,"column":16}},"21":{"start":{"line":22,"column":0},"end":{"line":22,"column":22}},"22":{"start":{"line":23,"column":0},"end":{"line":23,"column":20}},"23":{"start":{"line":24,"column":0},"end":{"line":24,"column":7}},"24":{"start":{"line":25,"column":0},"end":{"line":25,"column":4}},"25":{"start":{"line":26,"column":0},"end":{"line":26,"column":3}},"26":{"start":{"line":27,"column":0},"end":{"line":27,"column":27}},"27":{"start":{"line":28,"column":0},"end":{"line":28,"column":107}},"28":{"start":{"line":29,"column":0},"end":{"line":29,"column":22}},"29":{"start":{"line":30,"column":0},"end":{"line":30,"column":30}},"30":{"start":{"line":31,"column":0},"end":{"line":31,"column":7}},"31":{"start":{"line":32,"column":0},"end":{"line":32,"column":3}},"32":{"start":{"line":33,"column":0},"end":{"line":33,"column":38}},"33":{"start":{"line":34,"column":0},"end":{"line":34,"column":39}},"34":{"start":{"line":35,"column":0},"end":{"line":35,"column":33}},"35":{"start":{"line":36,"column":0},"end":{"line":36,"column":8}},"36":{"start":{"line":37,"column":0},"end":{"line":37,"column":7}},"37":{"start":{"line":38,"column":0},"end":{"line":38,"column":3}},"38":{"start":{"line":39,"column":0},"end":{"line":39,"column":13}},"39":{"start":{"line":40,"column":0},"end":{"line":40,"column":12}},"40":{"start":{"line":41,"column":0},"end":{"line":41,"column":33}},"41":{"start":{"line":42,"column":0},"end":{"line":42,"column":32}},"42":{"start":{"line":43,"column":0},"end":{"line":43,"column":38}},"43":{"start":{"line":44,"column":0},"end":{"line":44,"column":16}},"44":{"start":{"line":45,"column":0},"end":{"line":45,"column":46}},"45":{"start":{"line":46,"column":0},"end":{"line":46,"column":44}},"46":{"start":{"line":47,"column":0},"end":{"line":47,"column":17}},"47":{"start":{"line":48,"column":0},"end":{"line":48,"column":14}},"48":{"start":{"line":49,"column":0},"end":{"line":49,"column":68}},"49":{"start":{"line":50,"column":0},"end":{"line":50,"column":11}},"50":{"start":{"line":51,"column":0},"end":{"line":51,"column":73}},"51":{"start":{"line":52,"column":0},"end":{"line":52,"column":13}},"52":{"start":{"line":53,"column":0},"end":{"line":53,"column":7}},"53":{"start":{"line":54,"column":0},"end":{"line":54,"column":4}},"54":{"start":{"line":55,"column":0},"end":{"line":55,"column":6}},"55":{"start":{"line":56,"column":0},"end":{"line":56,"column":3}},"56":{"start":{"line":57,"column":0},"end":{"line":57,"column":49}},"57":{"start":{"line":58,"column":0},"end":{"line":58,"column":14}},"58":{"start":{"line":59,"column":0},"end":{"line":59,"column":18}},"59":{"start":{"line":60,"column":0},"end":{"line":60,"column":35}},"60":{"start":{"line":61,"column":0},"end":{"line":61,"column":3}},"61":{"start":{"line":62,"column":0},"end":{"line":62,"column":36}},"62":{"start":{"line":63,"column":0},"end":{"line":63,"column":0}},"63":{"start":{"line":64,"column":0},"end":{"line":64,"column":5}},"64":{"start":{"line":65,"column":0},"end":{"line":65,"column":69}},"65":{"start":{"line":66,"column":0},"end":{"line":66,"column":5}},"66":{"start":{"line":67,"column":0},"end":{"line":67,"column":47}},"67":{"start":{"line":68,"column":0},"end":{"line":68,"column":52}},"68":{"start":{"line":69,"column":0},"end":{"line":69,"column":51}},"69":{"start":{"line":70,"column":0},"end":{"line":70,"column":5}},"70":{"start":{"line":71,"column":0},"end":{"line":71,"column":0}},"71":{"start":{"line":72,"column":0},"end":{"line":72,"column":5}},"72":{"start":{"line":73,"column":0},"end":{"line":73,"column":50}},"73":{"start":{"line":74,"column":0},"end":{"line":74,"column":5}},"74":{"start":{"line":75,"column":0},"end":{"line":75,"column":49}},"75":{"start":{"line":76,"column":0},"end":{"line":76,"column":0}},"76":{"start":{"line":77,"column":0},"end":{"line":77,"column":5}},"77":{"start":{"line":78,"column":0},"end":{"line":78,"column":46}},"78":{"start":{"line":79,"column":0},"end":{"line":79,"column":5}},"79":{"start":{"line":80,"column":0},"end":{"line":80,"column":106}},"80":{"start":{"line":81,"column":0},"end":{"line":81,"column":5}},"81":{"start":{"line":82,"column":0},"end":{"line":82,"column":34}},"82":{"start":{"line":83,"column":0},"end":{"line":83,"column":41}},"83":{"start":{"line":84,"column":0},"end":{"line":84,"column":26}},"84":{"start":{"line":85,"column":0},"end":{"line":85,"column":29}},"85":{"start":{"line":86,"column":0},"end":{"line":86,"column":40}},"86":{"start":{"line":87,"column":0},"end":{"line":87,"column":48}},"87":{"start":{"line":88,"column":0},"end":{"line":88,"column":23}},"88":{"start":{"line":89,"column":0},"end":{"line":89,"column":0}},"89":{"start":{"line":90,"column":0},"end":{"line":90,"column":56}},"90":{"start":{"line":91,"column":0},"end":{"line":91,"column":26}},"91":{"start":{"line":92,"column":0},"end":{"line":92,"column":26}},"92":{"start":{"line":93,"column":0},"end":{"line":93,"column":10}},"93":{"start":{"line":94,"column":0},"end":{"line":94,"column":0}},"94":{"start":{"line":95,"column":0},"end":{"line":95,"column":45}},"95":{"start":{"line":96,"column":0},"end":{"line":96,"column":21}},"96":{"start":{"line":97,"column":0},"end":{"line":97,"column":65}},"97":{"start":{"line":98,"column":0},"end":{"line":98,"column":11}},"98":{"start":{"line":99,"column":0},"end":{"line":99,"column":0}},"99":{"start":{"line":100,"column":0},"end":{"line":100,"column":36}},"100":{"start":{"line":101,"column":0},"end":{"line":101,"column":55}},"101":{"start":{"line":102,"column":0},"end":{"line":102,"column":46}},"102":{"start":{"line":103,"column":0},"end":{"line":103,"column":56}},"103":{"start":{"line":104,"column":0},"end":{"line":104,"column":44}},"104":{"start":{"line":105,"column":0},"end":{"line":105,"column":11}},"105":{"start":{"line":106,"column":0},"end":{"line":106,"column":11}},"106":{"start":{"line":107,"column":0},"end":{"line":107,"column":0}},"107":{"start":{"line":108,"column":0},"end":{"line":108,"column":29}},"108":{"start":{"line":109,"column":0},"end":{"line":109,"column":9}},"109":{"start":{"line":110,"column":0},"end":{"line":110,"column":6}},"110":{"start":{"line":111,"column":0},"end":{"line":111,"column":19}},"111":{"start":{"line":112,"column":0},"end":{"line":112,"column":4}},"112":{"start":{"line":113,"column":0},"end":{"line":113,"column":0}},"113":{"start":{"line":114,"column":0},"end":{"line":114,"column":5}},"114":{"start":{"line":115,"column":0},"end":{"line":115,"column":52}},"115":{"start":{"line":116,"column":0},"end":{"line":116,"column":5}},"116":{"start":{"line":117,"column":0},"end":{"line":117,"column":41}},"117":{"start":{"line":118,"column":0},"end":{"line":118,"column":5}},"118":{"start":{"line":119,"column":0},"end":{"line":119,"column":35}},"119":{"start":{"line":120,"column":0},"end":{"line":120,"column":24}},"120":{"start":{"line":121,"column":0},"end":{"line":121,"column":45}},"121":{"start":{"line":122,"column":0},"end":{"line":122,"column":38}},"122":{"start":{"line":123,"column":0},"end":{"line":123,"column":40}},"123":{"start":{"line":124,"column":0},"end":{"line":124,"column":7}},"124":{"start":{"line":125,"column":0},"end":{"line":125,"column":6}},"125":{"start":{"line":126,"column":0},"end":{"line":126,"column":10}},"126":{"start":{"line":127,"column":0},"end":{"line":127,"column":4}},"127":{"start":{"line":128,"column":0},"end":{"line":128,"column":0}},"128":{"start":{"line":129,"column":0},"end":{"line":129,"column":5}},"129":{"start":{"line":130,"column":0},"end":{"line":130,"column":48}},"130":{"start":{"line":131,"column":0},"end":{"line":131,"column":5}},"131":{"start":{"line":132,"column":0},"end":{"line":132,"column":39}},"132":{"start":{"line":133,"column":0},"end":{"line":133,"column":65}},"133":{"start":{"line":134,"column":0},"end":{"line":134,"column":5}},"134":{"start":{"line":135,"column":0},"end":{"line":135,"column":36}},"135":{"start":{"line":136,"column":0},"end":{"line":136,"column":55}},"136":{"start":{"line":137,"column":0},"end":{"line":137,"column":7}},"137":{"start":{"line":138,"column":0},"end":{"line":138,"column":4}},"138":{"start":{"line":139,"column":0},"end":{"line":139,"column":0}},"139":{"start":{"line":140,"column":0},"end":{"line":140,"column":5}},"140":{"start":{"line":141,"column":0},"end":{"line":141,"column":61}},"141":{"start":{"line":142,"column":0},"end":{"line":142,"column":5}},"142":{"start":{"line":143,"column":0},"end":{"line":143,"column":36}},"143":{"start":{"line":144,"column":0},"end":{"line":144,"column":24}},"144":{"start":{"line":145,"column":0},"end":{"line":145,"column":27}},"145":{"start":{"line":146,"column":0},"end":{"line":146,"column":33}},"146":{"start":{"line":147,"column":0},"end":{"line":147,"column":26}},"147":{"start":{"line":148,"column":0},"end":{"line":148,"column":0}},"148":{"start":{"line":149,"column":0},"end":{"line":149,"column":10}},"149":{"start":{"line":150,"column":0},"end":{"line":150,"column":10}},"150":{"start":{"line":151,"column":0},"end":{"line":151,"column":26}},"151":{"start":{"line":152,"column":0},"end":{"line":152,"column":17}},"152":{"start":{"line":153,"column":0},"end":{"line":153,"column":18}},"153":{"start":{"line":154,"column":0},"end":{"line":154,"column":11}},"154":{"start":{"line":155,"column":0},"end":{"line":155,"column":13}},"155":{"start":{"line":156,"column":0},"end":{"line":156,"column":1}}},"s":{"0":1,"1":1,"2":1,"3":1,"4":1,"5":1,"6":1,"7":1,"8":1,"9":1,"10":1,"11":1,"12":1,"13":1,"14":1,"15":1,"16":1,"17":1,"18":1,"19":1,"20":1,"21":1,"22":1,"23":1,"24":1,"25":1,"26":1,"27":1,"28":1,"29":1,"30":1,"31":1,"32":1,"33":1,"34":1,"35":1,"36":1,"37":1,"38":1,"39":1,"40":1,"41":1,"42":1,"43":1,"44":1,"45":1,"46":1,"47":1,"48":1,"49":1,"50":1,"51":1,"52":1,"53":1,"54":1,"55":1,"56":1,"57":11,"58":11,"59":11,"60":11,"61":11,"62":11,"63":11,"64":11,"65":11,"66":11,"67":7,"68":7,"69":11,"70":11,"71":11,"72":11,"73":11,"74":11,"75":11,"76":11,"77":11,"78":11,"79":11,"80":11,"81":11,"82":11,"83":3,"84":3,"85":3,"86":1,"87":2,"88":3,"89":3,"90":3,"91":3,"92":3,"93":3,"94":3,"95":3,"96":3,"97":3,"98":3,"99":3,"100":3,"101":6,"102":6,"103":6,"104":6,"105":3,"106":3,"107":3,"108":3,"109":3,"110":11,"111":11,"112":11,"113":11,"114":11,"115":11,"116":11,"117":11,"118":11,"119":11,"120":1,"121":1,"122":1,"123":1,"124":1,"125":11,"126":11,"127":11,"128":11,"129":11,"130":11,"131":11,"132":11,"133":11,"134":11,"135":11,"136":11,"137":11,"138":11,"139":11,"140":11,"141":11,"142":11,"143":1,"144":1,"145":1,"146":11,"147":11,"148":11,"149":11,"150":11,"151":11,"152":11,"153":11,"154":11,"155":11},"branchMap":{"0":{"type":"branch","line":57,"loc":{"start":{"line":57,"column":7},"end":{"line":156,"column":1}},"locations":[{"start":{"line":57,"column":7},"end":{"line":156,"column":1}}]},"1":{"type":"branch","line":67,"loc":{"start":{"line":67,"column":40},"end":{"line":70,"column":3}},"locations":[{"start":{"line":67,"column":40},"end":{"line":70,"column":3}}]},"2":{"type":"branch","line":69,"loc":{"start":{"line":69,"column":22},"end":{"line":69,"column":38}},"locations":[{"start":{"line":69,"column":22},"end":{"line":69,"column":38}}]},"3":{"type":"branch","line":69,"loc":{"start":{"line":69,"column":29},"end":{"line":69,"column":51}},"locations":[{"start":{"line":69,"column":29},"end":{"line":69,"column":51}}]},"4":{"type":"branch","line":83,"loc":{"start":{"line":83,"column":4},"end":{"line":110,"column":6}},"locations":[{"start":{"line":83,"column":4},"end":{"line":110,"column":6}}]},"5":{"type":"branch","line":84,"loc":{"start":{"line":84,"column":15},"end":{"line":109,"column":7}},"locations":[{"start":{"line":84,"column":15},"end":{"line":109,"column":7}}]},"6":{"type":"branch","line":86,"loc":{"start":{"line":86,"column":30},"end":{"line":87,"column":48}},"locations":[{"start":{"line":86,"column":30},"end":{"line":87,"column":48}}]},"7":{"type":"branch","line":87,"loc":{"start":{"line":87,"column":47},"end":{"line":88,"column":23}},"locations":[{"start":{"line":87,"column":47},"end":{"line":88,"column":23}}]},"8":{"type":"branch","line":97,"loc":{"start":{"line":97,"column":31},"end":{"line":97,"column":65}},"locations":[{"start":{"line":97,"column":31},"end":{"line":97,"column":65}}]},"9":{"type":"branch","line":101,"loc":{"start":{"line":101,"column":43},"end":{"line":106,"column":9}},"locations":[{"start":{"line":101,"column":43},"end":{"line":106,"column":9}}]},"10":{"type":"branch","line":120,"loc":{"start":{"line":120,"column":4},"end":{"line":125,"column":6}},"locations":[{"start":{"line":120,"column":4},"end":{"line":125,"column":6}}]},"11":{"type":"branch","line":136,"loc":{"start":{"line":136,"column":4},"end":{"line":136,"column":55}},"locations":[{"start":{"line":136,"column":4},"end":{"line":136,"column":55}}]},"12":{"type":"branch","line":143,"loc":{"start":{"line":143,"column":29},"end":{"line":147,"column":5}},"locations":[{"start":{"line":143,"column":29},"end":{"line":147,"column":5}}]}},"b":{"0":[11],"1":[7],"2":[6],"3":[1],"4":[3],"5":[3],"6":[1],"7":[2],"8":[0],"9":[6],"10":[1],"11":[4],"12":[1]},"fnMap":{"0":{"name":"useLazyStorage","decl":{"start":{"line":57,"column":7},"end":{"line":156,"column":1}},"loc":{"start":{"line":57,"column":7},"end":{"line":156,"column":1}},"line":57}},"f":{"0":11}}
,"/home/gfrancodev/Documentos/gfrancodev/uggy/uggy/packages/localstorage/src/hooks/use-storage.ts": {"path":"/home/gfrancodev/Documentos/gfrancodev/uggy/uggy/packages/localstorage/src/hooks/use-storage.ts","all":false,"statementMap":{"0":{"start":{"line":1,"column":0},"end":{"line":1,"column":46}},"1":{"start":{"line":2,"column":0},"end":{"line":2,"column":51}},"2":{"start":{"line":3,"column":0},"end":{"line":3,"column":52}},"3":{"start":{"line":4,"column":0},"end":{"line":4,"column":0}},"4":{"start":{"line":5,"column":0},"end":{"line":5,"column":3}},"5":{"start":{"line":6,"column":0},"end":{"line":6,"column":89}},"6":{"start":{"line":7,"column":0},"end":{"line":7,"column":3}},"7":{"start":{"line":8,"column":0},"end":{"line":8,"column":47}},"8":{"start":{"line":9,"column":0},"end":{"line":9,"column":65}},"9":{"start":{"line":10,"column":0},"end":{"line":10,"column":71}},"10":{"start":{"line":11,"column":0},"end":{"line":11,"column":68}},"11":{"start":{"line":12,"column":0},"end":{"line":12,"column":103}},"12":{"start":{"line":13,"column":0},"end":{"line":13,"column":3}},"13":{"start":{"line":14,"column":0},"end":{"line":14,"column":11}},"14":{"start":{"line":15,"column":0},"end":{"line":15,"column":9}},"15":{"start":{"line":16,"column":0},"end":{"line":16,"column":53}},"16":{"start":{"line":17,"column":0},"end":{"line":17,"column":3}},"17":{"start":{"line":18,"column":0},"end":{"line":18,"column":29}},"18":{"start":{"line":19,"column":0},"end":{"line":19,"column":75}},"19":{"start":{"line":20,"column":0},"end":{"line":20,"column":3}},"20":{"start":{"line":21,"column":0},"end":{"line":21,"column":49}},"21":{"start":{"line":22,"column":0},"end":{"line":22,"column":53}},"22":{"start":{"line":23,"column":0},"end":{"line":23,"column":32}},"23":{"start":{"line":24,"column":0},"end":{"line":24,"column":7}},"24":{"start":{"line":25,"column":0},"end":{"line":25,"column":3}},"25":{"start":{"line":26,"column":0},"end":{"line":26,"column":33}},"26":{"start":{"line":27,"column":0},"end":{"line":27,"column":21}},"27":{"start":{"line":28,"column":0},"end":{"line":28,"column":7}},"28":{"start":{"line":29,"column":0},"end":{"line":29,"column":3}},"29":{"start":{"line":30,"column":0},"end":{"line":30,"column":13}},"30":{"start":{"line":31,"column":0},"end":{"line":31,"column":12}},"31":{"start":{"line":32,"column":0},"end":{"line":32,"column":19}},"32":{"start":{"line":33,"column":0},"end":{"line":33,"column":13}},"33":{"start":{"line":34,"column":0},"end":{"line":34,"column":53}},"34":{"start":{"line":35,"column":0},"end":{"line":35,"column":59}},"35":{"start":{"line":36,"column":0},"end":{"line":36,"column":14}},"36":{"start":{"line":37,"column":0},"end":{"line":37,"column":14}},"37":{"start":{"line":38,"column":0},"end":{"line":38,"column":47}},"38":{"start":{"line":39,"column":0},"end":{"line":39,"column":11}},"39":{"start":{"line":40,"column":0},"end":{"line":40,"column":13}},"40":{"start":{"line":41,"column":0},"end":{"line":41,"column":7}},"41":{"start":{"line":42,"column":0},"end":{"line":42,"column":4}},"42":{"start":{"line":43,"column":0},"end":{"line":43,"column":6}},"43":{"start":{"line":44,"column":0},"end":{"line":44,"column":3}},"44":{"start":{"line":45,"column":0},"end":{"line":45,"column":30}},"45":{"start":{"line":46,"column":0},"end":{"line":46,"column":14}},"46":{"start":{"line":47,"column":0},"end":{"line":47,"column":18}},"47":{"start":{"line":48,"column":0},"end":{"line":48,"column":31}},"48":{"start":{"line":49,"column":0},"end":{"line":49,"column":3}},"49":{"start":{"line":50,"column":0},"end":{"line":50,"column":37}},"50":{"start":{"line":51,"column":0},"end":{"line":51,"column":0}},"51":{"start":{"line":52,"column":0},"end":{"line":52,"column":5}},"52":{"start":{"line":53,"column":0},"end":{"line":53,"column":69}},"53":{"start":{"line":54,"column":0},"end":{"line":54,"column":5}},"54":{"start":{"line":55,"column":0},"end":{"line":55,"column":47}},"55":{"start":{"line":56,"column":0},"end":{"line":56,"column":39}},"56":{"start":{"line":57,"column":0},"end":{"line":57,"column":51}},"57":{"start":{"line":58,"column":0},"end":{"line":58,"column":5}},"58":{"start":{"line":59,"column":0},"end":{"line":59,"column":0}},"59":{"start":{"line":60,"column":0},"end":{"line":60,"column":5}},"60":{"start":{"line":61,"column":0},"end":{"line":61,"column":46}},"61":{"start":{"line":62,"column":0},"end":{"line":62,"column":5}},"62":{"start":{"line":63,"column":0},"end":{"line":63,"column":106}},"63":{"start":{"line":64,"column":0},"end":{"line":64,"column":5}},"64":{"start":{"line":65,"column":0},"end":{"line":65,"column":34}},"65":{"start":{"line":66,"column":0},"end":{"line":66,"column":41}},"66":{"start":{"line":67,"column":0},"end":{"line":67,"column":26}},"67":{"start":{"line":68,"column":0},"end":{"line":68,"column":29}},"68":{"start":{"line":69,"column":0},"end":{"line":69,"column":40}},"69":{"start":{"line":70,"column":0},"end":{"line":70,"column":48}},"70":{"start":{"line":71,"column":0},"end":{"line":71,"column":23}},"71":{"start":{"line":72,"column":0},"end":{"line":72,"column":0}},"72":{"start":{"line":73,"column":0},"end":{"line":73,"column":41}},"73":{"start":{"line":74,"column":0},"end":{"line":74,"column":21}},"74":{"start":{"line":75,"column":0},"end":{"line":75,"column":19}},"75":{"start":{"line":76,"column":0},"end":{"line":76,"column":31}},"76":{"start":{"line":77,"column":0},"end":{"line":77,"column":75}},"77":{"start":{"line":78,"column":0},"end":{"line":78,"column":11}},"78":{"start":{"line":79,"column":0},"end":{"line":79,"column":29}},"79":{"start":{"line":80,"column":0},"end":{"line":80,"column":9}},"80":{"start":{"line":81,"column":0},"end":{"line":81,"column":6}},"81":{"start":{"line":82,"column":0},"end":{"line":82,"column":19}},"82":{"start":{"line":83,"column":0},"end":{"line":83,"column":4}},"83":{"start":{"line":84,"column":0},"end":{"line":84,"column":0}},"84":{"start":{"line":85,"column":0},"end":{"line":85,"column":5}},"85":{"start":{"line":86,"column":0},"end":{"line":86,"column":49}},"86":{"start":{"line":87,"column":0},"end":{"line":87,"column":5}},"87":{"start":{"line":88,"column":0},"end":{"line":88,"column":68}},"88":{"start":{"line":89,"column":0},"end":{"line":89,"column":5}},"89":{"start":{"line":90,"column":0},"end":{"line":90,"column":35}},"90":{"start":{"line":91,"column":0},"end":{"line":91,"column":30}},"91":{"start":{"line":92,"column":0},"end":{"line":92,"column":26}},"92":{"start":{"line":93,"column":0},"end":{"line":93,"column":53}},"93":{"start":{"line":94,"column":0},"end":{"line":94,"column":40}},"94":{"start":{"line":95,"column":0},"end":{"line":95,"column":21}},"95":{"start":{"line":96,"column":0},"end":{"line":96,"column":19}},"96":{"start":{"line":97,"column":0},"end":{"line":97,"column":31}},"97":{"start":{"line":98,"column":0},"end":{"line":98,"column":73}},"98":{"start":{"line":99,"column":0},"end":{"line":99,"column":11}},"99":{"start":{"line":100,"column":0},"end":{"line":100,"column":28}},"100":{"start":{"line":101,"column":0},"end":{"line":101,"column":9}},"101":{"start":{"line":102,"column":0},"end":{"line":102,"column":6}},"102":{"start":{"line":103,"column":0},"end":{"line":103,"column":19}},"103":{"start":{"line":104,"column":0},"end":{"line":104,"column":4}},"104":{"start":{"line":105,"column":0},"end":{"line":105,"column":0}},"105":{"start":{"line":106,"column":0},"end":{"line":106,"column":5}},"106":{"start":{"line":107,"column":0},"end":{"line":107,"column":61}},"107":{"start":{"line":108,"column":0},"end":{"line":108,"column":5}},"108":{"start":{"line":109,"column":0},"end":{"line":109,"column":36}},"109":{"start":{"line":110,"column":0},"end":{"line":110,"column":24}},"110":{"start":{"line":111,"column":0},"end":{"line":111,"column":27}},"111":{"start":{"line":112,"column":0},"end":{"line":112,"column":26}},"112":{"start":{"line":113,"column":0},"end":{"line":113,"column":0}},"113":{"start":{"line":114,"column":0},"end":{"line":114,"column":10}},"114":{"start":{"line":115,"column":0},"end":{"line":115,"column":10}},"115":{"start":{"line":116,"column":0},"end":{"line":116,"column":26}},"116":{"start":{"line":117,"column":0},"end":{"line":117,"column":17}},"117":{"start":{"line":118,"column":0},"end":{"line":118,"column":11}},"118":{"start":{"line":119,"column":0},"end":{"line":119,"column":13}},"119":{"start":{"line":120,"column":0},"end":{"line":120,"column":1}}},"s":{"0":1,"1":1,"2":1,"3":1,"4":1,"5":1,"6":1,"7":1,"8":1,"9":1,"10":1,"11":1,"12":1,"13":1,"14":1,"15":1,"16":1,"17":1,"18":1,"19":1,"20":1,"21":1,"22":1,"23":1,"24":1,"25":1,"26":1,"27":1,"28":1,"29":1,"30":1,"31":1,"32":1,"33":1,"34":1,"35":1,"36":1,"37":1,"38":1,"39":1,"40":1,"41":1,"42":1,"43":1,"44":1,"45":12,"46":12,"47":12,"48":12,"49":12,"50":12,"51":12,"52":12,"53":12,"54":12,"55":7,"56":7,"57":12,"58":12,"59":12,"60":12,"61":12,"62":12,"63":12,"64":12,"65":12,"66":3,"67":3,"68":3,"69":1,"70":2,"71":3,"72":3,"73":3,"74":3,"75":3,"76":1,"77":3,"78":3,"79":3,"80":3,"81":12,"82":12,"83":12,"84":12,"85":12,"86":12,"87":12,"88":12,"89":12,"90":12,"91":1,"92":1,"93":1,"94":1,"95":1,"96":1,"97":0,"98":1,"99":1,"100":1,"101":1,"102":12,"103":12,"104":12,"105":12,"106":12,"107":12,"108":12,"109":1,"110":1,"111":12,"112":12,"113":12,"114":12,"115":12,"116":12,"117":12,"118":12,"119":12},"branchMap":{"0":{"type":"branch","line":45,"loc":{"start":{"line":45,"column":7},"end":{"line":120,"column":1}},"locations":[{"start":{"line":45,"column":7},"end":{"line":120,"column":1}}]},"1":{"type":"branch","line":55,"loc":{"start":{"line":55,"column":40},"end":{"line":58,"column":3}},"locations":[{"start":{"line":55,"column":40},"end":{"line":58,"column":3}}]},"2":{"type":"branch","line":57,"loc":{"start":{"line":57,"column":22},"end":{"line":57,"column":38}},"locations":[{"start":{"line":57,"column":22},"end":{"line":57,"column":38}}]},"3":{"type":"branch","line":57,"loc":{"start":{"line":57,"column":29},"end":{"line":57,"column":51}},"locations":[{"start":{"line":57,"column":29},"end":{"line":57,"column":51}}]},"4":{"type":"branch","line":66,"loc":{"start":{"line":66,"column":4},"end":{"line":81,"column":6}},"locations":[{"start":{"line":66,"column":4},"end":{"line":81,"column":6}}]},"5":{"type":"branch","line":67,"loc":{"start":{"line":67,"column":15},"end":{"line":80,"column":7}},"locations":[{"start":{"line":67,"column":15},"end":{"line":80,"column":7}}]},"6":{"type":"branch","line":69,"loc":{"start":{"line":69,"column":30},"end":{"line":70,"column":48}},"locations":[{"start":{"line":69,"column":30},"end":{"line":70,"column":48}}]},"7":{"type":"branch","line":70,"loc":{"start":{"line":70,"column":47},"end":{"line":71,"column":23}},"locations":[{"start":{"line":70,"column":47},"end":{"line":71,"column":23}}]},"8":{"type":"branch","line":76,"loc":{"start":{"line":76,"column":20},"end":{"line":77,"column":75}},"locations":[{"start":{"line":76,"column":20},"end":{"line":77,"column":75}}]},"9":{"type":"branch","line":91,"loc":{"start":{"line":91,"column":4},"end":{"line":102,"column":6}},"locations":[{"start":{"line":91,"column":4},"end":{"line":102,"column":6}}]},"10":{"type":"branch","line":92,"loc":{"start":{"line":92,"column":15},"end":{"line":101,"column":7}},"locations":[{"start":{"line":92,"column":15},"end":{"line":101,"column":7}}]},"11":{"type":"branch","line":97,"loc":{"start":{"line":97,"column":20},"end":{"line":98,"column":73}},"locations":[{"start":{"line":97,"column":20},"end":{"line":98,"column":73}}]},"12":{"type":"branch","line":109,"loc":{"start":{"line":109,"column":29},"end":{"line":112,"column":5}},"locations":[{"start":{"line":109,"column":29},"end":{"line":112,"column":5}}]}},"b":{"0":[12],"1":[7],"2":[6],"3":[1],"4":[3],"5":[3],"6":[1],"7":[2],"8":[1],"9":[1],"10":[1],"11":[0],"12":[1]},"fnMap":{"0":{"name":"useStorage","decl":{"start":{"line":45,"column":7},"end":{"line":120,"column":1}},"loc":{"start":{"line":45,"column":7},"end":{"line":120,"column":1}},"line":45}},"f":{"0":12}}
,"/home/gfrancodev/Documentos/gfrancodev/uggy/uggy/packages/localstorage/src/lib/json-storage.ts": {"path":"/home/gfrancodev/Documentos/gfrancodev/uggy/uggy/packages/localstorage/src/lib/json-storage.ts","all":false,"statementMap":{"0":{"start":{"line":1,"column":0},"end":{"line":1,"column":46}},"1":{"start":{"line":2,"column":0},"end":{"line":2,"column":56}},"2":{"start":{"line":3,"column":0},"end":{"line":3,"column":0}},"3":{"start":{"line":4,"column":0},"end":{"line":4,"column":47}},"4":{"start":{"line":5,"column":0},"end":{"line":5,"column":41}},"5":{"start":{"line":6,"column":0},"end":{"line":6,"column":18}},"6":{"start":{"line":7,"column":0},"end":{"line":7,"column":3}},"7":{"start":{"line":8,"column":0},"end":{"line":8,"column":0}},"8":{"start":{"line":9,"column":0},"end":{"line":9,"column":28}},"9":{"start":{"line":10,"column":0},"end":{"line":10,"column":16}},"10":{"start":{"line":11,"column":0},"end":{"line":11,"column":13}},"11":{"start":{"line":12,"column":0},"end":{"line":12,"column":37}},"12":{"start":{"line":13,"column":0},"end":{"line":13,"column":11}},"13":{"start":{"line":14,"column":0},"end":{"line":14,"column":9}},"14":{"start":{"line":15,"column":0},"end":{"line":15,"column":62}},"15":{"start":{"line":16,"column":0},"end":{"line":16,"column":40}},"16":{"start":{"line":17,"column":0},"end":{"line":17,"column":14}},"17":{"start":{"line":18,"column":0},"end":{"line":18,"column":17}},"18":{"start":{"line":19,"column":0},"end":{"line":19,"column":31}},"19":{"start":{"line":20,"column":0},"end":{"line":20,"column":8}},"20":{"start":{"line":21,"column":0},"end":{"line":21,"column":49}},"21":{"start":{"line":22,"column":0},"end":{"line":22,"column":21}},"22":{"start":{"line":23,"column":0},"end":{"line":23,"column":68}},"23":{"start":{"line":24,"column":0},"end":{"line":24,"column":55}},"24":{"start":{"line":25,"column":0},"end":{"line":25,"column":5}},"25":{"start":{"line":26,"column":0},"end":{"line":26,"column":3}},"26":{"start":{"line":27,"column":0},"end":{"line":27,"column":0}},"27":{"start":{"line":28,"column":0},"end":{"line":28,"column":28}},"28":{"start":{"line":29,"column":0},"end":{"line":29,"column":16}},"29":{"start":{"line":30,"column":0},"end":{"line":30,"column":58}},"30":{"start":{"line":31,"column":0},"end":{"line":31,"column":15}},"31":{"start":{"line":32,"column":0},"end":{"line":32,"column":9}},"32":{"start":{"line":33,"column":0},"end":{"line":33,"column":43}},"33":{"start":{"line":34,"column":0},"end":{"line":34,"column":62}},"34":{"start":{"line":35,"column":0},"end":{"line":35,"column":21}},"35":{"start":{"line":36,"column":0},"end":{"line":36,"column":64}},"36":{"start":{"line":37,"column":0},"end":{"line":37,"column":18}},"37":{"start":{"line":38,"column":0},"end":{"line":38,"column":5}},"38":{"start":{"line":39,"column":0},"end":{"line":39,"column":3}},"39":{"start":{"line":40,"column":0},"end":{"line":40,"column":0}},"40":{"start":{"line":41,"column":0},"end":{"line":41,"column":31}},"41":{"start":{"line":42,"column":0},"end":{"line":42,"column":16}},"42":{"start":{"line":43,"column":0},"end":{"line":43,"column":24}},"43":{"start":{"line":44,"column":0},"end":{"line":44,"column":37}},"44":{"start":{"line":45,"column":0},"end":{"line":45,"column":15}},"45":{"start":{"line":46,"column":0},"end":{"line":46,"column":9}},"46":{"start":{"line":47,"column":0},"end":{"line":47,"column":78}},"47":{"start":{"line":48,"column":0},"end":{"line":48,"column":37}},"48":{"start":{"line":49,"column":0},"end":{"line":49,"column":0}},"49":{"start":{"line":50,"column":0},"end":{"line":50,"column":59}},"50":{"start":{"line":51,"column":0},"end":{"line":51,"column":47}},"51":{"start":{"line":52,"column":0},"end":{"line":52,"column":26}},"52":{"start":{"line":53,"column":0},"end":{"line":53,"column":21}},"53":{"start":{"line":54,"column":0},"end":{"line":54,"column":65}},"54":{"start":{"line":55,"column":0},"end":{"line":55,"column":18}},"55":{"start":{"line":56,"column":0},"end":{"line":56,"column":5}},"56":{"start":{"line":57,"column":0},"end":{"line":57,"column":3}},"57":{"start":{"line":58,"column":0},"end":{"line":58,"column":0}},"58":{"start":{"line":59,"column":0},"end":{"line":59,"column":17}},"59":{"start":{"line":60,"column":0},"end":{"line":60,"column":16}},"60":{"start":{"line":61,"column":0},"end":{"line":61,"column":18}},"61":{"start":{"line":62,"column":0},"end":{"line":62,"column":35}},"62":{"start":{"line":63,"column":0},"end":{"line":63,"column":23}},"63":{"start":{"line":64,"column":0},"end":{"line":64,"column":43}},"64":{"start":{"line":65,"column":0},"end":{"line":65,"column":11}},"65":{"start":{"line":66,"column":0},"end":{"line":66,"column":10}},"66":{"start":{"line":67,"column":0},"end":{"line":67,"column":9}},"67":{"start":{"line":68,"column":0},"end":{"line":68,"column":26}},"68":{"start":{"line":69,"column":0},"end":{"line":69,"column":67}},"69":{"start":{"line":70,"column":0},"end":{"line":70,"column":55}},"70":{"start":{"line":71,"column":0},"end":{"line":71,"column":0}},"71":{"start":{"line":72,"column":0},"end":{"line":72,"column":27}},"72":{"start":{"line":73,"column":0},"end":{"line":73,"column":40}},"73":{"start":{"line":74,"column":0},"end":{"line":74,"column":31}},"74":{"start":{"line":75,"column":0},"end":{"line":75,"column":36}},"75":{"start":{"line":76,"column":0},"end":{"line":76,"column":25}},"76":{"start":{"line":77,"column":0},"end":{"line":77,"column":76}},"77":{"start":{"line":78,"column":0},"end":{"line":78,"column":13}},"78":{"start":{"line":79,"column":0},"end":{"line":79,"column":45}},"79":{"start":{"line":80,"column":0},"end":{"line":80,"column":7}},"80":{"start":{"line":81,"column":0},"end":{"line":81,"column":0}},"81":{"start":{"line":82,"column":0},"end":{"line":82,"column":46}},"82":{"start":{"line":83,"column":0},"end":{"line":83,"column":25}},"83":{"start":{"line":84,"column":0},"end":{"line":84,"column":21}},"84":{"start":{"line":85,"column":0},"end":{"line":85,"column":66}},"85":{"start":{"line":86,"column":0},"end":{"line":86,"column":16}},"86":{"start":{"line":87,"column":0},"end":{"line":87,"column":5}},"87":{"start":{"line":88,"column":0},"end":{"line":88,"column":3}},"88":{"start":{"line":89,"column":0},"end":{"line":89,"column":0}},"89":{"start":{"line":90,"column":0},"end":{"line":90,"column":37}},"90":{"start":{"line":91,"column":0},"end":{"line":91,"column":9}},"91":{"start":{"line":92,"column":0},"end":{"line":92,"column":43}},"92":{"start":{"line":93,"column":0},"end":{"line":93,"column":31}},"93":{"start":{"line":94,"column":0},"end":{"line":94,"column":24}},"94":{"start":{"line":95,"column":0},"end":{"line":95,"column":18}},"95":{"start":{"line":96,"column":0},"end":{"line":96,"column":13}},"96":{"start":{"line":97,"column":0},"end":{"line":97,"column":19}},"97":{"start":{"line":98,"column":0},"end":{"line":98,"column":5}},"98":{"start":{"line":99,"column":0},"end":{"line":99,"column":3}},"99":{"start":{"line":100,"column":0},"end":{"line":100,"column":0}},"100":{"start":{"line":101,"column":0},"end":{"line":101,"column":45}},"101":{"start":{"line":102,"column":0},"end":{"line":102,"column":9}},"102":{"start":{"line":103,"column":0},"end":{"line":103,"column":38}},"103":{"start":{"line":104,"column":0},"end":{"line":104,"column":30}},"104":{"start":{"line":105,"column":0},"end":{"line":105,"column":0}},"105":{"start":{"line":106,"column":0},"end":{"line":106,"column":43}},"106":{"start":{"line":107,"column":0},"end":{"line":107,"column":74}},"107":{"start":{"line":108,"column":0},"end":{"line":108,"column":0}},"108":{"start":{"line":109,"column":0},"end":{"line":109,"column":49}},"109":{"start":{"line":110,"column":0},"end":{"line":110,"column":52}},"110":{"start":{"line":111,"column":0},"end":{"line":111,"column":40}},"111":{"start":{"line":112,"column":0},"end":{"line":112,"column":0}},"112":{"start":{"line":113,"column":0},"end":{"line":113,"column":62}},"113":{"start":{"line":114,"column":0},"end":{"line":114,"column":13}},"114":{"start":{"line":115,"column":0},"end":{"line":115,"column":28}},"115":{"start":{"line":116,"column":0},"end":{"line":116,"column":70}},"116":{"start":{"line":117,"column":0},"end":{"line":117,"column":13}},"117":{"start":{"line":118,"column":0},"end":{"line":118,"column":13}},"118":{"start":{"line":119,"column":0},"end":{"line":119,"column":29}},"119":{"start":{"line":120,"column":0},"end":{"line":120,"column":45}},"120":{"start":{"line":121,"column":0},"end":{"line":121,"column":73}},"121":{"start":{"line":122,"column":0},"end":{"line":122,"column":16}},"122":{"start":{"line":123,"column":0},"end":{"line":123,"column":14}},"123":{"start":{"line":124,"column":0},"end":{"line":124,"column":0}},"124":{"start":{"line":125,"column":0},"end":{"line":125,"column":22}},"125":{"start":{"line":126,"column":0},"end":{"line":126,"column":8}},"126":{"start":{"line":127,"column":0},"end":{"line":127,"column":0}},"127":{"start":{"line":128,"column":0},"end":{"line":128,"column":32}},"128":{"start":{"line":129,"column":0},"end":{"line":129,"column":21}},"129":{"start":{"line":130,"column":0},"end":{"line":130,"column":71}},"130":{"start":{"line":131,"column":0},"end":{"line":131,"column":18}},"131":{"start":{"line":132,"column":0},"end":{"line":132,"column":5}},"132":{"start":{"line":133,"column":0},"end":{"line":133,"column":3}},"133":{"start":{"line":134,"column":0},"end":{"line":134,"column":1}}},"s":{"0":1,"1":1,"2":1,"3":1,"4":1,"5":47,"6":47,"7":1,"8":1,"9":30,"10":30,"11":30,"12":30,"13":30,"14":30,"15":30,"16":30,"17":30,"18":30,"19":30,"20":30,"21":30,"22":1,"23":1,"24":1,"25":30,"26":1,"27":1,"28":38,"29":38,"30":38,"31":38,"32":38,"33":38,"34":38,"35":3,"36":3,"37":3,"38":38,"39":1,"40":1,"41":3,"42":3,"43":3,"44":3,"45":3,"46":3,"47":3,"48":1,"49":1,"50":1,"51":1,"52":1,"53":1,"54":1,"55":1,"56":3,"57":1,"58":1,"59":5,"60":5,"61":5,"62":5,"63":5,"64":5,"65":5,"66":5,"67":5,"68":5,"69":5,"70":5,"71":5,"72":2,"73":1,"74":1,"75":4,"76":4,"77":1,"78":1,"79":2,"80":4,"81":4,"82":4,"83":5,"84":1,"85":1,"86":1,"87":5,"88":1,"89":1,"90":3,"91":3,"92":3,"93":2,"94":2,"95":3,"96":1,"97":1,"98":3,"99":1,"100":1,"101":8,"102":8,"103":8,"104":5,"105":5,"106":9,"107":5,"108":5,"109":15,"110":15,"111":6,"112":6,"113":2,"114":2,"115":2,"116":2,"117":4,"118":4,"119":4,"120":4,"121":4,"122":4,"123":15,"124":15,"125":15,"126":5,"127":5,"128":8,"129":1,"130":1,"131":1,"132":8,"133":1},"branchMap":{"0":{"type":"branch","line":5,"loc":{"start":{"line":5,"column":2},"end":{"line":7,"column":3}},"locations":[{"start":{"line":5,"column":2},"end":{"line":7,"column":3}}]},"1":{"type":"branch","line":9,"loc":{"start":{"line":9,"column":2},"end":{"line":26,"column":3}},"locations":[{"start":{"line":9,"column":2},"end":{"line":26,"column":3}}]},"2":{"type":"branch","line":19,"loc":{"start":{"line":19,"column":8},"end":{"line":19,"column":21}},"locations":[{"start":{"line":19,"column":8},"end":{"line":19,"column":21}}]},"3":{"type":"branch","line":19,"loc":{"start":{"line":19,"column":17},"end":{"line":19,"column":31}},"locations":[{"start":{"line":19,"column":17},"end":{"line":19,"column":31}}]},"4":{"type":"branch","line":22,"loc":{"start":{"line":22,"column":4},"end":{"line":25,"column":5}},"locations":[{"start":{"line":22,"column":4},"end":{"line":25,"column":5}}]},"5":{"type":"branch","line":28,"loc":{"start":{"line":28,"column":2},"end":{"line":39,"column":3}},"locations":[{"start":{"line":28,"column":2},"end":{"line":39,"column":3}}]},"6":{"type":"branch","line":34,"loc":{"start":{"line":34,"column":13},"end":{"line":34,"column":57}},"locations":[{"start":{"line":34,"column":13},"end":{"line":34,"column":57}}]},"7":{"type":"branch","line":34,"loc":{"start":{"line":34,"column":47},"end":{"line":34,"column":62}},"locations":[{"start":{"line":34,"column":47},"end":{"line":34,"column":62}}]},"8":{"type":"branch","line":35,"loc":{"start":{"line":35,"column":4},"end":{"line":38,"column":5}},"locations":[{"start":{"line":35,"column":4},"end":{"line":38,"column":5}}]},"9":{"type":"branch","line":41,"loc":{"start":{"line":41,"column":2},"end":{"line":57,"column":3}},"locations":[{"start":{"line":41,"column":2},"end":{"line":57,"column":3}}]},"10":{"type":"branch","line":48,"loc":{"start":{"line":48,"column":25},"end":{"line":56,"column":5}},"locations":[{"start":{"line":48,"column":25},"end":{"line":56,"column":5}}]},"11":{"type":"branch","line":59,"loc":{"start":{"line":59,"column":2},"end":{"line":88,"column":3}},"locations":[{"start":{"line":59,"column":2},"end":{"line":88,"column":3}}]},"12":{"type":"branch","line":69,"loc":{"start":{"line":69,"column":59},"end":{"line":69,"column":67}},"locations":[{"start":{"line":69,"column":59},"end":{"line":69,"column":67}}]},"13":{"type":"branch","line":72,"loc":{"start":{"line":72,"column":26},"end":{"line":80,"column":7}},"locations":[{"start":{"line":72,"column":26},"end":{"line":80,"column":7}}]},"14":{"type":"branch","line":73,"loc":{"start":{"line":73,"column":30},"end":{"line":78,"column":13}},"locations":[{"start":{"line":73,"column":30},"end":{"line":78,"column":13}}]},"15":{"type":"branch","line":78,"loc":{"start":{"line":78,"column":12},"end":{"line":79,"column":45}},"locations":[{"start":{"line":78,"column":12},"end":{"line":79,"column":45}}]},"16":{"type":"branch","line":80,"loc":{"start":{"line":80,"column":6},"end":{"line":84,"column":13}},"locations":[{"start":{"line":80,"column":6},"end":{"line":84,"column":13}}]},"17":{"type":"branch","line":84,"loc":{"start":{"line":84,"column":4},"end":{"line":87,"column":5}},"locations":[{"start":{"line":84,"column":4},"end":{"line":87,"column":5}}]},"18":{"type":"branch","line":75,"loc":{"start":{"line":75,"column":14},"end":{"line":77,"column":76}},"locations":[{"start":{"line":75,"column":14},"end":{"line":77,"column":76}}]},"19":{"type":"branch","line":77,"loc":{"start":{"line":77,"column":31},"end":{"line":77,"column":74}},"locations":[{"start":{"line":77,"column":31},"end":{"line":77,"column":74}}]},"20":{"type":"branch","line":90,"loc":{"start":{"line":90,"column":2},"end":{"line":99,"column":3}},"locations":[{"start":{"line":90,"column":2},"end":{"line":99,"column":3}}]},"21":{"type":"branch","line":93,"loc":{"start":{"line":93,"column":18},"end":{"line":93,"column":31}},"locations":[{"start":{"line":93,"column":18},"end":{"line":93,"column":31}}]},"22":{"type":"branch","line":93,"loc":{"start":{"line":93,"column":25},"end":{"line":96,"column":12}},"locations":[{"start":{"line":93,"column":25},"end":{"line":96,"column":12}}]},"23":{"type":"branch","line":96,"loc":{"start":{"line":96,"column":4},"end":{"line":98,"column":5}},"locations":[{"start":{"line":96,"column":4},"end":{"line":98,"column":5}}]},"24":{"type":"branch","line":101,"loc":{"start":{"line":101,"column":2},"end":{"line":133,"column":3}},"locations":[{"start":{"line":101,"column":2},"end":{"line":133,"column":3}}]},"25":{"type":"branch","line":104,"loc":{"start":{"line":104,"column":18},"end":{"line":104,"column":30}},"locations":[{"start":{"line":104,"column":18},"end":{"line":104,"column":30}}]},"26":{"type":"branch","line":104,"loc":{"start":{"line":104,"column":25},"end":{"line":129,"column":13}},"locations":[{"start":{"line":104,"column":25},"end":{"line":129,"column":13}}]},"27":{"type":"branch","line":129,"loc":{"start":{"line":129,"column":4},"end":{"line":132,"column":5}},"locations":[{"start":{"line":129,"column":4},"end":{"line":132,"column":5}}]},"28":{"type":"branch","line":106,"loc":{"start":{"line":106,"column":22},"end":{"line":107,"column":74}},"locations":[{"start":{"line":106,"column":22},"end":{"line":107,"column":74}}]},"29":{"type":"branch","line":107,"loc":{"start":{"line":107,"column":25},"end":{"line":107,"column":39}},"locations":[{"start":{"line":107,"column":25},"end":{"line":107,"column":39}}]},"30":{"type":"branch","line":107,"loc":{"start":{"line":107,"column":47},"end":{"line":107,"column":63}},"locations":[{"start":{"line":107,"column":47},"end":{"line":107,"column":63}}]},"31":{"type":"branch","line":107,"loc":{"start":{"line":107,"column":54},"end":{"line":107,"column":74}},"locations":[{"start":{"line":107,"column":54},"end":{"line":107,"column":74}}]},"32":{"type":"branch","line":109,"loc":{"start":{"line":109,"column":26},"end":{"line":126,"column":8}},"locations":[{"start":{"line":109,"column":26},"end":{"line":126,"column":8}}]},"33":{"type":"branch","line":110,"loc":{"start":{"line":110,"column":27},"end":{"line":110,"column":52}},"locations":[{"start":{"line":110,"column":27},"end":{"line":110,"column":52}}]},"34":{"type":"branch","line":111,"loc":{"start":{"line":111,"column":10},"end":{"line":111,"column":40}},"locations":[{"start":{"line":111,"column":10},"end":{"line":111,"column":40}}]},"35":{"type":"branch","line":111,"loc":{"start":{"line":111,"column":38},"end":{"line":113,"column":62}},"locations":[{"start":{"line":111,"column":38},"end":{"line":113,"column":62}}]},"36":{"type":"branch","line":113,"loc":{"start":{"line":113,"column":61},"end":{"line":117,"column":13}},"locations":[{"start":{"line":113,"column":61},"end":{"line":117,"column":13}}]},"37":{"type":"branch","line":116,"loc":{"start":{"line":116,"column":34},"end":{"line":116,"column":60}},"locations":[{"start":{"line":116,"column":34},"end":{"line":116,"column":60}}]},"38":{"type":"branch","line":116,"loc":{"start":{"line":116,"column":56},"end":{"line":116,"column":70}},"locations":[{"start":{"line":116,"column":56},"end":{"line":116,"column":70}}]},"39":{"type":"branch","line":117,"loc":{"start":{"line":117,"column":12},"end":{"line":123,"column":14}},"locations":[{"start":{"line":117,"column":12},"end":{"line":123,"column":14}}]},"40":{"type":"branch","line":121,"loc":{"start":{"line":121,"column":40},"end":{"line":121,"column":71}},"locations":[{"start":{"line":121,"column":40},"end":{"line":121,"column":71}}]}},"b":{"0":[47],"1":[30],"2":[1],"3":[29],"4":[1],"5":[38],"6":[35],"7":[3],"8":[3],"9":[3],"10":[1],"11":[5],"12":[1],"13":[2],"14":[1],"15":[1],"16":[4],"17":[1],"18":[4],"19":[9],"20":[3],"21":[1],"22":[2],"23":[1],"24":[8],"25":[2],"26":[5],"27":[1],"28":[9],"29":[0],"30":[1],"31":[8],"32":[15],"33":[7],"34":[9],"35":[6],"36":[2],"37":[1],"38":[1],"39":[4],"40":[9]},"fnMap":{"0":{"name":"JSONStorage","decl":{"start":{"line":5,"column":2},"end":{"line":7,"column":3}},"loc":{"start":{"line":5,"column":2},"end":{"line":7,"column":3}},"line":5},"1":{"name":"setJSON","decl":{"start":{"line":9,"column":2},"end":{"line":26,"column":3}},"loc":{"start":{"line":9,"column":2},"end":{"line":26,"column":3}},"line":9},"2":{"name":"getJSON","decl":{"start":{"line":28,"column":2},"end":{"line":39,"column":3}},"loc":{"start":{"line":28,"column":2},"end":{"line":39,"column":3}},"line":28},"3":{"name":"updateJSON","decl":{"start":{"line":41,"column":2},"end":{"line":57,"column":3}},"loc":{"start":{"line":41,"column":2},"end":{"line":57,"column":3}},"line":41},"4":{"name":"mergeArrays","decl":{"start":{"line":59,"column":2},"end":{"line":88,"column":3}},"loc":{"start":{"line":59,"column":2},"end":{"line":88,"column":3}},"line":59},"5":{"name":"isValidJSON","decl":{"start":{"line":90,"column":2},"end":{"line":99,"column":3}},"loc":{"start":{"line":90,"column":2},"end":{"line":99,"column":3}},"line":90},"6":{"name":"getJSONSchema","decl":{"start":{"line":101,"column":2},"end":{"line":133,"column":3}},"loc":{"start":{"line":101,"column":2},"end":{"line":133,"column":3}},"line":101},"7":{"name":"getType","decl":{"start":{"line":106,"column":22},"end":{"line":107,"column":74}},"loc":{"start":{"line":106,"column":22},"end":{"line":107,"column":74}},"line":106},"8":{"name":"buildSchema","decl":{"start":{"line":109,"column":26},"end":{"line":126,"column":8}},"loc":{"start":{"line":109,"column":26},"end":{"line":126,"column":8}},"line":109}},"f":{"0":47,"1":30,"2":38,"3":3,"4":5,"5":3,"6":8,"7":9,"8":15}}
,"/home/gfrancodev/Documentos/gfrancodev/uggy/uggy/packages/localstorage/src/lib/lazy-storage.ts": {"path":"/home/gfrancodev/Documentos/gfrancodev/uggy/uggy/packages/localstorage/src/lib/lazy-storage.ts","all":false,"statementMap":{"0":{"start":{"line":1,"column":0},"end":{"line":1,"column":71}},"1":{"start":{"line":2,"column":0},"end":{"line":2,"column":56}},"2":{"start":{"line":3,"column":0},"end":{"line":3,"column":45}},"3":{"start":{"line":4,"column":0},"end":{"line":4,"column":0}},"4":{"start":{"line":5,"column":0},"end":{"line":5,"column":64}},"5":{"start":{"line":6,"column":0},"end":{"line":6,"column":35}},"6":{"start":{"line":7,"column":0},"end":{"line":7,"column":21}},"7":{"start":{"line":8,"column":0},"end":{"line":8,"column":24}},"8":{"start":{"line":9,"column":0},"end":{"line":9,"column":27}},"9":{"start":{"line":10,"column":0},"end":{"line":10,"column":1}},"10":{"start":{"line":11,"column":0},"end":{"line":11,"column":0}},"11":{"start":{"line":12,"column":0},"end":{"line":12,"column":46}},"12":{"start":{"line":13,"column":0},"end":{"line":13,"column":50}},"13":{"start":{"line":14,"column":0},"end":{"line":14,"column":41}},"14":{"start":{"line":15,"column":0},"end":{"line":15,"column":0}},"15":{"start":{"line":16,"column":0},"end":{"line":16,"column":41}},"16":{"start":{"line":17,"column":0},"end":{"line":17,"column":18}},"17":{"start":{"line":18,"column":0},"end":{"line":18,"column":3}},"18":{"start":{"line":19,"column":0},"end":{"line":19,"column":0}},"19":{"start":{"line":20,"column":0},"end":{"line":20,"column":28}},"20":{"start":{"line":21,"column":0},"end":{"line":21,"column":16}},"21":{"start":{"line":22,"column":0},"end":{"line":22,"column":13}},"22":{"start":{"line":23,"column":0},"end":{"line":23,"column":37}},"23":{"start":{"line":24,"column":0},"end":{"line":24,"column":11}},"24":{"start":{"line":25,"column":0},"end":{"line":25,"column":11}},"25":{"start":{"line":26,"column":0},"end":{"line":26,"column":22}},"26":{"start":{"line":27,"column":0},"end":{"line":27,"column":49}},"27":{"start":{"line":28,"column":0},"end":{"line":28,"column":18}},"28":{"start":{"line":29,"column":0},"end":{"line":29,"column":20}},"29":{"start":{"line":30,"column":0},"end":{"line":30,"column":16}},"30":{"start":{"line":31,"column":0},"end":{"line":31,"column":50}},"31":{"start":{"line":32,"column":0},"end":{"line":32,"column":10}},"32":{"start":{"line":33,"column":0},"end":{"line":33,"column":12}},"33":{"start":{"line":34,"column":0},"end":{"line":34,"column":17}},"34":{"start":{"line":35,"column":0},"end":{"line":35,"column":16}},"35":{"start":{"line":36,"column":0},"end":{"line":36,"column":6}},"36":{"start":{"line":37,"column":0},"end":{"line":37,"column":39}},"37":{"start":{"line":38,"column":0},"end":{"line":38,"column":66}},"38":{"start":{"line":39,"column":0},"end":{"line":39,"column":39}},"39":{"start":{"line":40,"column":0},"end":{"line":40,"column":49}},"40":{"start":{"line":41,"column":0},"end":{"line":41,"column":3}},"41":{"start":{"line":42,"column":0},"end":{"line":42,"column":0}},"42":{"start":{"line":43,"column":0},"end":{"line":43,"column":28}},"43":{"start":{"line":44,"column":0},"end":{"line":44,"column":16}},"44":{"start":{"line":45,"column":0},"end":{"line":45,"column":37}},"45":{"start":{"line":46,"column":0},"end":{"line":46,"column":15}},"46":{"start":{"line":47,"column":0},"end":{"line":47,"column":9}},"47":{"start":{"line":48,"column":0},"end":{"line":48,"column":43}},"48":{"start":{"line":49,"column":0},"end":{"line":49,"column":30}},"49":{"start":{"line":50,"column":0},"end":{"line":50,"column":0}},"50":{"start":{"line":51,"column":0},"end":{"line":51,"column":79}},"51":{"start":{"line":52,"column":0},"end":{"line":52,"column":29}},"52":{"start":{"line":53,"column":0},"end":{"line":53,"column":0}},"53":{"start":{"line":54,"column":0},"end":{"line":54,"column":42}},"54":{"start":{"line":55,"column":0},"end":{"line":55,"column":48}},"55":{"start":{"line":56,"column":0},"end":{"line":56,"column":41}},"56":{"start":{"line":57,"column":0},"end":{"line":57,"column":10}},"57":{"start":{"line":58,"column":0},"end":{"line":58,"column":7}},"58":{"start":{"line":59,"column":0},"end":{"line":59,"column":0}},"59":{"start":{"line":60,"column":0},"end":{"line":60,"column":45}},"60":{"start":{"line":61,"column":0},"end":{"line":61,"column":21}},"61":{"start":{"line":62,"column":0},"end":{"line":62,"column":70}},"62":{"start":{"line":63,"column":0},"end":{"line":63,"column":18}},"63":{"start":{"line":64,"column":0},"end":{"line":64,"column":5}},"64":{"start":{"line":65,"column":0},"end":{"line":65,"column":3}},"65":{"start":{"line":66,"column":0},"end":{"line":66,"column":0}},"66":{"start":{"line":67,"column":0},"end":{"line":67,"column":46}},"67":{"start":{"line":68,"column":0},"end":{"line":68,"column":22}},"68":{"start":{"line":69,"column":0},"end":{"line":69,"column":13}},"69":{"start":{"line":70,"column":0},"end":{"line":70,"column":25}},"70":{"start":{"line":71,"column":0},"end":{"line":71,"column":22}},"71":{"start":{"line":72,"column":0},"end":{"line":72,"column":10}},"72":{"start":{"line":73,"column":0},"end":{"line":73,"column":58}},"73":{"start":{"line":74,"column":0},"end":{"line":74,"column":0}},"74":{"start":{"line":75,"column":0},"end":{"line":75,"column":37}},"75":{"start":{"line":76,"column":0},"end":{"line":76,"column":49}},"76":{"start":{"line":77,"column":0},"end":{"line":77,"column":45}},"77":{"start":{"line":78,"column":0},"end":{"line":78,"column":0}},"78":{"start":{"line":79,"column":0},"end":{"line":79,"column":38}},"79":{"start":{"line":80,"column":0},"end":{"line":80,"column":62}},"80":{"start":{"line":81,"column":0},"end":{"line":81,"column":56}},"81":{"start":{"line":82,"column":0},"end":{"line":82,"column":60}},"82":{"start":{"line":83,"column":0},"end":{"line":83,"column":44}},"83":{"start":{"line":84,"column":0},"end":{"line":84,"column":26}},"84":{"start":{"line":85,"column":0},"end":{"line":85,"column":11}},"85":{"start":{"line":86,"column":0},"end":{"line":86,"column":0}},"86":{"start":{"line":87,"column":0},"end":{"line":87,"column":28}},"87":{"start":{"line":88,"column":0},"end":{"line":88,"column":23}},"88":{"start":{"line":89,"column":0},"end":{"line":89,"column":24}},"89":{"start":{"line":90,"column":0},"end":{"line":90,"column":28}},"90":{"start":{"line":91,"column":0},"end":{"line":91,"column":35}},"91":{"start":{"line":92,"column":0},"end":{"line":92,"column":10}},"92":{"start":{"line":93,"column":0},"end":{"line":93,"column":73}},"93":{"start":{"line":94,"column":0},"end":{"line":94,"column":49}},"94":{"start":{"line":95,"column":0},"end":{"line":95,"column":47}},"95":{"start":{"line":96,"column":0},"end":{"line":96,"column":75}},"96":{"start":{"line":97,"column":0},"end":{"line":97,"column":7}},"97":{"start":{"line":98,"column":0},"end":{"line":98,"column":5}},"98":{"start":{"line":99,"column":0},"end":{"line":99,"column":0}},"99":{"start":{"line":100,"column":0},"end":{"line":100,"column":21}},"100":{"start":{"line":101,"column":0},"end":{"line":101,"column":3}},"101":{"start":{"line":102,"column":0},"end":{"line":102,"column":0}},"102":{"start":{"line":103,"column":0},"end":{"line":103,"column":70}},"103":{"start":{"line":104,"column":0},"end":{"line":104,"column":28}},"104":{"start":{"line":105,"column":0},"end":{"line":105,"column":50}},"105":{"start":{"line":106,"column":0},"end":{"line":106,"column":12}},"106":{"start":{"line":107,"column":0},"end":{"line":107,"column":37}},"107":{"start":{"line":108,"column":0},"end":{"line":108,"column":72}},"108":{"start":{"line":109,"column":0},"end":{"line":109,"column":11}},"109":{"start":{"line":110,"column":0},"end":{"line":110,"column":50}},"110":{"start":{"line":111,"column":0},"end":{"line":111,"column":56}},"111":{"start":{"line":112,"column":0},"end":{"line":112,"column":52}},"112":{"start":{"line":113,"column":0},"end":{"line":113,"column":11}},"113":{"start":{"line":114,"column":0},"end":{"line":114,"column":50}},"114":{"start":{"line":115,"column":0},"end":{"line":115,"column":9}},"115":{"start":{"line":116,"column":0},"end":{"line":116,"column":41}},"116":{"start":{"line":117,"column":0},"end":{"line":117,"column":8}},"117":{"start":{"line":118,"column":0},"end":{"line":118,"column":12}},"118":{"start":{"line":119,"column":0},"end":{"line":119,"column":3}},"119":{"start":{"line":120,"column":0},"end":{"line":120,"column":0}},"120":{"start":{"line":121,"column":0},"end":{"line":121,"column":59}},"121":{"start":{"line":122,"column":0},"end":{"line":122,"column":63}},"122":{"start":{"line":123,"column":0},"end":{"line":123,"column":56}},"123":{"start":{"line":124,"column":0},"end":{"line":124,"column":0}},"124":{"start":{"line":125,"column":0},"end":{"line":125,"column":33}},"125":{"start":{"line":126,"column":0},"end":{"line":126,"column":0}},"126":{"start":{"line":127,"column":0},"end":{"line":127,"column":36}},"127":{"start":{"line":128,"column":0},"end":{"line":128,"column":28}},"128":{"start":{"line":129,"column":0},"end":{"line":129,"column":64}},"129":{"start":{"line":130,"column":0},"end":{"line":130,"column":16}},"130":{"start":{"line":131,"column":0},"end":{"line":131,"column":44}},"131":{"start":{"line":132,"column":0},"end":{"line":132,"column":40}},"132":{"start":{"line":133,"column":0},"end":{"line":133,"column":5}},"133":{"start":{"line":134,"column":0},"end":{"line":134,"column":0}},"134":{"start":{"line":135,"column":0},"end":{"line":135,"column":21}},"135":{"start":{"line":136,"column":0},"end":{"line":136,"column":3}},"136":{"start":{"line":137,"column":0},"end":{"line":137,"column":0}},"137":{"start":{"line":138,"column":0},"end":{"line":138,"column":58}},"138":{"start":{"line":139,"column":0},"end":{"line":139,"column":75}},"139":{"start":{"line":140,"column":0},"end":{"line":140,"column":44}},"140":{"start":{"line":141,"column":0},"end":{"line":141,"column":6}},"141":{"start":{"line":142,"column":0},"end":{"line":142,"column":3}},"142":{"start":{"line":143,"column":0},"end":{"line":143,"column":0}},"143":{"start":{"line":144,"column":0},"end":{"line":144,"column":48}},"144":{"start":{"line":145,"column":0},"end":{"line":145,"column":31}},"145":{"start":{"line":146,"column":0},"end":{"line":146,"column":51}},"146":{"start":{"line":147,"column":0},"end":{"line":147,"column":32}},"147":{"start":{"line":148,"column":0},"end":{"line":148,"column":49}},"148":{"start":{"line":149,"column":0},"end":{"line":149,"column":7}},"149":{"start":{"line":150,"column":0},"end":{"line":150,"column":7}},"150":{"start":{"line":151,"column":0},"end":{"line":151,"column":3}},"151":{"start":{"line":152,"column":0},"end":{"line":152,"column":0}},"152":{"start":{"line":153,"column":0},"end":{"line":153,"column":22}},"153":{"start":{"line":154,"column":0},"end":{"line":154,"column":23}},"154":{"start":{"line":155,"column":0},"end":{"line":155,"column":3}},"155":{"start":{"line":156,"column":0},"end":{"line":156,"column":1}}},"s":{"0":1,"1":1,"2":1,"3":1,"4":1,"5":1,"6":1,"7":1,"8":1,"9":1,"10":1,"11":1,"12":1,"13":1,"14":1,"15":1,"16":23,"17":23,"18":1,"19":1,"20":11,"21":11,"22":11,"23":11,"24":11,"25":11,"26":11,"27":11,"28":11,"29":11,"30":11,"31":11,"32":11,"33":11,"34":11,"35":11,"36":11,"37":2,"38":9,"39":11,"40":11,"41":1,"42":1,"43":9,"44":9,"45":9,"46":9,"47":9,"48":9,"49":7,"50":9,"51":9,"52":7,"53":9,"54":1,"55":1,"56":1,"57":1,"58":7,"59":7,"60":9,"61":1,"62":1,"63":1,"64":9,"65":1,"66":1,"67":14,"68":14,"69":14,"70":14,"71":14,"72":14,"73":14,"74":14,"75":12,"76":12,"77":11,"78":12,"79":9,"80":9,"81":11,"82":11,"83":11,"84":9,"85":9,"86":9,"87":9,"88":9,"89":9,"90":9,"91":9,"92":12,"93":2,"94":2,"95":2,"96":2,"97":12,"98":14,"99":14,"100":14,"101":1,"102":1,"103":9,"104":9,"105":20,"106":20,"107":18,"108":20,"109":7,"110":6,"111":6,"112":6,"113":7,"114":7,"115":13,"116":20,"117":9,"118":9,"119":1,"120":1,"121":13,"122":13,"123":11,"124":11,"125":11,"126":13,"127":9,"128":9,"129":9,"130":13,"131":1,"132":1,"133":1,"134":1,"135":13,"136":1,"137":1,"138":11,"139":14,"140":11,"141":11,"142":1,"143":1,"144":2,"145":2,"146":2,"147":1,"148":1,"149":2,"150":2,"151":1,"152":1,"153":1,"154":1,"155":1},"branchMap":{"0":{"type":"branch","line":12,"loc":{"start":{"line":12,"column":45},"end":{"line":156,"column":1}},"locations":[{"start":{"line":12,"column":45},"end":{"line":156,"column":1}}]},"1":{"type":"branch","line":16,"loc":{"start":{"line":16,"column":2},"end":{"line":18,"column":3}},"locations":[{"start":{"line":16,"column":2},"end":{"line":18,"column":3}}]},"2":{"type":"branch","line":20,"loc":{"start":{"line":20,"column":2},"end":{"line":41,"column":3}},"locations":[{"start":{"line":20,"column":2},"end":{"line":41,"column":3}}]},"3":{"type":"branch","line":37,"loc":{"start":{"line":37,"column":28},"end":{"line":38,"column":66}},"locations":[{"start":{"line":37,"column":28},"end":{"line":38,"column":66}}]},"4":{"type":"branch","line":38,"loc":{"start":{"line":38,"column":65},"end":{"line":39,"column":39}},"locations":[{"start":{"line":38,"column":65},"end":{"line":39,"column":39}}]},"5":{"type":"branch","line":43,"loc":{"start":{"line":43,"column":2},"end":{"line":65,"column":3}},"locations":[{"start":{"line":43,"column":2},"end":{"line":65,"column":3}}]},"6":{"type":"branch","line":49,"loc":{"start":{"line":49,"column":18},"end":{"line":49,"column":30}},"locations":[{"start":{"line":49,"column":18},"end":{"line":49,"column":30}}]},"7":{"type":"branch","line":49,"loc":{"start":{"line":49,"column":25},"end":{"line":51,"column":61}},"locations":[{"start":{"l
[...]
0":{"start":{"line":71,"column":0},"end":{"line":71,"column":5}},"71":{"start":{"line":72,"column":0},"end":{"line":72,"column":33}},"72":{"start":{"line":73,"column":0},"end":{"line":73,"column":5}},"73":{"start":{"line":74,"column":0},"end":{"line":74,"column":32}},"74":{"start":{"line":75,"column":0},"end":{"line":75,"column":17}},"75":{"start":{"line":76,"column":0},"end":{"line":76,"column":32}},"76":{"start":{"line":77,"column":0},"end":{"line":77,"column":13}},"77":{"start":{"line":78,"column":0},"end":{"line":78,"column":40}},"78":{"start":{"line":79,"column":0},"end":{"line":79,"column":53}},"79":{"start":{"line":80,"column":0},"end":{"line":80,"column":40}},"80":{"start":{"line":81,"column":0},"end":{"line":81,"column":5}},"81":{"start":{"line":82,"column":0},"end":{"line":82,"column":26}},"82":{"start":{"line":83,"column":0},"end":{"line":83,"column":3}},"83":{"start":{"line":84,"column":0},"end":{"line":84,"column":0}},"84":{"start":{"line":85,"column":0},"end":{"line":85,"column":5}},"85":{"start":{"line":86,"column":0},"end":{"line":86,"column":63}},"86":{"start":{"line":87,"column":0},"end":{"line":87,"column":5}},"87":{"start":{"line":88,"column":0},"end":{"line":88,"column":31}},"88":{"start":{"line":89,"column":0},"end":{"line":89,"column":16}},"89":{"start":{"line":90,"column":0},"end":{"line":90,"column":32}},"90":{"start":{"line":91,"column":0},"end":{"line":91,"column":13}},"91":{"start":{"line":92,"column":0},"end":{"line":92,"column":62}},"92":{"start":{"line":93,"column":0},"end":{"line":93,"column":45}},"93":{"start":{"line":94,"column":0},"end":{"line":94,"column":60}},"94":{"start":{"line":95,"column":0},"end":{"line":95,"column":52}},"95":{"start":{"line":96,"column":0},"end":{"line":96,"column":40}},"96":{"start":{"line":97,"column":0},"end":{"line":97,"column":8}},"97":{"start":{"line":98,"column":0},"end":{"line":98,"column":62}},"98":{"start":{"line":99,"column":0},"end":{"line":99,"column":5}},"99":{"start":{"line":100,"column":0},"end":{"line":100,"column":42}},"100":{"start":{"line":101,"column":0},"end":{"line":101,"column":3}},"101":{"start":{"line":102,"column":0},"end":{"line":102,"column":0}},"102":{"start":{"line":103,"column":0},"end":{"line":103,"column":5}},"103":{"start":{"line":104,"column":0},"end":{"line":104,"column":38}},"104":{"start":{"line":105,"column":0},"end":{"line":105,"column":5}},"105":{"start":{"line":106,"column":0},"end":{"line":106,"column":55}},"106":{"start":{"line":107,"column":0},"end":{"line":107,"column":59}},"107":{"start":{"line":108,"column":0},"end":{"line":108,"column":16}},"108":{"start":{"line":109,"column":0},"end":{"line":109,"column":3}},"109":{"start":{"line":110,"column":0},"end":{"line":110,"column":0}},"110":{"start":{"line":111,"column":0},"end":{"line":111,"column":5}},"111":{"start":{"line":112,"column":0},"end":{"line":112,"column":66}},"112":{"start":{"line":113,"column":0},"end":{"line":113,"column":5}},"113":{"start":{"line":114,"column":0},"end":{"line":114,"column":32}},"114":{"start":{"line":115,"column":0},"end":{"line":115,"column":17}},"115":{"start":{"line":116,"column":0},"end":{"line":116,"column":32}},"116":{"start":{"line":117,"column":0},"end":{"line":117,"column":13}},"117":{"start":{"line":118,"column":0},"end":{"line":118,"column":40}},"118":{"start":{"line":119,"column":0},"end":{"line":119,"column":63}},"119":{"start":{"line":120,"column":0},"end":{"line":120,"column":49}},"120":{"start":{"line":121,"column":0},"end":{"line":121,"column":0}},"121":{"start":{"line":122,"column":0},"end":{"line":122,"column":56}},"122":{"start":{"line":123,"column":0},"end":{"line":123,"column":50}},"123":{"start":{"line":124,"column":0},"end":{"line":124,"column":58}},"124":{"start":{"line":125,"column":0},"end":{"line":125,"column":50}},"125":{"start":{"line":126,"column":0},"end":{"line":126,"column":16}},"126":{"start":{"line":127,"column":0},"end":{"line":127,"column":34}},"127":{"start":{"line":128,"column":0},"end":{"line":128,"column":9}},"128":{"start":{"line":129,"column":0},"end":{"line":129,"column":7}},"129":{"start":{"line":130,"column":0},"end":{"line":130,"column":0}},"130":{"start":{"line":131,"column":0},"end":{"line":131,"column":68}},"131":{"start":{"line":132,"column":0},"end":{"line":132,"column":5}},"132":{"start":{"line":133,"column":0},"end":{"line":133,"column":0}},"133":{"start":{"line":134,"column":0},"end":{"line":134,"column":42}},"134":{"start":{"line":135,"column":0},"end":{"line":135,"column":3}},"135":{"start":{"line":136,"column":0},"end":{"line":136,"column":0}},"136":{"start":{"line":137,"column":0},"end":{"line":137,"column":5}},"137":{"start":{"line":138,"column":0},"end":{"line":138,"column":63}},"138":{"start":{"line":139,"column":0},"end":{"line":139,"column":5}},"139":{"start":{"line":140,"column":0},"end":{"line":140,"column":65}},"140":{"start":{"line":141,"column":0},"end":{"line":141,"column":29}},"141":{"start":{"line":142,"column":0},"end":{"line":142,"column":50}},"142":{"start":{"line":143,"column":0},"end":{"line":143,"column":44}},"143":{"start":{"line":144,"column":0},"end":{"line":144,"column":5}},"144":{"start":{"line":145,"column":0},"end":{"line":145,"column":18}},"145":{"start":{"line":146,"column":0},"end":{"line":146,"column":3}},"146":{"start":{"line":147,"column":0},"end":{"line":147,"column":0}},"147":{"start":{"line":148,"column":0},"end":{"line":148,"column":5}},"148":{"start":{"line":149,"column":0},"end":{"line":149,"column":36}},"149":{"start":{"line":150,"column":0},"end":{"line":150,"column":5}},"150":{"start":{"line":151,"column":0},"end":{"line":151,"column":56}},"151":{"start":{"line":152,"column":0},"end":{"line":152,"column":67}},"152":{"start":{"line":153,"column":0},"end":{"line":153,"column":37}},"153":{"start":{"line":154,"column":0},"end":{"line":154,"column":39}},"154":{"start":{"line":155,"column":0},"end":{"line":155,"column":0}},"155":{"start":{"line":156,"column":0},"end":{"line":156,"column":50}},"156":{"start":{"line":157,"column":0},"end":{"line":157,"column":3}},"157":{"start":{"line":158,"column":0},"end":{"line":158,"column":0}},"158":{"start":{"line":159,"column":0},"end":{"line":159,"column":5}},"159":{"start":{"line":160,"column":0},"end":{"line":160,"column":30}},"160":{"start":{"line":161,"column":0},"end":{"line":161,"column":5}},"161":{"start":{"line":162,"column":0},"end":{"line":162,"column":55}},"162":{"start":{"line":163,"column":0},"end":{"line":163,"column":55}},"163":{"start":{"line":164,"column":0},"end":{"line":164,"column":52}},"164":{"start":{"line":165,"column":0},"end":{"line":165,"column":0}},"165":{"start":{"line":166,"column":0},"end":{"line":166,"column":72}},"166":{"start":{"line":167,"column":0},"end":{"line":167,"column":47}},"167":{"start":{"line":168,"column":0},"end":{"line":168,"column":0}},"168":{"start":{"line":169,"column":0},"end":{"line":169,"column":9}},"169":{"start":{"line":170,"column":0},"end":{"line":170,"column":32}},"170":{"start":{"line":171,"column":0},"end":{"line":171,"column":13}},"171":{"start":{"line":172,"column":0},"end":{"line":172,"column":20}},"172":{"start":{"line":173,"column":0},"end":{"line":173,"column":5}},"173":{"start":{"line":174,"column":0},"end":{"line":174,"column":3}},"174":{"start":{"line":175,"column":0},"end":{"line":175,"column":1}}},"s":{"0":1,"1":1,"2":1,"3":1,"4":1,"5":1,"6":1,"7":1,"8":1,"9":1,"10":1,"11":12,"12":2,"13":2,"14":0,"15":0,"16":12,"17":12,"18":12,"19":5,"20":12,"21":1,"22":1,"23":1,"24":1,"25":1,"26":12,"27":12,"28":12,"29":12,"30":12,"31":12,"32":10,"33":10,"34":10,"35":10,"36":10,"37":10,"38":10,"39":10,"40":10,"41":10,"42":12,"43":12,"44":1,"45":1,"46":1,"47":1,"48":1,"49":12,"50":12,"51":12,"52":12,"53":11,"54":11,"55":11,"56":11,"57":10,"58":10,"59":11,"60":3,"61":3,"62":7,"63":7,"64":11,"65":5,"66":5,"67":11,"68":12,"69":1,"70":1,"71":1,"72":1,"73":1,"74":0,"75":0,"76":0,"77":0,"78":0,"79":0,"80":0,"81":0,"82":0,"83":1,"84":1,"85":1,"86":1,"87":1,"88":3,"89":3,"90":3,"91":3,"92":3,"93":3,"94":3,"95":4,"96":3,"97":3,"98":3,"99":0,"100":3,"101":1,"102":1,"103":1,"104":1,"105":1,"106":1,"107":1,"108":1,"109":1,"110":1,"111":1,"112":1,"113":1,"114":4,"115":4,"116":4,"117":4,"118":2,"119":2,"120":2,"121":2,"122":4,"123":4,"124":3,"125":4,"126":1,"127":1,"128":4,"129":2,"130":2,"131":2,"132":2,"133":2,"134":4,"135":1,"136":1,"137":1,"138":1,"139":1,"140":4,"141":4,"142":8,"143":8,"144":4,"145":4,"146":1,"147":1,"148":1,"149":1,"150":1,"151":0,"152":0,"153":0,"154":0,"155":0,"156":0,"157":1,"158":1,"159":1,"160":1,"161":1,"162":3,"163":3,"164":3,"165":3,"166":3,"167":3,"168":3,"169":3,"170":3,"171":1,"172":1,"173":3,"174":1},"branchMap":{"0":{"type":"branch","line":4,"loc":{"start":{"line":4,"column":30},"end":{"line":175,"column":1}},"locations":[{"start":{"line":4,"column":30},"end":{"line":175,"column":1}}]},"1":{"type":"branch","line":11,"loc":{"start":{"line":11,"column":17},"end":{"line":21,"column":3}},"locations":[{"start":{"line":11,"column":17},"end":{"line":21,"column":3}}]},"2":{"type":"branch","line":12,"loc":{"start":{"line":12,"column":35},"end":{"line":16,"column":5}},"locations":[{"start":{"line":12,"column":35},"end":{"line":16,"column":5}}]},"3":{"type":"branch","line":14,"loc":{"start":{"line":14,"column":50},"end":{"line":16,"column":5}},"locations":[{"start":{"line":14,"column":50},"end":{"line":16,"column":5}}]},"4":{"type":"branch","line":16,"loc":{"start":{"line":16,"column":4},"end":{"line":17,"column":37}},"locations":[{"start":{"line":16,"column":4},"end":{"line":17,"column":37}}]},"5":{"type":"branch","line":17,"loc":{"start":{"line":17,"column":30},"end":{"line":17,"column":45}},"locations":[{"start":{"line":17,"column":30},"end":{"line":17,"column":45}}]},"6":{"type":"branch","line":17,"loc":{"start":{"line":17,"column":37},"end":{"line":18,"column":38}},"locations":[{"start":{"line":17,"column":37},"end":{"line":18,"column":38}}]},"7":{"type":"branch","line":18,"loc":{"start":{"line":18,"column":31},"end":{"line":18,"column":45}},"locations":[{"start":{"line":18,"column":31},"end":{"line":18,"column":45}}]},"8":{"type":"branch","line":18,"loc":{"start":{"line":18,"column":38},"end":{"line":19,"column":42}},"locations":[{"start":{"line":18,"column":38},"end":{"line":19,"column":42}}]},"9":{"type":"branch","line":19,"loc":{"start":{"line":19,"column":35},"end":{"line":19,"column":51}},"locations":[{"start":{"line":19,"column":35},"end":{"line":19,"column":51}}]},"10":{"type":"branch","line":19,"loc":{"start":{"line":19,"column":42},"end":{"line":20,"column":20}},"locations":[{"start":{"line":19,"column":42},"end":{"line":20,"column":20}}]},"11":{"type":"branch","line":26,"loc":{"start":{"line":26,"column":9},"end":{"line":44,"column":3}},"locations":[{"start":{"line":26,"column":9},"end":{"line":44,"column":3}}]},"12":{"type":"branch","line":28,"loc":{"start":{"line":28,"column":30},"end":{"line":28,"column":66}},"locations":[{"start":{"line":28,"column":30},"end":{"line":28,"column":66}}]},"13":{"type":"branch","line":32,"loc":{"start":{"line":32,"column":39},"end":{"line":32,"column":57}},"locations":[{"start":{"line":32,"column":39},"end":{"line":32,"column":57}}]},"14":{"type":"branch","line":32,"loc":{"start":{"line":32,"column":46},"end":{"line":43,"column":43}},"locations":[{"start":{"line":32,"column":46},"end":{"line":43,"column":43}}]},"15":{"type":"branch","line":43,"loc":{"start":{"line":43,"column":38},"end":{"line":43,"column":64}},"locations":[{"start":{"line":43,"column":38},"end":{"line":43,"column":64}}]},"16":{"type":"branch","line":36,"loc":{"start":{"line":36,"column":13},"end":{"line":36,"column":53}},"locations":[{"start":{"line":36,"column":13},"end":{"line":36,"column":53}}]},"17":{"type":"branch","line":37,"loc":{"start":{"line":37,"column":14},"end":{"line":37,"column":52}},"locations":[{"start":{"line":37,"column":14},"end":{"line":37,"column":52}}]},"18":{"type":"branch","line":38,"loc":{"start":{"line":38,"column":14},"end":{"line":38,"column":55}},"locations":[{"start":{"line":38,"column":14},"end":{"line":38,"column":55}}]},"19":{"type":"branch","line":39,"loc":{"start":{"line":39,"column":14},"end":{"line":39,"column":41}},"locations":[{"start":{"line":39,"column":14},"end":{"line":39,"column":41}}]},"20":{"type":"branch","line":40,"loc":{"start":{"line":40,"column":12},"end":{"line":40,"column":39}},"locations":[{"start":{"line":40,"column":12},"end":{"line":40,"column":39}}]},"21":{"type":"branch","line":49,"loc":{"start":{"line":49,"column":9},"end":{"line":69,"column":3}},"locations":[{"start":{"line":49,"column":9},"end":{"line":69,"column":3}}]},"22":{"type":"branch","line":53,"loc":{"start":{"line":53,"column":4},"end":{"line":68,"column":5}},"locations":[{"start":{"line":53,"column":4},"end":{"line":68,"column":5}}]},"23":{"type":"branch","line":57,"loc":{"start":{"line":57,"column":27},"end":{"line":57,"column":39}},"locations":[{"start":{"line":57,"column":27},"end":{"line":57,"column":39}}]},"24":{"type":"branch","line":57,"loc":{"start":{"line":57,"column":34},"end":{"line":60,"column":52}},"locations":[{"start":{"line":57,"column":34},"end":{"line":60,"column":52}}]},"25":{"type":"branch","line":60,"loc":{"start":{"line":60,"column":52},"end":{"line":62,"column":9}},"locations":[{"start":{"line":60,"column":52},"end":{"line":62,"column":9}}]},"26":{"type":"branch","line":62,"loc":{"start":{"line":62,"column":8},"end":{"line":65,"column":14}},"locations":[{"start":{"line":62,"column":8},"end":{"line":65,"column":14}}]},"27":{"type":"branch","line":65,"loc":{"start":{"line":65,"column":6},"end":{"line":67,"column":7}},"locations":[{"start":{"line":65,"column":6},"end":{"line":67,"column":7}}]},"28":{"type":"branch","line":88,"loc":{"start":{"line":88,"column":17},"end":{"line":101,"column":3}},"locations":[{"start":{"line":88,"column":17},"end":{"line":101,"column":3}}]},"29":{"type":"branch","line":92,"loc":{"start":{"line":92,"column":22},"end":{"line":92,"column":61}},"locations":[{"start":{"line":92,"column":22},"end":{"line":92,"column":61}}]},"30":{"type":"branch","line":99,"loc":{"start":{"line":99,"column":4},"end":{"line":100,"column":42}},"locations":[{"start":{"line":99,"column":4},"end":{"line":100,"column":42}}]},"31":{"type":"branch","line":95,"loc":{"start":{"line":95,"column":42},"end":{"line":96,"column":40}},"locations":[{"start":{"line":95,"column":42},"end":{"line":96,"column":40}}]},"32":{"type":"branch","line":106,"loc":{"start":{"line":106,"column":17},"end":{"line":109,"column":3}},"locations":[{"start":{"line":106,"column":17},"end":{"line":109,"column":3}}]},"33":{"type":"branch","line":114,"loc":{"start":{"line":114,"column":17},"end":{"line":135,"column":3}},"locations":[{"start":{"line":114,"column":17},"end":{"line":135,"column":3}}]},"34":{"type":"branch","line":118,"loc":{"start":{"line":118,"column":39},"end":{"line":134,"column":42}},"locations":[{"start":{"line":118,"column":39},"end":{"line":134,"column":42}}]},"35":{"type":"branch","line":122,"loc":{"start":{"line":122,"column":55},"end":{"line":129,"column":7}},"locations":[{"start":{"line":122,"column":55},"end":{"line":129,"column":7}}]},"36":{"type":"branch","line":124,"loc":{"start":{"line":124,"column":57},"end":{"line":126,"column":15}},"locations":[{"start":{"line":124,"column":57},"end":{"line":126,"column":15}}]},"37":{"type":"branch","line":126,"loc":{"start":{"line":126,"column":8},"end":{"line":128,"column":9}},"locations":[{"start":{"line":126,"column":8},"end":{"line":128,"column":9}}]},"38":{"type":"branch","line":140,"loc":{"start":{"line":140,"column":17},"end":{"line":146,"column":3}},"locations":[{"start":{"line":140,"column":17},"end":{"line":146,"column":3}}]},"39":{"type":"branch","line":142,"loc":{"start":{"line":142,"column":49},"end":{"line":144,"column":5}},"locations":[{"start":{"line":142,"column":49},"end":{"line":144,"column":5}}]},"40":{"type":"branch","line":162,"loc":{"start":{"line":162,"column":17},"end":{"line":174,"column":3}},"locations":[{"start":{"line":162,"column":17},"end":{"line":174,"column":3}}]},"41":{"type":"branch","line":171,"loc":{"start":{"line":171,"column":4},"end":{"line":173,"column":5}},"locations":[{"start":{"line":171,"column":4},"end":{"line":173,"column":5}}]},"42":{"type":"branch","line":166,"loc":{"start":{"line":166,"column":42},"end":{"line":166,"column":70}},"locations":[{"start":{"line":166,"column":42},"end":{"line":166,"column":70}}]}},"b":{"0":[1],"1":[12],"2":[2],"3":[0],"4":[10],"5":[3],"6":[7],"7":[1],"8":[6],"9":[1],"10":[5],"11":[12],"12":[7],"13":[2],"14":[10],"15":[0],"16":[3],"17":[1],"18":[4],"19":[1],"20":[1],"21":[12],"22":[11],"23":[1],"24":[10],"25":[3],"26":[7],"27":[5],"28":[3],"29":[0],"30":[0],"31":[4],"32":[1],"33":[4],"34":[2],"35":[4],"36":[3],"37":[1],"38":[4],"39":[8],"40":[3],"41":[1],"42":[2]},"fnMap":{"0":{"name":"<static_initializer>","decl":{"start":{"line":4,"column":30},"end":{"line":175,"column":1}},"loc":{"start":{"line":4,"column":30},"end":{"line":175,"column":1}},"line":4},"1":{"name":"detectType","decl":{"start":{"line":11,"column":17},"end":{"line":21,"column":3}},"loc":{"start":{"line":11,"column":17},"end":{"line":21,"column":3}},"line":11},"2":{"name":"compressData","decl":{"start":{"line":26,"column":9},"end":{"line":44,"column":3}},"loc":{"start":{"line":26,"column":9},"end":{"line":44,"column":3}},"line":26},"3":{"name":"string","decl":{"start":{"line":35,"column":14},"end":{"line":35,"column":61}},"loc":{"start":{"line":35,"column":14},"end":{"line":35,"column":61}},"line":35},"4":{"name":"array","decl":{"start":{"line":36,"column":13},"end":{"line":36,"column":53}},"loc":{"start":{"line":36,"column":13},"end":{"line":36,"column":53}},"line":36},"5":{"name":"binary","decl":{"start":{"line":37,"column":14},"end":{"line":37,"column":52}},"loc":{"start":{"line":37,"column":14},"end":{"line":37,"column":52}},"line":37},"6":{"name":"object","decl":{"start":{"line":38,"column":14},"end":{"line":38,"column":55}},"loc":{"start":{"line":38,"column":14},"end":{"line":38,"column":55}},"line":38},"7":{"name":"number","decl":{"start":{"line":39,"column":14},"end":{"line":39,"column":41}},"loc":{"start":{"line":39,"column":14},"end":{"line":39,"column":41}},"line":39},"8":{"name":"date","decl":{"start":{"line":40,"column":12},"end":{"line":40,"column":39}},"loc":{"start":{"line":40,"column":12},"end":{"line":40,"column":39}},"line":40},"9":{"name":"decompressData","decl":{"start":{"line":49,"column":9},"end":{"line":69,"column":3}},"loc":{"start":{"line":49,"column":9},"end":{"line":69,"column":3}},"line":49},"10":{"name":"compressString","decl":{"start":{"line":74,"column":17},"end":{"line":83,"column":3}},"loc":{"start":{"line":74,"column":17},"end":{"line":83,"column":3}},"line":74},"11":{"name":"compressArray","decl":{"start":{"line":88,"column":17},"end":{"line":101,"column":3}},"loc":{"start":{"line":88,"column":17},"end":{"line":101,"column":3}},"line":88},"12":{"name":"compressBinary","decl":{"start":{"line":106,"column":17},"end":{"line":109,"column":3}},"loc":{"start":{"line":106,"column":17},"end":{"line":109,"column":3}},"line":106},"13":{"name":"compressObject","decl":{"start":{"line":114,"column":17},"end":{"line":135,"column":3}},"loc":{"start":{"line":114,"column":17},"end":{"line":135,"column":3}},"line":114},"14":{"name":"chunkArray","decl":{"start":{"line":140,"column":17},"end":{"line":146,"column":3}},"loc":{"start":{"line":140,"column":17},"end":{"line":146,"column":3}},"line":140},"15":{"name":"compressChunked","decl":{"start":{"line":151,"column":17},"end":{"line":157,"column":3}},"loc":{"start":{"line":151,"column":17},"end":{"line":157,"column":3}},"line":151},"16":{"name":"decompressChunked","decl":{"start":{"line":162,"column":17},"end":{"line":174,"column":3}},"loc":{"start":{"line":162,"column":17},"end":{"line":174,"column":3}},"line":162}},"f":{"0":1,"1":12,"2":12,"3":0,"4":3,"5":1,"6":4,"7":1,"8":1,"9":12,"10":0,"11":3,"12":1,"13":4,"14":4,"15":0,"16":3}}
}
