{"/home/gfrancodev/Documentos/gfrancodev/uggy/uggy/packages/di/src/core/container-registry.ts": {"path":"/home/gfrancodev/Documentos/gfrancodev/uggy/uggy/packages/di/src/core/container-registry.ts","all":false,"statementMap":{"0":{"start":{"line":1,"column":0},"end":{"line":1,"column":34}},"2":{"start":{"line":3,"column":0},"end":{"line":3,"column":53}},"7":{"start":{"line":8,"column":0},"end":{"line":8,"column":32}},"8":{"start":{"line":9,"column":0},"end":{"line":9,"column":58}},"10":{"start":{"line":11,"column":0},"end":{"line":11,"column":66}},"12":{"start":{"line":13,"column":0},"end":{"line":13,"column":52}},"14":{"start":{"line":15,"column":0},"end":{"line":15,"column":42}},"15":{"start":{"line":16,"column":0},"end":{"line":16,"column":49}},"17":{"start":{"line":18,"column":0},"end":{"line":18,"column":64}},"18":{"start":{"line":19,"column":0},"end":{"line":19,"column":39}},"19":{"start":{"line":20,"column":0},"end":{"line":20,"column":50}},"20":{"start":{"line":21,"column":0},"end":{"line":21,"column":12}},"21":{"start":{"line":22,"column":0},"end":{"line":22,"column":54}},"22":{"start":{"line":23,"column":0},"end":{"line":23,"column":5}},"24":{"start":{"line":25,"column":0},"end":{"line":25,"column":27}},"25":{"start":{"line":26,"column":0},"end":{"line":26,"column":35}},"27":{"start":{"line":28,"column":0},"end":{"line":28,"column":51}},"28":{"start":{"line":29,"column":0},"end":{"line":29,"column":3}},"30":{"start":{"line":31,"column":0},"end":{"line":31,"column":51}},"31":{"start":{"line":32,"column":0},"end":{"line":32,"column":38}},"32":{"start":{"line":33,"column":0},"end":{"line":33,"column":42}},"33":{"start":{"line":34,"column":0},"end":{"line":34,"column":3}},"35":{"start":{"line":36,"column":0},"end":{"line":36,"column":43}},"36":{"start":{"line":37,"column":0},"end":{"line":37,"column":66}},"37":{"start":{"line":38,"column":0},"end":{"line":38,"column":32}},"38":{"start":{"line":39,"column":0},"end":{"line":39,"column":5}},"40":{"start":{"line":41,"column":0},"end":{"line":41,"column":16}},"41":{"start":{"line":42,"column":0},"end":{"line":42,"column":45}},"42":{"start":{"line":43,"column":0},"end":{"line":43,"column":60}},"43":{"start":{"line":44,"column":0},"end":{"line":44,"column":31}},"44":{"start":{"line":45,"column":0},"end":{"line":45,"column":39}},"45":{"start":{"line":46,"column":0},"end":{"line":46,"column":25}},"46":{"start":{"line":47,"column":0},"end":{"line":47,"column":7}},"48":{"start":{"line":49,"column":0},"end":{"line":49,"column":49}},"49":{"start":{"line":50,"column":0},"end":{"line":50,"column":64}},"50":{"start":{"line":51,"column":0},"end":{"line":51,"column":31}},"51":{"start":{"line":52,"column":0},"end":{"line":52,"column":39}},"52":{"start":{"line":53,"column":0},"end":{"line":53,"column":25}},"53":{"start":{"line":54,"column":0},"end":{"line":54,"column":7}},"54":{"start":{"line":55,"column":0},"end":{"line":55,"column":5}},"56":{"start":{"line":57,"column":0},"end":{"line":57,"column":32}},"57":{"start":{"line":58,"column":0},"end":{"line":58,"column":35}},"58":{"start":{"line":59,"column":0},"end":{"line":59,"column":5}},"60":{"start":{"line":61,"column":0},"end":{"line":61,"column":30}},"61":{"start":{"line":62,"column":0},"end":{"line":62,"column":77}},"62":{"start":{"line":63,"column":0},"end":{"line":63,"column":6}},"63":{"start":{"line":64,"column":0},"end":{"line":64,"column":3}},"65":{"start":{"line":66,"column":0},"end":{"line":66,"column":34}},"66":{"start":{"line":67,"column":0},"end":{"line":67,"column":42}},"67":{"start":{"line":68,"column":0},"end":{"line":68,"column":3}},"69":{"start":{"line":70,"column":0},"end":{"line":70,"column":52}},"70":{"start":{"line":71,"column":0},"end":{"line":71,"column":12}},"71":{"start":{"line":72,"column":0},"end":{"line":72,"column":51}},"72":{"start":{"line":73,"column":0},"end":{"line":73,"column":53}},"73":{"start":{"line":74,"column":0},"end":{"line":74,"column":37}},"75":{"start":{"line":76,"column":0},"end":{"line":76,"column":3}},"77":{"start":{"line":78,"column":0},"end":{"line":78,"column":34}},"78":{"start":{"line":79,"column":0},"end":{"line":79,"column":34}},"79":{"start":{"line":80,"column":0},"end":{"line":80,"column":26}},"80":{"start":{"line":81,"column":0},"end":{"line":81,"column":30}},"81":{"start":{"line":82,"column":0},"end":{"line":82,"column":3}},"82":{"start":{"line":83,"column":0},"end":{"line":83,"column":1}}},"s":{"0":1,"2":1,"7":1,"8":24,"10":24,"12":24,"14":24,"15":24,"17":1,"18":31,"19":23,"20":31,"21":8,"22":8,"24":31,"25":31,"27":31,"28":31,"30":1,"31":17,"32":17,"33":17,"35":1,"36":48,"37":5,"38":5,"40":48,"41":6,"42":1,"43":1,"44":1,"45":1,"46":1,"48":6,"49":1,"50":1,"51":1,"52":1,"53":1,"54":6,"56":48,"57":36,"58":36,"60":5,"61":5,"62":5,"63":48,"65":1,"66":28,"67":28,"69":1,"70":31,"71":31,"72":27,"73":25,"75":31,"77":1,"78":2,"79":2,"80":2,"81":2,"82":1},"branchMap":{"0":{"type":"branch","line":8,"loc":{"start":{"line":8,"column":7},"end":{"line":16,"column":49}},"locations":[{"start":{"line":8,"column":7},"end":{"line":16,"column":49}}]},"1":{"type":"branch","line":18,"loc":{"start":{"line":18,"column":2},"end":{"line":29,"column":3}},"locations":[{"start":{"line":18,"column":2},"end":{"line":29,"column":3}}]},"2":{"type":"branch","line":19,"loc":{"start":{"line":19,"column":38},"end":{"line":21,"column":11}},"locations":[{"start":{"line":19,"column":38},"end":{"line":21,"column":11}}]},"3":{"type":"branch","line":21,"loc":{"start":{"line":21,"column":4},"end":{"line":23,"column":5}},"locations":[{"start":{"line":21,"column":4},"end":{"line":23,"column":5}}]},"4":{"type":"branch","line":31,"loc":{"start":{"line":31,"column":2},"end":{"line":34,"column":3}},"locations":[{"start":{"line":31,"column":2},"end":{"line":34,"column":3}}]},"5":{"type":"branch","line":36,"loc":{"start":{"line":36,"column":2},"end":{"line":64,"column":3}},"locations":[{"start":{"line":36,"column":2},"end":{"line":64,"column":3}}]},"6":{"type":"branch","line":37,"loc":{"start":{"line":37,"column":8},"end":{"line":37,"column":45}},"locations":[{"start":{"line":37,"column":8},"end":{"line":37,"column":45}}]},"7":{"type":"branch","line":37,"loc":{"start":{"line":37,"column":36},"end":{"line":37,"column":65}},"locations":[{"start":{"line":37,"column":36},"end":{"line":37,"column":65}}]},"8":{"type":"branch","line":37,"loc":{"start":{"line":37,"column":65},"end":{"line":39,"column":5}},"locations":[{"start":{"line":37,"column":65},"end":{"line":39,"column":5}}]},"9":{"type":"branch","line":39,"loc":{"start":{"line":39,"column":4},"end":{"line":41,"column":15}},"locations":[{"start":{"line":39,"column":4},"end":{"line":41,"column":15}}]},"10":{"type":"branch","line":41,"loc":{"start":{"line":41,"column":15},"end":{"line":55,"column":5}},"locations":[{"start":{"line":41,"column":15},"end":{"line":55,"column":5}}]},"11":{"type":"branch","line":42,"loc":{"start":{"line":42,"column":44},"end":{"line":47,"column":7}},"locations":[{"start":{"line":42,"column":44},"end":{"line":47,"column":7}}]},"12":{"type":"branch","line":47,"loc":{"start":{"line":47,"column":6},"end":{"line":49,"column":48}},"locations":[{"start":{"line":47,"column":6},"end":{"line":49,"column":48}}]},"13":{"type":"branch","line":49,"loc":{"start":{"line":49,"column":48},"end":{"line":54,"column":7}},"locations":[{"start":{"line":49,"column":48},"end":{"line":54,"column":7}}]},"14":{"type":"branch","line":55,"loc":{"start":{"line":55,"column":4},"end":{"line":57,"column":31}},"locations":[{"start":{"line":55,"column":4},"end":{"line":57,"column":31}}]},"15":{"type":"branch","line":57,"loc":{"start":{"line":57,"column":31},"end":{"line":59,"column":5}},"locations":[{"start":{"line":57,"column":31},"end":{"line":59,"column":5}}]},"16":{"type":"branch","line":59,"loc":{"start":{"line":59,"column":4},"end":{"line":63,"column":6}},"locations":[{"start":{"line":59,"column":4},"end":{"line":63,"column":6}}]},"17":{"type":"branch","line":66,"loc":{"start":{"line":66,"column":2},"end":{"line":68,"column":3}},"locations":[{"start":{"line":66,"column":2},"end":{"line":68,"column":3}}]},"18":{"type":"branch","line":70,"loc":{"start":{"line":70,"column":10},"end":{"line":76,"column":3}},"locations":[{"start":{"line":70,"column":10},"end":{"line":76,"column":3}}]},"19":{"type":"branch","line":72,"loc":{"start":{"line":72,"column":47},"end":{"line":73,"column":53}},"locations":[{"start":{"line":72,"column":47},"end":{"line":73,"column":53}}]},"20":{"type":"branch","line":73,"loc":{"start":{"line":73,"column":49},"end":{"line":74,"column":37}},"locations":[{"start":{"line":73,"column":49},"end":{"line":74,"column":37}}]},"21":{"type":"branch","line":78,"loc":{"start":{"line":78,"column":2},"end":{"line":82,"column":3}},"locations":[{"start":{"line":78,"column":2},"end":{"line":82,"column":3}}]}},"b":{"0":[24],"1":[31],"2":[23],"3":[8],"4":[17],"5":[48],"6":[11],"7":[5],"8":[5],"9":[43],"10":[6],"11":[1],"12":[5],"13":[1],"14":[41],"15":[36],"16":[5],"17":[28],"18":[31],"19":[27],"20":[25],"21":[2]},"fnMap":{"0":{"name":"ContainerRegistry","decl":{"start":{"line":8,"column":7},"end":{"line":16,"column":49}},"loc":{"start":{"line":8,"column":7},"end":{"line":16,"column":49}},"line":8},"1":{"name":"registerContainer","decl":{"start":{"line":18,"column":2},"end":{"line":29,"column":3}},"loc":{"start":{"line":18,"column":2},"end":{"line":29,"column":3}},"line":18},"2":{"name":"setDefaultContainer","decl":{"start":{"line":31,"column":2},"end":{"line":34,"column":3}},"loc":{"start":{"line":31,"column":2},"end":{"line":34,"column":3}},"line":31},"3":{"name":"getContainer","decl":{"start":{"line":36,"column":2},"end":{"line":64,"column":3}},"loc":{"start":{"line":36,"column":2},"end":{"line":64,"column":3}},"line":36},"4":{"name":"hasDefaultContainer","decl":{"start":{"line":66,"column":2},"end":{"line":68,"column":3}},"loc":{"start":{"line":66,"column":2},"end":{"line":68,"column":3}},"line":66},"5":{"name":"isTransientScope","decl":{"start":{"line":70,"column":10},"end":{"line":76,"column":3}},"loc":{"start":{"line":70,"column":10},"end":{"line":76,"column":3}},"line":70},"6":{"name":"cleanupTransientScopes","decl":{"start":{"line":78,"column":2},"end":{"line":82,"column":3}},"loc":{"start":{"line":78,"column":2},"end":{"line":82,"column":3}},"line":78}},"f":{"0":24,"1":31,"2":17,"3":48,"4":28,"5":31,"6":2}}
,"/home/gfrancodev/Documentos/gfrancodev/uggy/uggy/packages/di/src/core/container.ts": {"path":"/home/gfrancodev/Documentos/gfrancodev/uggy/uggy/packages/di/src/core/container.ts","all":false,"statementMap":{"1":{"start":{"line":2,"column":0},"end":{"line":2,"column":59}},"2":{"start":{"line":3,"column":0},"end":{"line":3,"column":59}},"3":{"start":{"line":4,"column":0},"end":{"line":4,"column":56}},"4":{"start":{"line":5,"column":0},"end":{"line":5,"column":34}},"17":{"start":{"line":18,"column":0},"end":{"line":18,"column":24}},"21":{"start":{"line":22,"column":0},"end":{"line":22,"column":65}},"23":{"start":{"line":24,"column":0},"end":{"line":24,"column":51}},"25":{"start":{"line":26,"column":0},"end":{"line":26,"column":15}},"26":{"start":{"line":27,"column":0},"end":{"line":27,"column":19}},"27":{"start":{"line":28,"column":0},"end":{"line":28,"column":18}},"28":{"start":{"line":29,"column":0},"end":{"line":29,"column":21}},"29":{"start":{"line":30,"column":0},"end":{"line":30,"column":18}},"30":{"start":{"line":31,"column":0},"end":{"line":31,"column":6}},"43":{"start":{"line":44,"column":0},"end":{"line":44,"column":11}},"44":{"start":{"line":45,"column":0},"end":{"line":45,"column":21}},"45":{"start":{"line":46,"column":0},"end":{"line":46,"column":25}},"46":{"start":{"line":47,"column":0},"end":{"line":47,"column":45}},"47":{"start":{"line":48,"column":0},"end":{"line":48,"column":65}},"48":{"start":{"line":49,"column":0},"end":{"line":49,"column":64}},"50":{"start":{"line":51,"column":0},"end":{"line":51,"column":35}},"51":{"start":{"line":52,"column":0},"end":{"line":52,"column":46}},"52":{"start":{"line":53,"column":0},"end":{"line":53,"column":34}},"53":{"start":{"line":54,"column":0},"end":{"line":54,"column":38}},"54":{"start":{"line":55,"column":0},"end":{"line":55,"column":34}},"55":{"start":{"line":56,"column":0},"end":{"line":56,"column":36}},"56":{"start":{"line":57,"column":0},"end":{"line":57,"column":24}},"57":{"start":{"line":58,"column":0},"end":{"line":58,"column":42}},"58":{"start":{"line":59,"column":0},"end":{"line":59,"column":8}},"59":{"start":{"line":60,"column":0},"end":{"line":60,"column":52}},"60":{"start":{"line":61,"column":0},"end":{"line":61,"column":7}},"62":{"start":{"line":63,"column":0},"end":{"line":63,"column":20}},"63":{"start":{"line":64,"column":0},"end":{"line":64,"column":23}},"64":{"start":{"line":65,"column":0},"end":{"line":65,"column":73}},"65":{"start":{"line":66,"column":0},"end":{"line":66,"column":28}},"66":{"start":{"line":67,"column":0},"end":{"line":67,"column":7}},"67":{"start":{"line":68,"column":0},"end":{"line":68,"column":3}},"74":{"start":{"line":75,"column":0},"end":{"line":75,"column":52}},"75":{"start":{"line":76,"column":0},"end":{"line":76,"column":33}},"76":{"start":{"line":77,"column":0},"end":{"line":77,"column":18}},"77":{"start":{"line":78,"column":0},"end":{"line":78,"column":38}},"78":{"start":{"line":79,"column":0},"end":{"line":79,"column":6}},"79":{"start":{"line":80,"column":0},"end":{"line":80,"column":3}},"84":{"start":{"line":85,"column":0},"end":{"line":85,"column":50}},"85":{"start":{"line":86,"column":0},"end":{"line":86,"column":42}},"86":{"start":{"line":87,"column":0},"end":{"line":87,"column":11}},"87":{"start":{"line":88,"column":0},"end":{"line":88,"column":24}},"88":{"start":{"line":89,"column":0},"end":{"line":89,"column":32}},"89":{"start":{"line":90,"column":0},"end":{"line":90,"column":28}},"90":{"start":{"line":91,"column":0},"end":{"line":91,"column":65}},"91":{"start":{"line":92,"column":0},"end":{"line":92,"column":66}},"92":{"start":{"line":93,"column":0},"end":{"line":93,"column":7}},"93":{"start":{"line":94,"column":0},"end":{"line":94,"column":7}},"94":{"start":{"line":95,"column":0},"end":{"line":95,"column":3}},"101":{"start":{"line":102,"column":0},"end":{"line":102,"column":54}},"102":{"start":{"line":103,"column":0},"end":{"line":103,"column":66}},"103":{"start":{"line":104,"column":0},"end":{"line":104,"column":3}},"110":{"start":{"line":111,"column":0},"end":{"line":111,"column":9}},"111":{"start":{"line":112,"column":0},"end":{"line":112,"column":25}},"112":{"start":{"line":113,"column":0},"end":{"line":113,"column":14}},"115":{"start":{"line":116,"column":0},"end":{"line":116,"column":11}},"116":{"start":{"line":117,"column":0},"end":{"line":117,"column":11}},"117":{"start":{"line":118,"column":0},"end":{"line":118,"column":50}},"119":{"start":{"line":120,"column":0},"end":{"line":120,"column":46}},"120":{"start":{"line":121,"column":0},"end":{"line":121,"column":40}},"121":{"start":{"line":122,"column":0},"end":{"line":122,"column":46}},"122":{"start":{"line":123,"column":0},"end":{"line":123,"column":16}},"124":{"start":{"line":125,"column":0},"end":{"line":125,"column":72}},"125":{"start":{"line":126,"column":0},"end":{"line":126,"column":43}},"126":{"start":{"line":127,"column":0},"end":{"line":127,"column":7}},"127":{"start":{"line":128,"column":0},"end":{"line":128,"column":7}},"129":{"start":{"line":130,"column":0},"end":{"line":130,"column":20}},"130":{"start":{"line":131,"column":0},"end":{"line":131,"column":21}},"131":{"start":{"line":132,"column":0},"end":{"line":132,"column":16}},"132":{"start":{"line":133,"column":0},"end":{"line":133,"column":45}},"133":{"start":{"line":134,"column":0},"end":{"line":134,"column":35}},"134":{"start":{"line":135,"column":0},"end":{"line":135,"column":41}},"135":{"start":{"line":136,"column":0},"end":{"line":136,"column":16}},"136":{"start":{"line":137,"column":0},"end":{"line":137,"column":8}},"137":{"start":{"line":138,"column":0},"end":{"line":138,"column":28}},"138":{"start":{"line":139,"column":0},"end":{"line":139,"column":7}},"139":{"start":{"line":140,"column":0},"end":{"line":140,"column":3}},"145":{"start":{"line":146,"column":0},"end":{"line":146,"column":70}},"146":{"start":{"line":147,"column":0},"end":{"line":147,"column":43}},"147":{"start":{"line":148,"column":0},"end":{"line":148,"column":3}},"152":{"start":{"line":153,"column":0},"end":{"line":153,"column":21}},"153":{"start":{"line":154,"column":0},"end":{"line":154,"column":21}},"154":{"start":{"line":155,"column":0},"end":{"line":155,"column":3}},"159":{"start":{"line":160,"column":0},"end":{"line":160,"column":56}},"160":{"start":{"line":161,"column":0},"end":{"line":161,"column":57}},"162":{"start":{"line":163,"column":0},"end":{"line":163,"column":20}},"163":{"start":{"line":164,"column":0},"end":{"line":164,"column":23}},"164":{"start":{"line":165,"column":0},"end":{"line":165,"column":12}},"165":{"start":{"line":166,"column":0},"end":{"line":166,"column":26}},"166":{"start":{"line":167,"column":0},"end":{"line":167,"column":28}},"167":{"start":{"line":168,"column":0},"end":{"line":168,"column":7}},"169":{"start":{"line":170,"column":0},"end":{"line":170,"column":18}},"170":{"start":{"line":171,"column":0},"end":{"line":171,"column":3}},"175":{"start":{"line":176,"column":0},"end":{"line":176,"column":31}},"176":{"start":{"line":177,"column":0},"end":{"line":177,"column":9}},"178":{"start":{"line":179,"column":0},"end":{"line":179,"column":37}},"179":{"start":{"line":180,"column":0},"end":{"line":180,"column":55}},"181":{"start":{"line":182,"column":0},"end":{"line":182,"column":24}},"182":{"start":{"line":183,"column":0},"end":{"line":183,"column":26}},"183":{"start":{"line":184,"column":0},"end":{"line":184,"column":16}},"184":{"start":{"line":185,"column":0},"end":{"line":185,"column":53}},"185":{"start":{"line":186,"column":0},"end":{"line":186,"column":32}},"186":{"start":{"line":187,"column":0},"end":{"line":187,"column":11}},"188":{"start":{"line":189,"column":0},"end":{"line":189,"column":22}},"189":{"start":{"line":190,"column":0},"end":{"line":190,"column":7}},"192":{"start":{"line":193,"column":0},"end":{"line":193,"column":24}},"193":{"start":{"line":194,"column":0},"end":{"line":194,"column":13}},"194":{"start":{"line":195,"column":0},"end":{"line":195,"column":55}},"196":{"start":{"line":197,"column":0},"end":{"line":197,"column":26}},"197":{"start":{"line":198,"column":0},"end":{"line":198,"column":28}},"198":{"start":{"line":199,"column":0},"end":{"line":199,"column":18}},"199":{"start":{"line":200,"column":0},"end":{"line":200,"column":57}},"200":{"start":{"line":201,"column":0},"end":{"line":201,"column":34}},"201":{"start":{"line":202,"column":0},"end":{"line":202,"column":13}},"203":{"start":{"line":204,"column":0},"end":{"line":204,"column":24}},"204":{"start":{"line":205,"column":0},"end":{"line":205,"column":25}},"206":{"start":{"line":207,"column":0},"end":{"line":207,"column":9}},"207":{"start":{"line":208,"column":0},"end":{"line":208,"column":7}},"210":{"start":{"line":211,"column":0},"end":{"line":211,"column":64}},"211":{"start":{"line":212,"column":0},"end":{"line":212,"column":30}},"212":{"start":{"line":213,"column":0},"end":{"line":213,"column":22}},"213":{"start":{"line":214,"column":0},"end":{"line":214,"column":22}},"214":{"start":{"line":215,"column":0},"end":{"line":215,"column":14}},"215":{"start":{"line":216,"column":0},"end":{"line":216,"column":18}},"216":{"start":{"line":217,"column":0},"end":{"line":217,"column":16}},"217":{"start":{"line":218,"column":0},"end":{"line":218,"column":50}},"218":{"start":{"line":219,"column":0},"end":{"line":219,"column":10}},"219":{"start":{"line":220,"column":0},"end":{"line":220,"column":30}},"220":{"start":{"line":221,"column":0},"end":{"line":221,"column":9}},"222":{"start":{"line":223,"column":0},"end":{"line":223,"column":18}},"223":{"start":{"line":224,"column":0},"end":{"line":224,"column":5}},"224":{"start":{"line":225,"column":0},"end":{"line":225,"column":3}},"229":{"start":{"line":230,"column":0},"end":{"line":230,"column":51}},"230":{"start":{"line":231,"column":0},"end":{"line":231,"column":9}},"231":{"start":{"line":232,"column":0},"end":{"line":232,"column":64}},"233":{"start":{"line":234,"column":0},"end":{"line":234,"column":22}},"234":{"start":{"line":235,"column":0},"end":{"line":235,"column":24}},"235":{"start":{"line":236,"column":0},"end":{"line":236,"column":14}},"236":{"start":{"line":237,"column":0},"end":{"line":237,"column":48}},"237":{"start":{"line":238,"column":0},"end":{"line":238,"column":30}},"238":{"start":{"line":239,"column":0},"end":{"line":239,"column":9}},"240":{"start":{"line":241,"column":0},"end":{"line":241,"column":20}},"241":{"start":{"line":242,"column":0},"end":{"line":242,"column":30}},"242":{"start":{"line":243,"column":0},"end":{"line":243,"column":22}},"243":{"start":{"line":244,"column":0},"end":{"line":244,"column":22}},"244":{"start":{"line":245,"column":0},"end":{"line":245,"column":14}},"245":{"start":{"line":246,"column":0},"end":{"line":246,"column":18}},"246":{"start":{"line":247,"column":0},"end":{"line":247,"column":16}},"247":{"start":{"line":248,"column":0},"end":{"line":248,"column":50}},"248":{"start":{"line":249,"column":0},"end":{"line":249,"column":22}},"249":{"start":{"line":250,"column":0},"end":{"line":250,"column":10}},"250":{"start":{"line":251,"column":0},"end":{"line":251,"column":30}},"251":{"start":{"line":252,"column":0},"end":{"line":252,"column":9}},"253":{"start":{"line":254,"column":0},"end":{"line":254,"column":18}},"254":{"start":{"line":255,"column":0},"end":{"line":255,"column":5}},"255":{"start":{"line":256,"column":0},"end":{"line":256,"column":3}},"260":{"start":{"line":261,"column":0},"end":{"line":261,"column":23}},"261":{"start":{"line":262,"column":0},"end":{"line":262,"column":38}},"263":{"start":{"line":264,"column":0},"end":{"line":264,"column":20}},"264":{"start":{"line":265,"column":0},"end":{"line":265,"column":20}},"265":{"start":{"line":266,"column":0},"end":{"line":266,"column":36}},"266":{"start":{"line":267,"column":0},"end":{"line":267,"column":28}},"267":{"start":{"line":268,"column":0},"end":{"line":268,"column":7}},"268":{"start":{"line":269,"column":0},"end":{"line":269,"column":3}},"270":{"start":{"line":271,"column":0},"end":{"line":271,"column":72}},"271":{"start":{"line":272,"column":0},"end":{"line":272,"column":63}},"272":{"start":{"line":273,"column":0},"end":{"line":273,"column":3}},"274":{"start":{"line":275,"column":0},"end":{"line":275,"column":26}},"275":{"start":{"line":276,"column":0},"end":{"line":276,"column":49}},"276":{"start":{"line":277,"column":0},"end":{"line":277,"column":3}},"278":{"start":{"line":279,"column":0},"end":{"line":279,"column":33}},"279":{"start":{"line":280,"column":0},"end":{"line":280,"column":41}},"280":{"start":{"line":281,"column":0},"end":{"line":281,"column":3}},"292":{"start":{"line":293,"column":0},"end":{"line":293,"column":16}},"293":{"start":{"line":294,"column":0},"end":{"line":294,"column":17}},"294":{"start":{"line":295,"column":0},"end":{"line":295,"column":23}},"295":{"start":{"line":296,"column":0},"end":{"line":296,"column":21}},"296":{"start":{"line":297,"column":0},"end":{"line":297,"column":17}},"297":{"start":{"line":298,"column":0},"end":{"line":298,"column":70}},"298":{"start":{"line":299,"column":0},"end":{"line":299,"column":3}},"299":{"start":{"line":300,"column":0},"end":{"line":300,"column":1}}},"s":{"1":1,"2":1,"3":1,"4":1,"17":1,"21":1,"23":1,"25":1,"26":109,"27":109,"28":109,"29":109,"30":109,"43":109,"44":109,"45":109,"46":109,"47":109,"48":109,"50":109,"51":1,"52":1,"53":1,"54":1,"55":1,"56":1,"57":1,"58":1,"59":1,"60":109,"62":109,"63":109,"64":109,"65":109,"66":109,"67":109,"74":1,"75":16,"76":16,"77":8,"78":8,"79":16,"84":1,"85":280,"86":23,"87":23,"88":23,"89":2,"90":2,"91":2,"92":2,"93":280,"94":280,"101":1,"102":22,"103":22,"110":1,"111":4,"112":4,"115":4,"116":4,"117":4,"119":4,"120":4,"121":1,"122":3,"124":4,"125":3,"126":3,"127":4,"129":4,"130":4,"131":4,"132":4,"133":4,"134":4,"135":4,"136":4,"137":4,"138":4,"139":4,"145":1,"146":5,"147":5,"152":1,"153":5,"154":5,"159":1,"160":93,"162":93,"163":93,"164":93,"165":93,"166":93,"167":93,"169":93,"170":93,"175":1,"176":59,"178":59,"179":50,"181":50,"182":50,"183":50,"184":50,"185":50,"186":50,"188":50,"189":50,"192":53,"193":2,"194":2,"196":2,"197":2,"198":2,"199":2,"200":2,"201":2,"203":2,"204":2,"206":1,"207":2,"210":8,"211":59,"212":11,"213":11,"214":11,"215":11,"216":11,"217":11,"218":11,"219":11,"220":11,"222":11,"223":11,"224":59,"229":1,"230":5,"231":5,"233":2,"234":2,"235":2,"236":2,"237":2,"238":2,"240":2,"241":5,"242":3,"243":3,"244":3,"245":3,"246":3,"247":3,"248":3,"249":3,"250":3,"251":3,"253":3,"254":3,"255":5,"260":1,"261":10,"263":10,"264":10,"265":10,"266":10,"267":10,"268":10,"270":1,"271":1,"272":1,"274":1,"275":1,"276":1,"278":1,"279":1,"280":1,"292":1,"293":4,"294":4,"295":4,"296":4,"297":4,"298":4,"299":1},"branchMap":{"0":{"type":"branch","line":26,"loc":{"start":{"line":26,"column":2},"end":{"line":68,"column":3}},"locations":[{"start":{"line":26,"column":2},"end":{"line":68,"column":3}}]},"1":{"type":"branch","line":51,"loc":{"start":{"line":51,"column":22},"end":{"line":61,"column":5}},"locations":[{"start":{"line":51,"column":22},"end":{"line":61,"column":5}}]},"2":{"type":"branch","line":75,"loc":{"start":{"line":75,"column":2},"end":{"line":80,"column":3}},"locations":[{"start":{"line":75,"column":2},"end":{"line":80,"column":3}}]},"3":{"type":"branch","line":77,"loc":{"start":{"line":77,"column":11},"end":{"line":79,"column":6}},"locations":[{"start":{"line":77,"column":11},"end":{"line":79,"column":6}}]},"4":{"type":"branch","line":85,"loc":{"start":{"line":85,"column":10},"end":{"line":95,"column":3}},"locations":[{"start":{"line":85,"column":10},"end":{"line":95,"column":3}}]},"5":{"type":"branch","line":86,"loc":{"start":{"line":86,"column":27},"end":{"line":94,"column":5}},"locations":[{"start":{"line":86,"column":27},"end":{"line":94,"column":5}}]},"6":{"type":"branch","line":89,"loc":{"start":{"line":89,"column":6},"end":{"line":93,"column":7}},"locations":[{"start":{"line":89,"column":6},"end":{"line":93,"column":7}}]},"7":{"type":"branch","line":91,"loc":{"start":{"line":91,"column":27},"end":{"line":91,"column":51}},"locations":[{"start":{"line":91,"column":27},"end":{"line":91,"column":51}}]},"8":{"type":"branch","line":91,"loc":{"start":{"line":91,"column":41},"end":{"line":91,"column":65}},"locations":[{"start":{"line":91,"column":41},"end":{"line":91,"column":65}}]},"9":{"type":"branch","line":102,"loc":{"start":{"line":102,"column":10},"end":{"line":104,"column":3}},"locations":[{"start":{"line":102,"column":10},"end":{"line":104,"column":3}}]},"10":{"type":"branch","line":103,"loc":{"start":{"line":103,"column":28},"end":{"line":103,"column":52}},"locations":[{"start":{"line":103,"column":28},"end":{"line":103,"column":52}}]},"11":{"type":"branch","line":103,"loc":{"start":{"line":103,"column":42},"end":{"line":103,"column":66}},"locations":[{"start":{"line":103,"column":42},"end":{"line":103,"column":66}}]},"12":{"type":"branch","line":111,"loc":{"start":{"line":111,"column":2},"end":{"line":140,"column":3}},"locations":[{"start":{"line":111,"column":2},"end":{"line":140,"column":3}}]},"13":{"type":"branch","line":120,"loc":{"start":{"line":120,"column":22},"end":{"line":128,"column":5}},"locations":[{"start":{"line":120,"column":22},"end":{"line":128,"column":5}}]},"14":{"type":"branch","line":121,"loc":{"start":{"line":121,"column":34},"end":{"line":122,"column":46}},"locations":[{"start":{"line":121,"column":34},"end":{"line":122,"column":46}}]},"15":{"type":"branch","line":122,"loc":{"start":{"line":122,"column":44},"end":{"line":123,"column":16}},"locations":[{"start":{"line":122,"column":44},"end":{"line":123,"column":16}}]},"16":{"type":"branch","line":125,"loc":{"start":{"line":125,"column":18},"end":{"line":125,"column":71}},"locations":[{"start":{"line":125,"column":18},"end":{"line":125,"column":71}}]},"17":{"type":"branch","line":125,"loc":{"start":{"line":125,"column":71},"end":{"line":127,"column":7}},"locations":[{"start":{"line":125,"column":71},"end":{"line":127,"column":7}}]},"18":{"type":"branch","line":146,"loc":{"start":{"line":146,"column":2},"end":{"line":148,"column":3}},"locations":[{"start":{"line":146,"column":2},"end":{"line":148,"column":3}}]},"19":{"type":"branch","line":153,"loc":{"start":{"line":153,"column":2},"end":{"line":155,"column":3}},"locations":[{"start":{"line":153,"column":2},"end":{"line":155,"column":3}}]},"20":{"type":"branch","line":160,"loc":{"start":{"line":160,"column":2},"end":{"line":171,"column":3}},"locations":[{"start":{"line":160,"column":2},"end":{"line":171,"column":3}}]},"21":{"type":"branch","line":176,"loc":{"start":{"line":176,"column":2},"end":{"line":225,"column":3}},"locations":[{"start":{"line":176,"column":2},"end":{"line":225,"column":3}}]},"22":{"type":"branch","line":179,"loc":{"start":{"line":179,"column":36},"end":{"line":212,"column":13}},"locations":[{"start":{"line":179,"column":36},"end":{"line":212,"column":13}}]},"23":{"type":"branch","line":179,"loc":{"start":{"line":179,"column":36},"end":{"line":193,"column":23}},"locations":[{"start":{"line":179,"column":36},"end":{"line":193,"column":23}}]},"24":{"type":"branch","line":179,"loc":{"start":{"line":179,"column":36},"end":{"line":190,"column":7}},"locations":[{"start":{"line":179,"column":36},"end":{"line":190,"column":7}}]},"25":{"type":"branch","line":190,"loc":{"start":{"line":190,"column":6},"end":{"line":193,"column":23}},"locations":[{"start":{"line":190,"column":6},"end":{"line":193,"column":23}}]},"26":{"type":"branch","line":193,"loc":{"start":{"line":193,"column":23},"end":{"line":212,"column":13}},"locations":[{"start":{"line":193,"column":23},"end":{"line":212,"column":13}}]},"27":{"type":"branch","line":193,"loc":{"start":{"line":193,"column":23},"end":{"line":208,"column":7}},"locations":[{"start":{"line":193,"column":23},"end":{"line":208,"column":7}}]},"28":{"type":"branch","line":205,"loc":{"start":{"line":205,"column":8},"end":{"line":207,"column":9}},"locations":[{"start":{"line":205,"column":8},"end":{"line":207,"column":9}}]},"29":{"type":"branch","line":208,"loc":{"start":{"line":208,"column":6},"end":{"line":212,"column":13}},"locations":[{"start":{"line":208,"column":6},"end":{"line":212,"column":13}}]},"30":{"type":"branch","line":212,"loc":{"start":{"line":212,"column":4},"end":{"line":224,"column":5}},"locations":[{"start":{"line":212,"column":4},"end":{"line":224,"column":5}}]},"31":{"type":"branch","line":230,"loc":{"start":{"line":230,"column":2},"end":{"line":256,"column":3}},"locations":[{"start":{"line":230,"column":2},"end":{"line":256,"column":3}}]},"32":{"type":"branch","line":232,"loc":{"start":{"line":232,"column":62},"end":{"line":242,"column":13}},"locations":[{"start":{"line":232,"column":62},"end":{"line":242,"column":13}}]},"33":{"type":"branch","line":242,"loc":{"start":{"line":242,"column":4},"end":{"line":255,"column":5}},"locations":[{"start":{"line":242,"column":4},"end":{"line":255,"column":5}}]},"34":{"type":"branch","line":261,"loc":{"start":{"line":261,"column":2},"end":{"line":269,"column":3}},"locations":[{"start":{"line":261,"column":2},"end":{"line":269,"column":3}}]},"35":{"type":"branch","line":271,"loc":{"start":{"line":271,"column":2},"end":{"line":273,"column":3}},"locations":[{"start":{"line":271,"column":2},"end":{"line":273,"column":3}}]},"36":{"type":"branch","line":275,"loc":{"start":{"line":275,"column":2},"end":{"line":277,"column":3}},"locations":[{"start":{"line":275,"column":2},"end":{"line":277,"column":3}}]},"37":{"type":"branch","line":279,"loc":{"start":{"line":279,"column":2},"end":{"line":281,"column":3}},"locations":[{"start":{"line":279,"column":2},"end":{"line":281,"column":3}}]},"38":{"type":"branch","line":293,"loc":{"start":{"line":293,"column":2},"end":{"line":299,"column":3}},"locations":[{"start":{"line":293,"column":2},"end":{"line":299,"column":3}}]}},"b":{"0":[109],"1":[1],"2":[16],"3":[8],"4":[280],"5":[23],"6":[2],"7":[1],"8":[1],"9":[22],"10":[15],"11":[7],"12":[4],"13":[4],"14":[1],"15":[3],"16":[3],"17":[3],"18":[5],"19":[5],"20":[93],"21":[59],"22":[53],"23":[52],"24":[50],"25":[9],"26":[45],"27":[2],"28":[1],"29":[8],"30":[11],"31":[5],"32":[2],"33":[3],"34":[10],"35":[1],"36":[1],"37":[1],"38":[4]},"fnMap":{"0":{"name":"Container","decl":{"start":{"line":26,"column":2},"end":{"line":68,"column":3}},"loc":{"start":{"line":26,"column":2},"end":{"line":68,"column":3}},"line":26},"1":{"name":"observe","decl":{"start":{"line":75,"column":2},"end":{"line":80,"column":3}},"loc":{"start":{"line":75,"column":2},"end":{"line":80,"column":3}},"line":75},"2":{"name":"emitEvent","decl":{"start":{"line":85,"column":10},"end":{"line":95,"column":3}},"loc":{"start":{"line":85,"column":10},"end":{"line":95,"column":3}},"line":85},"3":{"name":"formatErrorMessage","decl":{"start":{"line":102,"column":10},"end":{"line":104,"column":3}},"loc":{"start":{"line":102,"column":10},"end":{"line":104,"column":3}},"line":102},"4":{"name":"import","decl":{"start":{"line":111,"column":2},"end":{"line":140,"column":3}},"loc":{"start":{"line":111,"column":2},"end":{"line":140,"column":3}},"line":111},"5":{"name":"exportProviders","decl":{"start":{"line":146,"column":2},"end":{"line":148,"column":3}},"loc":{"start":{"line":146,"column":2},"end":{"line":148,"column":3}},"line":146},"6":{"name":"getName","decl":{"start":{"line":153,"column":2},"end":{"line":155,"column":3}},"loc":{"start":{"line":153,"column":2},"end":{"line":155,"column":3}},"line":153},"7":{"name":"register","decl":{"start":{"line":160,"column":2},"end":{"line":171,"column":3}},"loc":{"start":{"line":160,"column":2},"end":{"line":171,"column":3}},"line":160},"8":{"name":"resolve","decl":{"start":{"line":176,"column":2},"end":{"line":225,"column":3}},"loc":{"start":{"line":176,"column":2},"end":{"line":225,"column":3}},"line":176},"9":{"name":"resolveAsync","decl":{"start":{"line":230,"column":2},"end":{"line":256,"column":3}},"loc":{"start":{"line":230,"column":2},"end":{"line":256,"column":3}},"line":230},"10":{"name":"clearRequestScope","decl":{"start":{"line":261,"column":2},"end":{"line":269,"column":3}},"loc":{"start":{"line":261,"column":2},"end":{"line":269,"column":3}},"line":261},"11":{"name":"startGarbageCollector","decl":{"start":{"line":271,"column":2},"end":{"line":273,"column":3}},"loc":{"start":{"line":271,"column":2},"end":{"line":273,"column":3}},"line":271},"12":{"name":"stopGarbageCollector","decl":{"start":{"line":275,"column":2},"end":{"line":277,"column":3}},"loc":{"start":{"line":275,"column":2},"end":{"line":277,"column":3}},"line":275},"13":{"name":"invalidateCache","decl":{"start":{"line":279,"column":2},"end":{"line":281,"column":3}},"loc":{"start":{"line":279,"column":2},"end":{"line":281,"column":3}},"line":279},"14":{"name":"getPromise","decl":{"start":{"line":293,"column":2},"end":{"line":299,"column":3}},"loc":{"start":{"line":293,"column":2},"end":{"line":299,"column":3}},"line":293}},"f":{"0":109,"1":16,"2":280,"3":22,"4":4,"5":5,"6":5,"7":93,"8":59,"9":5,"10":10,"11":1,"12":1,"13":1,"14":4}}
,"/home/gfrancodev/Documentos/gfrancodev/uggy/uggy/packages/di/src/core/dependency-error.ts": {"path":"/home/gfrancodev/Documentos/gfrancodev/uggy/uggy/packages/di/src/core/dependency-error.ts","all":false,"statementMap":{"0":{"start":{"line":1,"column":0},"end":{"line":1,"column":34}},"2":{"start":{"line":3,"column":0},"end":{"line":3,"column":44}},"3":{"start":{"line":4,"column":0},"end":{"line":4,"column":32}},"4":{"start":{"line":5,"column":0},"end":{"line":5,"column":19}},"5":{"start":{"line":6,"column":0},"end":{"line":6,"column":40}},"6":{"start":{"line":7,"column":0},"end":{"line":7,"column":26}},"7":{"start":{"line":8,"column":0},"end":{"line":8,"column":3}},"8":{"start":{"line":9,"column":0},"end":{"line":9,"column":1}}},"s":{"0":1,"2":1,"3":1,"4":53,"5":53,"6":53,"7":53,"8":1},"branchMap":{"0":{"type":"branch","line":4,"loc":{"start":{"line":4,"column":2},"end":{"line":8,"column":3}},"locations":[{"start":{"line":4,"column":2},"end":{"line":8,"column":3}}]}},"b":{"0":[53]},"fnMap":{"0":{"name":"DependencyError","decl":{"start":{"line":4,"column":2},"end":{"line":8,"column":3}},"loc":{"start":{"line":4,"column":2},"end":{"line":8,"column":3}},"line":4}},"f":{"0":53}}
,"/home/gfrancodev/Documentos/gfrancodev/uggy/uggy/packages/di/src/core/dependency-registry.ts": {"path":"/home/gfrancodev/Documentos/gfrancodev/uggy/uggy/packages/di/src/core/dependency-registry.ts","all":false,"statementMap":{"0":{"start":{"line":1,"column":0},"end":{"line":1,"column":34}},"6":{"start":{"line":7,"column":0},"end":{"line":7,"column":33}},"7":{"start":{"line":8,"column":0},"end":{"line":8,"column":55}},"9":{"start":{"line":10,"column":0},"end":{"line":10,"column":62}},"10":{"start":{"line":11,"column":0},"end":{"line":11,"column":38}},"11":{"start":{"line":12,"column":0},"end":{"line":12,"column":58}},"12":{"start":{"line":13,"column":0},"end":{"line":13,"column":3}},"14":{"start":{"line":15,"column":0},"end":{"line":15,"column":57}},"15":{"start":{"line":16,"column":0},"end":{"line":16,"column":37}},"16":{"start":{"line":17,"column":0},"end":{"line":17,"column":3}},"18":{"start":{"line":19,"column":0},"end":{"line":19,"column":30}},"19":{"start":{"line":20,"column":0},"end":{"line":20,"column":37}},"20":{"start":{"line":21,"column":0},"end":{"line":21,"column":3}},"25":{"start":{"line":26,"column":0},"end":{"line":26,"column":70}},"26":{"start":{"line":27,"column":0},"end":{"line":27,"column":71}},"28":{"start":{"line":29,"column":0},"end":{"line":29,"column":47}},"29":{"start":{"line":30,"column":0},"end":{"line":30,"column":37}},"30":{"start":{"line":31,"column":0},"end":{"line":31,"column":7}},"32":{"start":{"line":33,"column":0},"end":{"line":33,"column":18}},"33":{"start":{"line":34,"column":0},"end":{"line":34,"column":3}},"38":{"start":{"line":39,"column":0},"end":{"line":39,"column":27}},"39":{"start":{"line":40,"column":0},"end":{"line":40,"column":45}},"40":{"start":{"line":41,"column":0},"end":{"line":41,"column":3}},"41":{"start":{"line":42,"column":0},"end":{"line":42,"column":1}}},"s":{"0":1,"6":1,"7":197,"9":1,"10":181,"11":181,"12":181,"14":1,"15":260,"16":260,"18":1,"19":69,"20":69,"25":1,"26":7,"28":7,"29":8,"30":7,"32":7,"33":7,"38":1,"39":5,"40":5,"41":1},"branchMap":{"0":{"type":"branch","line":7,"loc":{"start":{"line":7,"column":7},"end":{"line":8,"column":55}},"locations":[{"start":{"line":7,"column":7},"end":{"line":8,"column":55}}]},"1":{"type":"branch","line":10,"loc":{"start":{"line":10,"column":2},"end":{"line":13,"column":3}},"locations":[{"start":{"line":10,"column":2},"end":{"line":13,"column":3}}]},"2":{"type":"branch","line":15,"loc":{"start":{"line":15,"column":2},"end":{"line":17,"column":3}},"locations":[{"start":{"line":15,"column":2},"end":{"line":17,"column":3}}]},"3":{"type":"branch","line":19,"loc":{"start":{"line":19,"column":2},"end":{"line":21,"column":3}},"locations":[{"start":{"line":19,"column":2},"end":{"line":21,"column":3}}]},"4":{"type":"branch","line":26,"loc":{"start":{"line":26,"column":2},"end":{"line":34,"column":3}},"locations":[{"start":{"line":26,"column":2},"end":{"line":34,"column":3}}]},"5":{"type":"branch","line":29,"loc":{"start":{"line":29,"column":27},"end":{"line":31,"column":5}},"locations":[{"start":{"line":29,"column":27},"end":{"line":31,"column":5}}]},"6":{"type":"branch","line":39,"loc":{"start":{"line":39,"column":2},"end":{"line":41,"column":3}},"locations":[{"start":{"line":39,"column":2},"end":{"line":41,"column":3}}]}},"b":{"0":[197],"1":[181],"2":[260],"3":[69],"4":[7],"5":[8],"6":[5]},"fnMap":{"0":{"name":"DependencyRegistry","decl":{"start":{"line":7,"column":7},"end":{"line":8,"column":55}},"loc":{"start":{"line":7,"column":7},"end":{"line":8,"column":55}},"line":7},"1":{"name":"register","decl":{"start":{"line":10,"column":2},"end":{"line":13,"column":3}},"loc":{"start":{"line":10,"column":2},"end":{"line":13,"column":3}},"line":10},"2":{"name":"getProvider","decl":{"start":{"line":15,"column":2},"end":{"line":17,"column":3}},"loc":{"start":{"line":15,"column":2},"end":{"line":17,"column":3}},"line":15},"3":{"name":"has","decl":{"start":{"line":19,"column":2},"end":{"line":21,"column":3}},"loc":{"start":{"line":19,"column":2},"end":{"line":21,"column":3}},"line":19},"4":{"name":"getAllProviders","decl":{"start":{"line":26,"column":2},"end":{"line":34,"column":3}},"loc":{"start":{"line":26,"column":2},"end":{"line":34,"column":3}},"line":26},"5":{"name":"getAllTokens","decl":{"start":{"line":39,"column":2},"end":{"line":41,"column":3}},"loc":{"start":{"line":39,"column":2},"end":{"line":41,"column":3}},"line":39}},"f":{"0":197,"1":181,"2":260,"3":69,"4":7,"5":5}}
,"/home/gfrancodev/Documentos/gfrancodev/uggy/uggy/packages/di/src/core/dependency-resolver.ts": {"path":"/home/gfrancodev/Documentos/gfrancodev/uggy/uggy/packages/di/src/core/dependency-resolver.ts","all":false,"statementMap":{"0":{"start":{"line":1,"column":0},"end":{"line":1,"column":54}},"7":{"start":{"line":8,"column":0},"end":{"line":8,"column":53}},"9":{"start":{"line":10,"column":0},"end":{"line":10,"column":34}},"14":{"start":{"line":15,"column":0},"end":{"line":15,"column":33}},"15":{"start":{"line":16,"column":0},"end":{"line":16,"column":31}},"17":{"start":{"line":18,"column":0},"end":{"line":18,"column":65}},"18":{"start":{"line":19,"column":0},"end":{"line":19,"column":77}},"20":{"start":{"line":21,"column":0},"end":{"line":21,"column":48}},"21":{"start":{"line":22,"column":0},"end":{"line":22,"column":66}},"23":{"start":{"line":24,"column":0},"end":{"line":24,"column":79}},"25":{"start":{"line":26,"column":0},"end":{"line":26,"column":75}},"27":{"start":{"line":28,"column":0},"end":{"line":28,"column":66}},"31":{"start":{"line":32,"column":0},"end":{"line":32,"column":59}},"33":{"start":{"line":34,"column":0},"end":{"line":34,"column":14}},"34":{"start":{"line":35,"column":0},"end":{"line":35,"column":50}},"35":{"start":{"line":36,"column":0},"end":{"line":36,"column":27}},"36":{"start":{"line":37,"column":0},"end":{"line":37,"column":5}},"37":{"start":{"line":38,"column":0},"end":{"line":38,"column":23}},"38":{"start":{"line":39,"column":0},"end":{"line":39,"column":53}},"39":{"start":{"line":40,"column":0},"end":{"line":40,"column":3}},"44":{"start":{"line":45,"column":0},"end":{"line":45,"column":58}},"45":{"start":{"line":46,"column":0},"end":{"line":46,"column":42}},"46":{"start":{"line":47,"column":0},"end":{"line":47,"column":57}},"47":{"start":{"line":48,"column":0},"end":{"line":48,"column":20}},"48":{"start":{"line":49,"column":0},"end":{"line":49,"column":22}},"49":{"start":{"line":50,"column":0},"end":{"line":50,"column":32}},"50":{"start":{"line":51,"column":0},"end":{"line":51,"column":74}},"51":{"start":{"line":52,"column":0},"end":{"line":52,"column":8}},"52":{"start":{"line":53,"column":0},"end":{"line":53,"column":5}},"54":{"start":{"line":55,"column":0},"end":{"line":55,"column":36}},"56":{"start":{"line":57,"column":0},"end":{"line":57,"column":9}},"57":{"start":{"line":58,"column":0},"end":{"line":58,"column":61}},"59":{"start":{"line":60,"column":0},"end":{"line":60,"column":45}},"60":{"start":{"line":61,"column":0},"end":{"line":61,"column":46}},"61":{"start":{"line":62,"column":0},"end":{"line":62,"column":21}},"62":{"start":{"line":63,"column":0},"end":{"line":63,"column":112}},"63":{"start":{"line":64,"column":0},"end":{"line":64,"column":10}},"64":{"start":{"line":65,"column":0},"end":{"line":65,"column":36}},"65":{"start":{"line":66,"column":0},"end":{"line":66,"column":33}},"66":{"start":{"line":67,"column":0},"end":{"line":67,"column":7}},"68":{"start":{"line":69,"column":0},"end":{"line":69,"column":20}},"69":{"start":{"line":70,"column":0},"end":{"line":70,"column":15}},"70":{"start":{"line":71,"column":0},"end":{"line":71,"column":41}},"71":{"start":{"line":72,"column":0},"end":{"line":72,"column":5}},"72":{"start":{"line":73,"column":0},"end":{"line":73,"column":3}},"77":{"start":{"line":78,"column":0},"end":{"line":78,"column":78}},"78":{"start":{"line":79,"column":0},"end":{"line":79,"column":70}},"80":{"start":{"line":81,"column":0},"end":{"line":81,"column":21}},"81":{"start":{"line":82,"column":0},"end":{"line":82,"column":19}},"82":{"start":{"line":83,"column":0},"end":{"line":83,"column":81}},"83":{"start":{"line":84,"column":0},"end":{"line":84,"column":8}},"84":{"start":{"line":85,"column":0},"end":{"line":85,"column":34}},"85":{"start":{"line":86,"column":0},"end":{"line":86,"column":5}},"87":{"start":{"line":88,"column":0},"end":{"line":88,"column":18}},"88":{"start":{"line":89,"column":0},"end":{"line":89,"column":3}},"94":{"start":{"line":95,"column":0},"end":{"line":95,"column":22}},"95":{"start":{"line":96,"column":0},"end":{"line":96,"column":17}},"96":{"start":{"line":97,"column":0},"end":{"line":97,"column":23}},"97":{"start":{"line":98,"column":0},"end":{"line":98,"column":21}},"98":{"start":{"line":99,"column":0},"end":{"line":99,"column":17}},"99":{"start":{"line":100,"column":0},"end":{"line":100,"column":67}},"101":{"start":{"line":102,"column":0},"end":{"line":102,"column":66}},"102":{"start":{"line":103,"column":0},"end":{"line":103,"column":32}},"103":{"start":{"line":104,"column":0},"end":{"line":104,"column":73}},"104":{"start":{"line":105,"column":0},"end":{"line":105,"column":8}},"105":{"start":{"line":106,"column":0},"end":{"line":106,"column":5}},"107":{"start":{"line":108,"column":0},"end":{"line":108,"column":73}},"109":{"start":{"line":110,"column":0},"end":{"line":110,"column":55}},"110":{"start":{"line":111,"column":0},"end":{"line":111,"column":64}},"111":{"start":{"line":112,"column":0},"end":{"line":112,"column":23}},"112":{"start":{"line":113,"column":0},"end":{"line":113,"column":21}},"113":{"start":{"line":114,"column":0},"end":{"line":114,"column":100}},"114":{"start":{"line":115,"column":0},"end":{"line":115,"column":10}},"115":{"start":{"line":116,"column":0},"end":{"line":116,"column":7}},"116":{"start":{"line":117,"column":0},"end":{"line":117,"column":46}},"117":{"start":{"line":118,"column":0},"end":{"line":118,"column":5}},"119":{"start":{"line":120,"column":0},"end":{"line":120,"column":21}},"120":{"start":{"line":121,"column":0},"end":{"line":121,"column":19}},"121":{"start":{"line":122,"column":0},"end":{"line":122,"column":98}},"122":{"start":{"line":123,"column":0},"end":{"line":123,"column":8}},"123":{"start":{"line":124,"column":0},"end":{"line":124,"column":5}},"125":{"start":{"line":126,"column":0},"end":{"line":126,"column":50}},"127":{"start":{"line":128,"column":0},"end":{"line":128,"column":37}},"128":{"start":{"line":129,"column":0},"end":{"line":129,"column":14}},"129":{"start":{"line":130,"column":0},"end":{"line":130,"column":28}},"130":{"start":{"line":131,"column":0},"end":{"line":131,"column":44}},"131":{"start":{"line":132,"column":0},"end":{"line":132,"column":7}},"133":{"start":{"line":134,"column":0},"end":{"line":134,"column":33}},"134":{"start":{"line":135,"column":0},"end":{"line":135,"column":3}},"139":{"start":{"line":140,"column":0},"end":{"line":140,"column":29}},"140":{"start":{"line":141,"column":0},"end":{"line":141,"column":30}},"141":{"start":{"line":142,"column":0},"end":{"line":142,"column":21}},"142":{"start":{"line":143,"column":0},"end":{"line":143,"column":44}},"143":{"start":{"line":144,"column":0},"end":{"line":144,"column":5}},"144":{"start":{"line":145,"column":0},"end":{"line":145,"column":3}},"149":{"start":{"line":150,"column":0},"end":{"line":150,"column":46}},"150":{"start":{"line":151,"column":0},"end":{"line":151,"column":38}},"151":{"start":{"line":152,"column":0},"end":{"line":152,"column":49}},"152":{"start":{"line":153,"column":0},"end":{"line":153,"column":40}},"153":{"start":{"line":154,"column":0},"end":{"line":154,"column":38}},"154":{"start":{"line":155,"column":0},"end":{"line":155,"column":7}},"155":{"start":{"line":156,"column":0},"end":{"line":156,"column":5}},"156":{"start":{"line":157,"column":0},"end":{"line":157,"column":21}},"157":{"start":{"line":158,"column":0},"end":{"line":158,"column":19}},"158":{"start":{"line":159,"column":0},"end":{"line":159,"column":83}},"159":{"start":{"line":160,"column":0},"end":{"line":160,"column":8}},"160":{"start":{"line":161,"column":0},"end":{"line":161,"column":5}},"161":{"start":{"line":162,"column":0},"end":{"line":162,"column":3}},"166":{"start":{"line":167,"column":0},"end":{"line":167,"column":23}},"167":{"start":{"line":168,"column":0},"end":{"line":168,"column":39}},"168":{"start":{"line":169,"column":0},"end":{"line":169,"column":3}},"173":{"start":{"line":174,"column":0},"end":{"line":174,"column":33}},"174":{"start":{"line":175,"column":0},"end":{"line":175,"column":33}},"175":{"start":{"line":176,"column":0},"end":{"line":176,"column":35}},"176":{"start":{"line":177,"column":0},"end":{"line":177,"column":42}},"177":{"start":{"line":178,"column":0},"end":{"line":178,"column":3}},"182":{"start":{"line":183,"column":0},"end":{"line":183,"column":62}},"183":{"start":{"line":184,"column":0},"end":{"line":184,"column":36}},"184":{"start":{"line":185,"column":0},"end":{"line":185,"column":3}},"189":{"start":{"line":190,"column":0},"end":{"line":190,"column":32}},"190":{"start":{"line":191,"column":0},"end":{"line":191,"column":33}},"192":{"start":{"line":193,"column":0},"end":{"line":193,"column":51}},"193":{"start":{"line":194,"column":0},"end":{"line":194,"column":32}},"194":{"start":{"line":195,"column":0},"end":{"line":195,"column":35}},"195":{"start":{"line":196,"column":0},"end":{"line":196,"column":3}},"200":{"start":{"line":201,"column":0},"end":{"line":201,"column":74}},"201":{"start":{"line":202,"column":0},"end":{"line":202,"column":41}},"203":{"start":{"line":204,"column":0},"end":{"line":204,"column":18}},"204":{"start":{"line":205,"column":0},"end":{"line":205,"column":74}},"205":{"start":{"line":206,"column":0},"end":{"line":206,"column":5}},"207":{"start":{"line":208,"column":0},"end":{"line":208,"column":40}},"208":{"start":{"line":209,"column":0},"end":{"line":209,"column":54}},"209":{"start":{"line":210,"column":0},"end":{"line":210,"column":5}},"211":{"start":{"line":212,"column":0},"end":{"line":212,"column":40}},"213":{"start":{"line":214,"column":0},"end":{"line":214,"column":58}},"214":{"start":{"line":215,"column":0},"end":{"line":215,"column":46}},"216":{"start":{"line":217,"column":0},"end":{"line":217,"column":21}},"217":{"start":{"line":218,"column":0},"end":{"line":218,"column":19}},"218":{"start":{"line":219,"column":0},"end":{"line":219,"column":78}},"219":{"start":{"line":220,"column":0},"end":{"line":220,"column":8}},"220":{"start":{"line":221,"column":0},"end":{"line":221,"column":5}},"222":{"start":{"line":223,"column":0},"end":{"line":223,"column":34}},"223":{"start":{"line":224,"column":0},"end":{"line":224,"column":21}},"224":{"start":{"line":225,"column":0},"end":{"line":225,"column":21}},"225":{"start":{"line":226,"column":0},"end":{"line":226,"column":80}},"226":{"start":{"line":227,"column":0},"end":{"line":227,"column":10}},"227":{"start":{"line":228,"column":0},"end":{"line":228,"column":37}},"228":{"start":{"line":229,"column":0},"end":{"line":229,"column":5}},"230":{"start":{"line":231,"column":0},"end":{"line":231,"column":66}},"231":{"start":{"line":232,"column":0},"end":{"line":232,"column":39}},"232":{"start":{"line":233,"column":0},"end":{"line":233,"column":28}},"233":{"start":{"line":234,"column":0},"end":{"line":234,"column":5}},"235":{"start":{"line":236,"column":0},"end":{"line":236,"column":68}},"236":{"start":{"line":237,"column":0},"end":{"line":237,"column":3}},"241":{"start":{"line":242,"column":0},"end":{"line":242,"column":73}},"242":{"start":{"line":243,"column":0},"end":{"line":243,"column":21}},"243":{"start":{"line":244,"column":0},"end":{"line":244,"column":44}},"244":{"start":{"line":245,"column":0},"end":{"line":245,"column":19}},"245":{"start":{"line":246,"column":0},"end":{"line":246,"column":90}},"246":{"start":{"line":247,"column":0},"end":{"line":247,"column":8}},"247":{"start":{"line":248,"column":0},"end":{"line":248,"column":5}},"248":{"start":{"line":249,"column":0},"end":{"line":249,"column":32}},"249":{"start":{"line":250,"column":0},"end":{"line":250,"column":3}},"254":{"start":{"line":255,"column":0},"end":{"line":255,"column":75}},"255":{"start":{"line":256,"column":0},"end":{"line":256,"column":60}},"256":{"start":{"line":257,"column":0},"end":{"line":257,"column":25}},"257":{"start":{"line":258,"column":0},"end":{"line":258,"column":21}},"258":{"start":{"line":259,"column":0},"end":{"line":259,"column":21}},"259":{"start":{"line":260,"column":0},"end":{"line":260,"column":77}},"260":{"start":{"line":261,"column":0},"end":{"line":261,"column":10}},"261":{"start":{"line":262,"column":0},"end":{"line":262,"column":37}},"262":{"start":{"line":263,"column":0},"end":{"line":263,"column":5}},"264":{"start":{"line":265,"column":0},"end":{"line":265,"column":67}},"265":{"start":{"line":266,"column":0},"end":{"line":266,"column":25}},"266":{"start":{"line":267,"column":0},"end":{"line":267,"column":21}},"267":{"start":{"line":268,"column":0},"end":{"line":268,"column":21}},"268":{"start":{"line":269,"column":0},"end":{"line":269,"column":75}},"269":{"start":{"line":270,"column":0},"end":{"line":270,"column":10}},"270":{"start":{"line":271,"column":0},"end":{"line":271,"column":37}},"271":{"start":{"line":272,"column":0},"end":{"line":272,"column":5}},"273":{"start":{"line":274,"column":0},"end":{"line":274,"column":21}},"274":{"start":{"line":275,"column":0},"end":{"line":275,"column":3}},"279":{"start":{"line":280,"column":0},"end":{"line":280,"column":36}},"280":{"start":{"line":281,"column":0},"end":{"line":281,"column":17}},"281":{"start":{"line":282,"column":0},"end":{"line":282,"column":27}},"282":{"start":{"line":283,"column":0},"end":{"line":283,"column":22}},"283":{"start":{"line":284,"column":0},"end":{"line":284,"column":8}},"284":{"start":{"line":285,"column":0},"end":{"line":285,"column":36}},"286":{"start":{"line":287,"column":0},"end":{"line":287,"column":21}},"287":{"start":{"line":288,"column":0},"end":{"line":288,"column":50}},"288":{"start":{"line":289,"column":0},"end":{"line":289,"column":5}},"290":{"start":{"line":291,"column":0},"end":{"line":291,"column":22}},"291":{"start":{"line":292,"column":0},"end":{"line":292,"column":9}},"292":{"start":{"line":293,"column":0},"end":{"line":293,"column":45}},"293":{"start":{"line":294,"column":0},"end":{"line":294,"column":22}},"294":{"start":{"line":295,"column":0},"end":{"line":295,"column":79}},"295":{"start":{"line":296,"column":0},"end":{"line":296,"column":7}},"296":{"start":{"line":297,"column":0},"end":{"line":297,"column":23}},"297":{"start":{"line":298,"column":0},"end":{"line":298,"column":21}},"298":{"start":{"line":299,"column":0},"end":{"line":299,"column":137}},"299":{"start":{"line":300,"column":0},"end":{"line":300,"column":10}},"300":{"start":{"line":301,"column":0},"end":{"line":301,"column":7}},"301":{"start":{"line":302,"column":0},"end":{"line":302,"column":26}},"302":{"start":{"line":303,"column":0},"end":{"line":303,"column":19}},"303":{"start":{"line":304,"column":0},"end":{"line":304,"column":79}},"304":{"start":{"line":305,"column":0},"end":{"line":305,"column":8}},"305":{"start":{"line":306,"column":0},"end":{"line":306,"column":32}},"306":{"start":{"line":307,"column":0},"end":{"line":307,"column":83}},"307":{"start":{"line":308,"column":0},"end":{"line":308,"column":8}},"308":{"start":{"line":309,"column":0},"end":{"line":309,"column":15}},"309":{"start":{"line":310,"column":0},"end":{"line":310,"column":32}},"310":{"start":{"line":311,"column":0},"end":{"line":311,"column":5}},"312":{"start":{"line":313,"column":0},"end":{"line":313,"column":48}},"313":{"start":{"line":314,"column":0},"end":{"line":314,"column":42}},"314":{"start":{"line":315,"column":0},"end":{"line":315,"column":41}},"316":{"start":{"line":317,"column":0},"end":{"line":317,"column":20}},"317":{"start":{"line":318,"column":0},"end":{"line":318,"column":3}},"322":{"start":{"line":323,"column":0},"end":{"line":323,"column":80}},"323":{"start":{"line":324,"column":0},"end":{"line":324,"column":74}},"324":{"start":{"line":325,"column":0},"end":{"line":325,"column":38}},"325":{"start":{"line":326,"column":0},"end":{"line":326,"column":19}},"326":{"start":{"line":327,"column":0},"end":{"line":327,"column":127}},"327":{"start":{"line":328,"column":0},"end":{"line":328,"column":8}},"328":{"start":{"line":329,"column":0},"end":{"line":329,"column":5}},"329":{"start":{"line":330,"column":0},"end":{"line":330,"column":3}},"334":{"start":{"line":335,"column":0},"end":{"line":335,"column":40}},"335":{"start":{"line":336,"column":0},"end":{"line":336,"column":17}},"336":{"start":{"line":337,"column":0},"end":{"line":337,"column":30}},"337":{"start":{"line":338,"column":0},"end":{"line":338,"column":17}},"338":{"start":{"line":339,"column":0},"end":{"line":339,"column":58}},"340":{"start":{"line":341,"column":0},"end":{"line":341,"column":34}},"341":{"start":{"line":342,"column":0},"end":{"line":342,"column":37}},"342":{"start":{"line":343,"column":0},"end":{"line":343,"column":5}},"344":{"start":{"line":345,"column":0},"end":{"line":345,"column":60}},"345":{"start":{"line":346,"column":0},"end":{"line":346,"column":25}},"346":{"start":{"line":347,"column":0},"end":{"line":347,"column":37}},"347":{"start":{"line":348,"column":0},"end":{"line":348,"column":5}},"349":{"start":{"line":350,"column":0},"end":{"line":350,"column":67}},"350":{"start":{"line":351,"column":0},"end":{"line":351,"column":25}},"351":{"start":{"line":352,"column":0},"end":{"line":352,"column":37}},"352":{"start":{"line":353,"column":0},"end":{"line":353,"column":5}},"354":{"start":{"line":355,"column":0},"end":{"line":355,"column":41}},"355":{"start":{"line":356,"column":0},"end":{"line":356,"column":18}},"356":{"start":{"line":357,"column":0},"end":{"line":357,"column":32}},"357":{"start":{"line":358,"column":0},"end":{"line":358,"column":56}},"358":{"start":{"line":359,"column":0},"end":{"line":359,"column":8}},"359":{"start":{"line":360,"column":0},"end":{"line":360,"column":5}},"361":{"start":{"line":362,"column":0},"end":{"line":362,"column":40}},"363":{"start":{"line":364,"column":0},"end":{"line":364,"column":49}},"364":{"start":{"line":365,"column":0},"end":{"line":365,"column":66}},"365":{"start":{"line":366,"column":0},"end":{"line":366,"column":5}},"367":{"start":{"line":368,"column":0},"end":{"line":368,"column":36}},"368":{"start":{"line":369,"column":0},"end":{"line":369,"column":22}},"370":{"start":{"line":371,"column":0},"end":{"line":371,"column":9}},"371":{"start":{"line":372,"column":0},"end":{"line":372,"column":45}},"372":{"start":{"line":373,"column":0},"end":{"line":373,"column":58}},"373":{"start":{"line":374,"column":0},"end":{"line":374,"column":24}},"374":{"start":{"line":375,"column":0},"end":{"line":375,"column":36}},"375":{"start":{"line":376,"column":0},"end":{"line":376,"column":56}},"376":{"start":{"line":377,"column":0},"end":{"line":377,"column":12}},"377":{"start":{"line":378,"column":0},"end":{"line":378,"column":9}},"379":{"start":{"line":380,"column":0},"end":{"line":380,"column":52}},"380":{"start":{"line":381,"column":0},"end":{"line":381,"column":46}},"381":{"start":{"line":382,"column":0},"end":{"line":382,"column":45}},"383":{"start":{"line":384,"column":0},"end":{"line":384,"column":24}},"384":{"start":{"line":385,"column":0},"end":{"line":385,"column":11}},"386":{"start":{"line":387,"column":0},"end":{"line":387,"column":63}},"388":{"start":{"line":389,"column":0},"end":{"line":389,"column":40}},"389":{"start":{"line":390,"column":0},"end":{"line":390,"column":26}},"390":{"start":{"line":391,"column":0},"end":{"line":391,"column":32}},"391":{"start":{"line":392,"column":0},"end":{"line":392,"column":83}},"392":{"start":{"line":393,"column":0},"end":{"line":393,"column":8}},"393":{"start":{"line":394,"column":0},"end":{"line":394,"column":15}},"394":{"start":{"line":395,"column":0},"end":{"line":395,"column":32}},"395":{"start":{"line":396,"column":0},"end":{"line":396,"column":48}},"396":{"start":{"line":397,"column":0},"end":{"line":397,"column":5}},"398":{"start":{"line":399,"column":0},"end":{"line":399,"column":21}},"399":{"start":{"line":400,"column":0},"end":{"line":400,"column":19}},"400":{"start":{"line":401,"column":0},"end":{"line":401,"column":106}},"401":{"start":{"line":402,"column":0},"end":{"line":402,"column":8}},"402":{"start":{"line":403,"column":0},"end":{"line":403,"column":34}},"403":{"start":{"line":404,"column":0},"end":{"line":404,"column":5}},"405":{"start":{"line":406,"column":0},"end":{"line":406,"column":20}},"406":{"start":{"line":407,"column":0},"end":{"line":407,"column":3}},"411":{"start":{"line":412,"column":0},"end":{"line":412,"column":56}},"412":{"start":{"line":413,"column":0},"end":{"line":413,"column":21}},"413":{"start":{"line":414,"column":0},"end":{"line":414,"column":28}},"414":{"start":{"line":415,"column":0},"end":{"line":415,"column":21}},"415":{"start":{"line":416,"column":0},"end":{"line":416,"column":78}},"416":{"start":{"line":417,"column":0},"end":{"line":417,"column":10}},"417":{"start":{"line":418,"column":0},"end":{"line":418,"column":37}},"418":{"start":{"line":419,"column":0},"end":{"line":419,"column":47}},"419":{"start":{"line":420,"column":0},"end":{"line":420,"column":7}},"420":{"start":{"line":421,"column":0},"end":{"line":421,"column":5}},"422":{"start":{"line":423,"column":0},"end":{"line":423,"column":26}},"423":{"start":{"line":424,"column":0},"end":{"line":424,"column":29}},"424":{"start":{"line":425,"column":0},"end":{"line":425,"column":5}},"426":{"start":{"line":427,"column":0},"end":{"line":427,"column":28}},"427":{"start":{"line":428,"column":0},"end":{"line":428,"column":11}},"428":{"start":{"line":429,"column":0},"end":{"line":429,"column":64}},"429":{"start":{"line":430,"column":0},"end":{"line":430,"column":50}},"430":{"start":{"line":431,"column":0},"end":{"line":431,"column":22}},"431":{"start":{"line":432,"column":0},"end":{"line":432,"column":28}},"432":{"start":{"line":433,"column":0},"end":{"line":433,"column":56}},"433":{"start":{"line":434,"column":0},"end":{"line":434,"column":20}},"434":{"start":{"line":435,"column":0},"end":{"line":435,"column":7}},"435":{"start":{"line":436,"column":0},"end":{"line":436,"column":5}},"437":{"start":{"line":438,"column":0},"end":{"line":438,"column":26}},"438":{"start":{"line":439,"column":0},"end":{"line":439,"column":11}},"439":{"start":{"line":440,"column":0},"end":{"line":440,"column":71}},"440":{"start":{"line":441,"column":0},"end":{"line":441,"column":39}},"441":{"start":{"line":442,"column":0},"end":{"line":442,"column":9}},"443":{"start":{"line":444,"column":0},"end":{"line":444,"column":55}},"444":{"start":{"line":445,"column":0},"end":{"line":445,"column":45}},"445":{"start":{"line":446,"column":0},"end":{"line":446,"column":27}},"446":{"start":{"line":447,"column":0},"end":{"line":447,"column":25}},"447":{"start":{"line":448,"column":0},"end":{"line":448,"column":107}},"448":{"start":{"line":449,"column":0},"end":{"line":449,"column":14}},"449":{"start":{"line":450,"column":0},"end":{"line":450,"column":11}},"450":{"start":{"line":451,"column":0},"end":{"line":451,"column":26}},"451":{"start":{"line":452,"column":0},"end":{"line":452,"column":11}},"453":{"start":{"line":454,"column":0},"end":{"line":454,"column":44}},"454":{"start":{"line":455,"column":0},"end":{"line":455,"column":28}},"455":{"start":{"line":456,"column":0},"end":{"line":456,"column":68}},"456":{"start":{"line":457,"column":0},"end":{"line":457,"column":20}},"457":{"start":{"line":458,"column":0},"end":{"line":458,"column":7}},"458":{"start":{"line":459,"column":0},"end":{"line":459,"column":5}},"460":{"start":{"line":461,"column":0},"end":{"line":461,"column":58}},"461":{"start":{"line":462,"column":0},"end":{"line":462,"column":3}},"466":{"start":{"line":467,"column":0},"end":{"line":467,"column":75}},"467":{"start":{"line":468,"column":0},"end":{"line":468,"column":28}},"468":{"start":{"line":469,"column":0},"end":{"line":469,"column":39}},"469":{"start":{"line":470,"column":0},"end":{"line":470,"column":5}},"471":{"start":{"line":472,"column":0},"end":{"line":472,"column":26}},"472":{"start":{"line":473,"column":0},"end":{"line":473,"column":66}},"473":{"start":{"line":474,"column":0},"end":{"line":474,"column":47}},"474":{"start":{"line":475,"column":0},"end":{"line":475,"column":67}},"475":{"start":{"line":476,"column":0},"end":{"line":476,"column":10}},"476":{"start":{"line":477,"column":0},"end":{"line":477,"column":52}},"477":{"start":{"line":478,"column":0},"end":{"line":478,"column":7}},"478":{"start":{"line":479,"column":0},"end":{"line":479,"column":35}},"479":{"start":{"line":480,"column":0},"end":{"line":480,"column":5}},"481":{"start":{"line":482,"column":0},"end":{"line":482,"column":30}},"482":{"start":{"line":483,"column":0},"end":{"line":483,"column":57}},"483":{"start":{"line":484,"column":0},"end":{"line":484,"column":6}},"484":{"start":{"line":485,"column":0},"end":{"line":485,"column":3}},"489":{"start":{"line":490,"column":0},"end":{"line":490,"column":64}},"490":{"start":{"line":491,"column":0},"end":{"line":491,"column":48}},"491":{"start":{"line":492,"column":0},"end":{"line":492,"column":54}},"492":{"start":{"line":493,"column":0},"end":{"line":493,"column":5}},"493":{"start":{"line":494,"column":0},"end":{"line":494,"column":57}},"494":{"start":{"line":495,"column":0},"end":{"line":495,"column":17}},"495":{"start":{"line":496,"column":0},"end":{"line":496,"column":135}},"496":{"start":{"line":497,"column":0},"end":{"line":497,"column":6}},"497":{"start":{"line":498,"column":0},"end":{"line":498,"column":3}},"502":{"start":{"line":503,"column":0},"end":{"line":503,"column":73}},"503":{"start":{"line":504,"column":0},"end":{"line":504,"column":31}},"504":{"start":{"line":505,"column":0},"end":{"line":505,"column":23}},"505":{"start":{"line":506,"column":0},"end":{"line":506,"column":21}},"506":{"start":{"line":507,"column":0},"end":{"line":507,"column":87}},"507":{"start":{"line":508,"column":0},"end":{"line":508,"column":10}},"508":{"start":{"line":509,"column":0},"end":{"line":509,"column":7}},"509":{"start":{"line":510,"column":0},"end":{"line":510,"column":13}},"510":{"start":{"line":511,"column":0},"end":{"line":511,"column":5}},"512":{"start":{"line":513,"column":0},"end":{"line":513,"column":17}},"513":{"start":{"line":514,"column":0},"end":{"line":514,"column":84}},"514":{"start":{"line":515,"column":0},"end":{"line":515,"column":6}},"515":{"start":{"line":516,"column":0},"end":{"line":516,"column":49}},"516":{"start":{"line":517,"column":0},"end":{"line":517,"column":46}},"517":{"start":{"line":518,"column":0},"end":{"line":518,"column":7}},"518":{"start":{"line":519,"column":0},"end":{"line":519,"column":3}},"523":{"start":{"line":524,"column":0},"end":{"line":524,"column":57}},"524":{"start":{"line":525,"column":0},"end":{"line":525,"column":55}},"525":{"start":{"line":526,"column":0},"end":{"line":526,"column":21}},"526":{"start":{"line":527,"column":0},"end":{"line":527,"column":73}},"527":{"start":{"line":528,"column":0},"end":{"line":528,"column":5}},"528":{"start":{"line":529,"column":0},"end":{"line":529,"column":3}},"533":{"start":{"line":534,"column":0},"end":{"line":534,"column":55}},"534":{"start":{"line":535,"column":0},"end":{"line":535,"column":46}},"535":{"start":{"line":536,"column":0},"end":{"line":536,"column":32}},"536":{"start":{"line":537,"column":0},"end":{"line":537,"column":118}},"537":{"start":{"line":538,"column":0},"end":{"line":538,"column":8}},"538":{"start":{"line":539,"column":0},"end":{"line":539,"column":5}},"539":{"start":{"line":540,"column":0},"end":{"line":540,"column":3}},"544":{"start":{"line":545,"column":0},"end":{"line":545,"column":75}},"545":{"start":{"line":546,"column":0},"end":{"line":546,"column":46}},"546":{"start":{"line":547,"column":0},"end":{"line":547,"column":35}},"548":{"start":{"line":549,"column":0},"end":{"line":549,"column":42}},"549":{"start":{"line":550,"column":0},"end":{"line":550,"column":67}},"550":{"start":{"line":551,"column":0},"end":{"line":551,"column":35}},"551":{"start":{"line":552,"column":0},"end":{"line":552,"column":23}},"552":{"start":{"line":553,"column":0},"end":{"line":553,"column":5}},"554":{"start":{"line":555,"column":0},"end":{"line":555,"column":34}},"555":{"start":{"line":556,"column":0},"end":{"line":556,"column":19}},"556":{"start":{"line":557,"column":0},"end":{"line":557,"column":3}},"561":{"start":{"line":562,"column":0},"end":{"line":562,"column":38}},"562":{"start":{"line":563,"column":0},"end":{"line":563,"column":17}},"563":{"start":{"line":564,"column":0},"end":{"line":564,"column":34}},"564":{"start":{"line":565,"column":0},"end":{"line":565,"column":58}},"565":{"start":{"line":566,"column":0},"end":{"line":566,"column":35}},"567":{"start":{"line":568,"column":0},"end":{"line":568,"column":34}},"568":{"start":{"line":569,"column":0},"end":{"line":569,"column":19}},"569":{"start":{"line":570,"column":0},"end":{"line":570,"column":3}},"574":{"start":{"line":575,"column":0},"end":{"line":575,"column":24}},"575":{"start":{"line":576,"column":0},"end":{"line":576,"column":17}},"576":{"start":{"line":577,"column":0},"end":{"line":577,"column":18}},"577":{"start":{"line":578,"column":0},"end":{"line":578,"column":27}},"578":{"start":{"line":579,"column":0},"end":{"line":579,"column":11}},"579":{"start":{"line":580,"column":0},"end":{"line":580,"column":49}},"581":{"start":{"line":582,"column":0},"end":{"line":582,"column":72}},"583":{"start":{"line":584,"column":0},"end":{"line":584,"column":40}},"584":{"start":{"line":585,"column":0},"end":{"line":585,"column":53}},"585":{"start":{"line":586,"column":0},"end":{"line":586,"column":13}},"586":{"start":{"line":587,"column":0},"end":{"line":587,"column":5}},"588":{"start":{"line":589,"column":0},"end":{"line":589,"column":39}},"589":{"start":{"line":590,"column":0},"end":{"line":590,"column":3}},"594":{"start":{"line":595,"column":0},"end":{"line":595,"column":72}},"595":{"start":{"line":596,"column":0},"end":{"line":596,"column":35}},"597":{"start":{"line":598,"column":0},"end":{"line":598,"column":33}},"598":{"start":{"line":599,"column":0},"end":{"line":599,"column":49}},"599":{"start":{"line":600,"column":0},"end":{"line":600,"column":7}},"600":{"start":{"line":601,"column":0},"end":{"line":601,"column":3}},"605":{"start":{"line":606,"column":0},"end":{"line":606,"column":63}},"606":{"start":{"line":607,"column":0},"end":{"line":607,"column":44}},"607":{"start":{"line":608,"column":0},"end":{"line":608,"column":3}},"612":{"start":{"line":613,"column":0},"end":{"line":613,"column":45}},"613":{"start":{"line":614,"column":0},"end":{"line":614,"column":36}},"614":{"start":{"line":615,"column":0},"end":{"line":615,"column":44}},"616":{"start":{"line":617,"column":0},"end":{"line":617,"column":39}},"617":{"start":{"line":618,"column":0},"end":{"line":618,"column":5}},"618":{"start":{"line":619,"column":0},"end":{"line":619,"column":25}},"619":{"start":{"line":620,"column":0},"end":{"line":620,"column":3}},"624":{"start":{"line":625,"column":0},"end":{"line":625,"column":46}},"625":{"start":{"line":626,"column":0},"end":{"line":626,"column":41}},"626":{"start":{"line":627,"column":0},"end":{"line":627,"column":41}},"628":{"start":{"line":629,"column":0},"end":{"line":629,"column":40}},"629":{"start":{"line":630,"column":0},"end":{"line":630,"column":36}},"631":{"start":{"line":632,"column":0},"end":{"line":632,"column":40}},"632":{"start":{"line":633,"column":0},"end":{"line":633,"column":75}},"634":{"start":{"line":635,"column":0},"end":{"line":635,"column":34}},"635":{"start":{"line":636,"column":0},"end":{"line":636,"column":69}},"637":{"start":{"line":638,"column":0},"end":{"line":638,"column":31}},"638":{"start":{"line":639,"column":0},"end":{"line":639,"column":89}},"639":{"start":{"line":640,"column":0},"end":{"line":640,"column":84}},"640":{"start":{"line":641,"column":0},"end":{"line":641,"column":7}},"642":{"start":{"line":643,"column":0},"end":{"line":643,"column":64}},"643":{"start":{"line":644,"column":0},"end":{"line":644,"column":79}},"644":{"start":{"line":645,"column":0},"end":{"line":645,"column":5}},"646":{"start":{"line":647,"column":0},"end":{"line":647,"column":26}},"647":{"start":{"line":648,"column":0},"end":{"line":648,"column":59}},"648":{"start":{"line":649,"column":0},"end":{"line":649,"column":32}},"649":{"start":{"line":650,"column":0},"end":{"line":650,"column":35}},"650":{"start":{"line":651,"column":0},"end":{"line":651,"column":31}},"651":{"start":{"line":652,"column":0},"end":{"line":652,"column":109}},"652":{"start":{"line":653,"column":0},"end":{"line":653,"column":5}},"654":{"start":{"line":655,"column":0},"end":{"line":655,"column":28}},"655":{"start":{"line":656,"column":0},"end":{"line":656,"column":59}},"656":{"start":{"line":657,"column":0},"end":{"line":657,"column":73}},"657":{"start":{"line":658,"column":0},"end":{"line":658,"column":109}},"658":{"start":{"line":659,"column":0},"end":{"line":659,"column":5}},"660":{"start":{"line":661,"column":0},"end":{"line":661,"column":21}},"661":{"start":{"line":662,"column":0},"end":{"line":662,"column":3}},"666":{"start":{"line":667,"column":0},"end":{"line":667,"column":34}},"667":{"start":{"line":668,"column":0},"end":{"line":668,"column":70}},"668":{"start":{"line":669,"column":0},"end":{"line":669,"column":13}},"669":{"start":{"line":670,"column":0},"end":{"line":670,"column":5}},"671":{"start":{"line":672,"column":0},"end":{"line":672,"column":42}},"672":{"start":{"line":673,"column":0},"end":{"line":673,"column":49}},"673":{"start":{"line":674,"column":0},"end":{"line":674,"column":13}},"674":{"start":{"line":675,"column":0},"end":{"line":675,"column":5}},"676":{"start":{"line":677,"column":0},"end":{"line":677,"column":33}},"677":{"start":{"line":678,"column":0},"end":{"line":678,"column":40}},"678":{"start":{"line":679,"column":0},"end":{"line":679,"column":32}},"679":{"start":{"line":680,"column":0},"end":{"line":680,"column":3}},"684":{"start":{"line":685,"column":0},"end":{"line":685,"column":35}},"685":{"start":{"line":686,"column":0},"end":{"line":686,"column":38}},"687":{"start":{"line":688,"column":0},"end":{"line":688,"column":39}},"688":{"start":{"line":689,"column":0},"end":{"line":689,"column":76}},"689":{"start":{"line":690,"column":0},"end":{"line":690,"column":32}},"690":{"start":{"line":691,"column":0},"end":{"line":691,"column":43}},"691":{"start":{"line":692,"column":0},"end":{"line":692,"column":33}},"692":{"start":{"line":693,"column":0},"end":{"line":693,"column":7}},"693":{"start":{"line":694,"column":0},"end":{"line":694,"column":5}},"695":{"start":{"line":696,"column":0},"end":{"line":696,"column":53}},"696":{"start":{"line":697,"column":0},"end":{"line":697,"column":27}},"697":{"start":{"line":698,"column":0},"end":{"line":698,"column":7}},"699":{"start":{"line":700,"column":0},"end":{"line":700,"column":36}},"700":{"start":{"line":701,"column":0},"end":{"line":701,"column":48}},"701":{"start":{"line":702,"column":0},"end":{"line":702,"column":49}},"703":{"start":{"line":704,"column":0},"end":{"line":704,"column":71}},"704":{"start":{"line":705,"column":0},"end":{"line":705,"column":5}},"705":{"start":{"line":706,"column":0},"end":{"line":706,"column":3}},"710":{"start":{"line":711,"column":0},"end":{"line":711,"column":42}},"711":{"start":{"line":712,"column":0},"end":{"line":712,"column":45}},"712":{"start":{"line":713,"column":0},"end":{"line":713,"column":76}},"713":{"start":{"line":714,"column":0},"end":{"line":714,"column":51}},"714":{"start":{"line":715,"column":0},"end":{"line":715,"column":53}},"716":{"start":{"line":717,"column":0},"end":{"line":717,"column":34}},"717":{"start":{"line":718,"column":0},"end":{"line":718,"column":67}},"718":{"start":{"line":719,"column":0},"end":{"line":719,"column":17}},"719":{"start":{"line":720,"column":0},"end":{"line":720,"column":7}},"721":{"start":{"line":722,"column":0},"end":{"line":722,"column":50}},"722":{"start":{"line":723,"column":0},"end":{"line":723,"column":21}},"723":{"start":{"line":724,"column":0},"end":{"line":724,"column":44}},"724":{"start":{"line":725,"column":0},"end":{"line":725,"column":45}},"725":{"start":{"line":726,"column":0},"end":{"line":726,"column":39}},"726":{"start":{"line":727,"column":0},"end":{"line":727,"column":10}},"727":{"start":{"line":728,"column":0},"end":{"line":728,"column":20}},"729":{"start":{"line":730,"column":0},"end":{"line":730,"column":77}},"730":{"start":{"line":731,"column":0},"end":{"line":731,"column":5}},"731":{"start":{"line":732,"column":0},"end":{"line":732,"column":3}},"736":{"start":{"line":737,"column":0},"end":{"line":737,"column":34}},"737":{"start":{"line":738,"column":0},"end":{"line":738,"column":37}},"738":{"start":{"line":739,"column":0},"end":{"line":739,"column":44}},"740":{"start":{"line":741,"column":0},"end":{"line":741,"column":28}},"741":{"start":{"line":742,"column":0},"end":{"line":742,"column":43}},"742":{"start":{"line":743,"column":0},"end":{"line":743,"column":13}},"743":{"start":{"line":744,"column":0},"end":{"line":744,"column":5}},"745":{"start":{"line":746,"column":0},"end":{"line":746,"column":62}},"746":{"start":{"line":747,"column":0},"end":{"line":747,"column":48}},"747":{"start":{"line":748,"column":0},"end":{"line":748,"column":58}},"748":{"start":{"line":749,"column":0},"end":{"line":749,"column":71}},"749":{"start":{"line":750,"column":0},"end":{"line":750,"column":19}},"750":{"start":{"line":751,"column":0},"end":{"line":751,"column":105}},"751":{"start":{"line":752,"column":0},"end":{"line":752,"column":8}},"752":{"start":{"line":753,"column":0},"end":{"line":753,"column":5}},"753":{"start":{"line":754,"column":0},"end":{"line":754,"column":3}},"758":{"start":{"line":759,"column":0},"end":{"line":759,"column":32}},"759":{"start":{"line":760,"column":0},"end":{"line":760,"column":17}},"760":{"start":{"line":761,"column":0},"end":{"line":761,"column":23}},"761":{"start":{"line":762,"column":0},"end":{"line":762,"column":16}},"762":{"start":{"line":763,"column":0},"end":{"line":763,"column":13}},"763":{"start":{"line":764,"column":0},"end":{"line":764,"column":68}},"764":{"start":{"line":765,"column":0},"end":{"line":765,"column":3}},"769":{"start":{"line":770,"column":0},"end":{"line":770,"column":68}},"770":{"start":{"line":771,"column":0},"end":{"line":771,"column":45}},"771":{"start":{"line":772,"column":0},"end":{"line":772,"column":3}},"776":{"start":{"line":777,"column":0},"end":{"line":777,"column":72}},"777":{"start":{"line":778,"column":0},"end":{"line":778,"column":67}},"778":{"start":{"line":779,"column":0},"end":{"line":779,"column":16}},"779":{"start":{"line":780,"column":0},"end":{"line":780,"column":5}},"781":{"start":{"line":782,"column":0},"end":{"line":782,"column":45}},"782":{"start":{"line":783,"column":0},"end":{"line":783,"column":41}},"783":{"start":{"line":784,"column":0},"end":{"line":784,"column":23}},"784":{"start":{"line":785,"column":0},"end":{"line":785,"column":21}},"785":{"start":{"line":786,"column":0},"end":{"line":786,"column":111}},"786":{"start":{"line":787,"column":0},"end":{"line":787,"column":10}},"787":{"start":{"line":788,"column":0},"end":{"line":788,"column":7}},"788":{"start":{"line":789,"column":0},"end":{"line":789,"column":22}},"789":{"start":{"line":790,"column":0},"end":{"line":790,"column":7}},"790":{"start":{"line":791,"column":0},"end":{"line":791,"column":3}},"791":{"sta
[...]
t":{"line":24,"column":0},"end":{"line":24,"column":55}},"24":{"start":{"line":25,"column":0},"end":{"line":25,"column":32}},"25":{"start":{"line":26,"column":0},"end":{"line":26,"column":4}},"38":{"start":{"line":39,"column":0},"end":{"line":39,"column":40}},"39":{"start":{"line":40,"column":0},"end":{"line":40,"column":27}},"40":{"start":{"line":41,"column":0},"end":{"line":41,"column":22}},"41":{"start":{"line":42,"column":0},"end":{"line":42,"column":78}},"42":{"start":{"line":43,"column":0},"end":{"line":43,"column":8}},"43":{"start":{"line":44,"column":0},"end":{"line":44,"column":5}},"44":{"start":{"line":45,"column":0},"end":{"line":45,"column":27}},"45":{"start":{"line":46,"column":0},"end":{"line":46,"column":4}},"59":{"start":{"line":60,"column":0},"end":{"line":60,"column":36}},"60":{"start":{"line":61,"column":0},"end":{"line":61,"column":57}},"61":{"start":{"line":62,"column":0},"end":{"line":62,"column":4}},"75":{"start":{"line":76,"column":0},"end":{"line":76,"column":50}},"76":{"start":{"line":77,"column":0},"end":{"line":77,"column":62}},"77":{"start":{"line":78,"column":0},"end":{"line":78,"column":4}},"89":{"start":{"line":90,"column":0},"end":{"line":90,"column":34}},"90":{"start":{"line":91,"column":0},"end":{"line":91,"column":52}},"91":{"start":{"line":92,"column":0},"end":{"line":92,"column":4}},"92":{"start":{"line":93,"column":0},"end":{"line":93,"column":2}}},"s":{"4":1,"10":1,"23":1,"24":12,"25":12,"38":1,"39":25,"40":6,"41":6,"42":6,"43":6,"44":19,"45":25,"59":1,"60":5,"61":5,"75":1,"76":1,"77":1,"89":1,"90":15,"91":15,"92":1},"branchMap":{"0":{"type":"branch","line":24,"loc":{"start":{"line":24,"column":22},"end":{"line":26,"column":4}},"locations":[{"start":{"line":24,"column":22},"end":{"line":26,"column":4}}]},"1":{"type":"branch","line":39,"loc":{"start":{"line":39,"column":22},"end":{"line":46,"column":4}},"locations":[{"start":{"line":39,"column":22},"end":{"line":46,"column":4}}]},"2":{"type":"branch","line":40,"loc":{"start":{"line":40,"column":26},"end":{"line":44,"column":5}},"locations":[{"start":{"line":40,"column":26},"end":{"line":44,"column":5}}]},"3":{"type":"branch","line":44,"loc":{"start":{"line":44,"column":4},"end":{"line":45,"column":27}},"locations":[{"start":{"line":44,"column":4},"end":{"line":45,"column":27}}]},"4":{"type":"branch","line":60,"loc":{"start":{"line":60,"column":11},"end":{"line":62,"column":4}},"locations":[{"start":{"line":60,"column":11},"end":{"line":62,"column":4}}]},"5":{"type":"branch","line":76,"loc":{"start":{"line":76,"column":16},"end":{"line":78,"column":4}},"locations":[{"start":{"line":76,"column":16},"end":{"line":78,"column":4}}]},"6":{"type":"branch","line":90,"loc":{"start":{"line":90,"column":21},"end":{"line":92,"column":4}},"locations":[{"start":{"line":90,"column":21},"end":{"line":92,"column":4}}]}},"b":{"0":[12],"1":[25],"2":[6],"3":[19],"4":[5],"5":[1],"6":[15]},"fnMap":{"0":{"name":"setServerContainer","decl":{"start":{"line":24,"column":22},"end":{"line":26,"column":4}},"loc":{"start":{"line":24,"column":22},"end":{"line":26,"column":4}},"line":24},"1":{"name":"getServerContainer","decl":{"start":{"line":39,"column":22},"end":{"line":46,"column":4}},"loc":{"start":{"line":39,"column":22},"end":{"line":46,"column":4}},"line":39},"2":{"name":"resolve","decl":{"start":{"line":60,"column":11},"end":{"line":62,"column":4}},"loc":{"start":{"line":60,"column":11},"end":{"line":62,"column":4}},"line":60},"3":{"name":"resolveAsync","decl":{"start":{"line":76,"column":16},"end":{"line":78,"column":4}},"loc":{"start":{"line":76,"column":16},"end":{"line":78,"column":4}},"line":76},"4":{"name":"clearRequestScope","decl":{"start":{"line":90,"column":21},"end":{"line":92,"column":4}},"loc":{"start":{"line":90,"column":21},"end":{"line":92,"column":4}},"line":90}},"f":{"0":12,"1":25,"2":5,"3":1,"4":15}}
,"/home/gfrancodev/Documentos/gfrancodev/uggy/uggy/packages/di/src/lib/tools/use-inject.ts": {"path":"/home/gfrancodev/Documentos/gfrancodev/uggy/uggy/packages/di/src/lib/tools/use-inject.ts","all":false,"statementMap":{"0":{"start":{"line":1,"column":0},"end":{"line":1,"column":32}},"1":{"start":{"line":2,"column":0},"end":{"line":2,"column":59}},"3":{"start":{"line":4,"column":0},"end":{"line":4,"column":62}},"33":{"start":{"line":34,"column":0},"end":{"line":34,"column":75}},"34":{"start":{"line":35,"column":0},"end":{"line":35,"column":27}},"35":{"start":{"line":36,"column":0},"end":{"line":36,"column":7}},"36":{"start":{"line":37,"column":0},"end":{"line":37,"column":63}},"37":{"start":{"line":38,"column":0},"end":{"line":38,"column":19}},"38":{"start":{"line":39,"column":0},"end":{"line":39,"column":30}},"39":{"start":{"line":40,"column":0},"end":{"line":40,"column":185}},"40":{"start":{"line":41,"column":0},"end":{"line":41,"column":6}},"41":{"start":{"line":42,"column":0},"end":{"line":42,"column":3}},"43":{"start":{"line":44,"column":0},"end":{"line":44,"column":26}},"44":{"start":{"line":45,"column":0},"end":{"line":45,"column":40}},"45":{"start":{"line":46,"column":0},"end":{"line":46,"column":23}},"46":{"start":{"line":47,"column":0},"end":{"line":47,"column":4}},"47":{"start":{"line":48,"column":0},"end":{"line":48,"column":57}},"48":{"start":{"line":49,"column":0},"end":{"line":49,"column":30}},"49":{"start":{"line":50,"column":0},"end":{"line":50,"column":43}},"50":{"start":{"line":51,"column":0},"end":{"line":51,"column":14}},"51":{"start":{"line":52,"column":0},"end":{"line":52,"column":4}},"53":{"start":{"line":54,"column":0},"end":{"line":54,"column":56}},"54":{"start":{"line":55,"column":0},"end":{"line":55,"column":24}},"55":{"start":{"line":56,"column":0},"end":{"line":56,"column":3}},"57":{"start":{"line":58,"column":0},"end":{"line":58,"column":17}},"58":{"start":{"line":59,"column":0},"end":{"line":59,"column":9}},"59":{"start":{"line":60,"column":0},"end":{"line":60,"column":26}},"60":{"start":{"line":61,"column":0},"end":{"line":61,"column":32}},"61":{"start":{"line":62,"column":0},"end":{"line":62,"column":40}},"63":{"start":{"line":64,"column":0},"end":{"line":64,"column":47}},"64":{"start":{"line":65,"column":0},"end":{"line":65,"column":28}},"65":{"start":{"line":66,"column":0},"end":{"line":66,"column":11}},"67":{"start":{"line":68,"column":0},"end":{"line":68,"column":38}},"68":{"start":{"line":69,"column":0},"end":{"line":69,"column":31}},"69":{"start":{"line":70,"column":0},"end":{"line":70,"column":50}},"70":{"start":{"line":71,"column":0},"end":{"line":71,"column":13}},"72":{"start":{"line":73,"column":0},"end":{"line":73,"column":44}},"73":{"start":{"line":74,"column":0},"end":{"line":74,"column":63}},"74":{"start":{"line":75,"column":0},"end":{"line":75,"column":23}},"75":{"start":{"line":76,"column":0},"end":{"line":76,"column":25}},"76":{"start":{"line":77,"column":0},"end":{"line":77,"column":19}},"77":{"start":{"line":78,"column":0},"end":{"line":78,"column":14}},"79":{"start":{"line":80,"column":0},"end":{"line":80,"column":16}},"80":{"start":{"line":81,"column":0},"end":{"line":81,"column":62}},"81":{"start":{"line":82,"column":0},"end":{"line":82,"column":55}},"82":{"start":{"line":83,"column":0},"end":{"line":83,"column":15}},"83":{"start":{"line":84,"column":0},"end":{"line":84,"column":67}},"84":{"start":{"line":85,"column":0},"end":{"line":85,"column":13}},"86":{"start":{"line":87,"column":0},"end":{"line":87,"column":56}},"88":{"start":{"line":89,"column":0},"end":{"line":89,"column":16}},"89":{"start":{"line":90,"column":0},"end":{"line":90,"column":42}},"90":{"start":{"line":91,"column":0},"end":{"line":91,"column":59}},"91":{"start":{"line":92,"column":0},"end":{"line":92,"column":15}},"92":{"start":{"line":93,"column":0},"end":{"line":93,"column":68}},"93":{"start":{"line":94,"column":0},"end":{"line":94,"column":13}},"95":{"start":{"line":96,"column":0},"end":{"line":96,"column":26}},"96":{"start":{"line":97,"column":0},"end":{"line":97,"column":12}},"97":{"start":{"line":98,"column":0},"end":{"line":98,"column":10}},"98":{"start":{"line":99,"column":0},"end":{"line":99,"column":14}},"99":{"start":{"line":100,"column":0},"end":{"line":100,"column":37}},"100":{"start":{"line":101,"column":0},"end":{"line":101,"column":4}},"101":{"start":{"line":102,"column":0},"end":{"line":102,"column":2}}},"s":{"0":1,"1":1,"3":1,"33":1,"34":30,"35":30,"36":30,"37":30,"38":6,"39":6,"40":6,"41":6,"43":24,"44":24,"45":24,"46":24,"47":24,"48":24,"49":24,"50":24,"51":24,"53":30,"54":2,"55":2,"57":22,"58":22,"59":16,"60":16,"61":15,"63":15,"64":1,"65":1,"67":14,"68":14,"69":1,"70":1,"72":13,"73":13,"74":13,"75":13,"76":13,"77":13,"79":13,"80":13,"81":1,"82":14,"83":1,"84":1,"86":12,"88":12,"89":12,"90":3,"91":14,"92":9,"93":9,"95":12,"96":14,"97":15,"98":16,"99":22,"100":22,"101":22},"branchMap":{"0":{"type":"branch","line":34,"loc":{"start":{"line":34,"column":25},"end":{"line":102,"column":2}},"locations":[{"start":{"line":34,"column":25},"end":{"line":102,"column":2}}]},"1":{"type":"branch","line":37,"loc":{"start":{"line":37,"column":47},"end":{"line":37,"column":61}},"locations":[{"start":{"line":37,"column":47},"end":{"line":37,"column":61}}]},"2":{"type":"branch","line":38,"loc":{"start":{"line":38,"column":2},"end":{"line":42,"column":3}},"locations":[{"start":{"line":38,"column":2},"end":{"line":42,"column":3}}]},"3":{"type":"branch","line":40,"loc":{"start":{"line":40,"column":145},"end":{"line":40,"column":169}},"locations":[{"start":{"line":40,"column":145},"end":{"line":40,"column":169}}]},"4":{"type":"branch","line":40,"loc":{"start":{"line":40,"column":159},"end":{"line":40,"column":182}},"locations":[{"start":{"line":40,"column":159},"end":{"line":40,"column":182}}]},"5":{"type":"branch","line":42,"loc":{"start":{"line":42,"column":2},"end":{"line":54,"column":37}},"locations":[{"start":{"line":42,"column":2},"end":{"line":54,"column":37}}]},"6":{"type":"branch","line":54,"loc":{"start":{"line":54,"column":25},"end":{"line":54,"column":55}},"locations":[{"start":{"line":54,"column":25},"end":{"line":54,"column":55}}]},"7":{"type":"branch","line":54,"loc":{"start":{"line":54,"column":55},"end":{"line":56,"column":3}},"locations":[{"start":{"line":54,"column":55},"end":{"line":56,"column":3}}]},"8":{"type":"branch","line":56,"loc":{"start":{"line":56,"column":2},"end":{"line":102,"column":2}},"locations":[{"start":{"line":56,"column":2},"end":{"line":102,"column":2}}]},"9":{"type":"branch","line":45,"loc":{"start":{"line":45,"column":4},"end":{"line":45,"column":40}},"locations":[{"start":{"line":45,"column":4},"end":{"line":45,"column":40}}]},"10":{"type":"branch","line":48,"loc":{"start":{"line":48,"column":27},"end":{"line":48,"column":48}},"locations":[{"start":{"line":48,"column":27},"end":{"line":48,"column":48}}]},"11":{"type":"branch","line":50,"loc":{"start":{"line":50,"column":4},"end":{"line":50,"column":43}},"locations":[{"start":{"line":50,"column":4},"end":{"line":50,"column":43}}]},"12":{"type":"branch","line":50,"loc":{"start":{"line":50,"column":10},"end":{"line":50,"column":37}},"locations":[{"start":{"line":50,"column":10},"end":{"line":50,"column":37}}]},"13":{"type":"branch","line":59,"loc":{"start":{"line":59,"column":4},"end":{"line":99,"column":14}},"locations":[{"start":{"line":59,"column":4},"end":{"line":99,"column":14}}]},"14":{"type":"branch","line":61,"loc":{"start":{"line":61,"column":13},"end":{"line":98,"column":10}},"locations":[{"start":{"line":61,"column":13},"end":{"line":98,"column":10}}]},"15":{"type":"branch","line":64,"loc":{"start":{"line":64,"column":46},"end":{"line":66,"column":11}},"locations":[{"start":{"line":64,"column":46},"end":{"line":66,"column":11}}]},"16":{"type":"branch","line":66,"loc":{"start":{"line":66,"column":10},"end":{"line":97,"column":12}},"locations":[{"start":{"line":66,"column":10},"end":{"line":97,"column":12}}]},"17":{"type":"branch","line":68,"loc":{"start":{"line":68,"column":17},"end":{"line":97,"column":12}},"locations":[{"start":{"line":68,"column":17},"end":{"line":97,"column":12}}]},"18":{"type":"branch","line":69,"loc":{"start":{"line":69,"column":30},"end":{"line":71,"column":13}},"locations":[{"start":{"line":69,"column":30},"end":{"line":71,"column":13}}]},"19":{"type":"branch","line":71,"loc":{"start":{"line":71,"column":12},"end":{"line":81,"column":62}},"locations":[{"start":{"line":71,"column":12},"end":{"line":81,"column":62}}]},"20":{"type":"branch","line":81,"loc":{"start":{"line":81,"column":58},"end":{"line":82,"column":55}},"locations":[{"start":{"line":81,"column":58},"end":{"line":82,"column":55}}]},"21":{"type":"branch","line":83,"loc":{"start":{"line":83,"column":14},"end":{"line":85,"column":13}},"locations":[{"start":{"line":83,"column":14},"end":{"line":85,"column":13}}]},"22":{"type":"branch","line":85,"loc":{"start":{"line":85,"column":12},"end":{"line":90,"column":42}},"locations":[{"start":{"line":85,"column":12},"end":{"line":90,"column":42}}]},"23":{"type":"branch","line":90,"loc":{"start":{"line":90,"column":32},"end":{"line":91,"column":59}},"locations":[{"start":{"line":90,"column":32},"end":{"line":91,"column":59}}]},"24":{"type":"branch","line":92,"loc":{"start":{"line":92,"column":14},"end":{"line":94,"column":13}},"locations":[{"start":{"line":92,"column":14},"end":{"line":94,"column":13}}]},"25":{"type":"branch","line":94,"loc":{"start":{"line":94,"column":12},"end":{"line":96,"column":26}},"locations":[{"start":{"line":94,"column":12},"end":{"line":96,"column":26}}]}},"b":{"0":[30],"1":[2],"2":[6],"3":[4],"4":[2],"5":[24],"6":[23],"7":[2],"8":[22],"9":[18],"10":[18],"11":[18],"12":[2],"13":[16],"14":[15],"15":[1],"16":[14],"17":[14],"18":[1],"19":[13],"20":[1],"21":[1],"22":[12],"23":[3],"24":[9],"25":[12]},"fnMap":{"0":{"name":"useInject","decl":{"start":{"line":34,"column":25},"end":{"line":102,"column":2}},"loc":{"start":{"line":34,"column":25},"end":{"line":102,"column":2}},"line":34},"1":{"name":"get","decl":{"start":{"line":61,"column":13},"end":{"line":98,"column":10}},"loc":{"start":{"line":61,"column":13},"end":{"line":98,"column":10}},"line":61}},"f":{"0":30,"1":15}}
,"/home/gfrancodev/Documentos/gfrancodev/uggy/uggy/packages/di/src/lib/tools/use-lazy-inject.ts": {"path":"/home/gfrancodev/Documentos/gfrancodev/uggy/uggy/packages/di/src/lib/tools/use-lazy-inject.ts","all":false,"statementMap":{"0":{"start":{"line":1,"column":0},"end":{"line":1,"column":46}},"1":{"start":{"line":2,"column":0},"end":{"line":2,"column":41}},"35":{"start":{"line":36,"column":0},"end":{"line":36,"column":33}},"36":{"start":{"line":37,"column":0},"end":{"line":37,"column":15}},"37":{"start":{"line":38,"column":0},"end":{"line":38,"column":26}},"38":{"start":{"line":39,"column":0},"end":{"line":39,"column":35}},"39":{"start":{"line":40,"column":0},"end":{"line":40,"column":50}},"40":{"start":{"line":41,"column":0},"end":{"line":41,"column":69}},"42":{"start":{"line":43,"column":0},"end":{"line":43,"column":39}},"43":{"start":{"line":44,"column":0},"end":{"line":44,"column":15}},"44":{"start":{"line":45,"column":0},"end":{"line":45,"column":25}},"45":{"start":{"line":46,"column":0},"end":{"line":46,"column":5}},"47":{"start":{"line":48,"column":0},"end":{"line":48,"column":34}},"48":{"start":{"line":49,"column":0},"end":{"line":49,"column":20}},"49":{"start":{"line":50,"column":0},"end":{"line":50,"column":27}},"50":{"start":{"line":51,"column":0},"end":{"line":51,"column":24}},"51":{"start":{"line":52,"column":0},"end":{"line":52,"column":5}},"52":{"start":{"line":53,"column":0},"end":{"line":53,"column":26}},"54":{"start":{"line":55,"column":0},"end":{"line":55,"column":26}},"55":{"start":{"line":56,"column":0},"end":{"line":56,"column":2}}},"s":{"0":1,"1":1,"35":1,"36":11,"37":11,"38":11,"39":11,"40":11,"42":11,"43":11,"44":11,"45":11,"47":11,"48":4,"49":3,"50":3,"51":3,"52":11,"54":11,"55":11},"branchMap":{"0":{"type":"branch","line":36,"loc":{"start":{"line":36,"column":29},"end":{"line":56,"column":2}},"locations":[{"start":{"line":36,"column":29},"end":{"line":56,"column":2}}]},"1":{"type":"branch","line":48,"loc":{"start":{"line":48,"column":27},"end":{"line":53,"column":5}},"locations":[{"start":{"line":48,"column":27},"end":{"line":53,"column":5}}]},"2":{"type":"branch","line":49,"loc":{"start":{"line":49,"column":19},"end":{"line":52,"column":5}},"locations":[{"start":{"line":49,"column":19},"end":{"line":52,"column":5}}]}},"b":{"0":[11],"1":[4],"2":[3]},"fnMap":{"0":{"name":"useLazyInject","decl":{"start":{"line":36,"column":29},"end":{"line":56,"column":2}},"loc":{"start":{"line":36,"column":29},"end":{"line":56,"column":2}},"line":36}},"f":{"0":11}}
,"/home/gfrancodev/Documentos/gfrancodev/uggy/uggy/packages/di/src/lib/web/index.tsx": {"path":"/home/gfrancodev/Documentos/gfrancodev/uggy/uggy/packages/di/src/lib/web/index.tsx","all":false,"statementMap":{"2":{"start":{"line":3,"column":0},"end":{"line":3,"column":41}},"3":{"start":{"line":4,"column":0},"end":{"line":4,"column":39}},"11":{"start":{"line":12,"column":0},"end":{"line":12,"column":41}},"15":{"start":{"line":16,"column":0},"end":{"line":16,"column":42}},"16":{"start":{"line":17,"column":0},"end":{"line":17,"column":34}},"18":{"start":{"line":19,"column":0},"end":{"line":19,"column":62}},"20":{"start":{"line":21,"column":0},"end":{"line":21,"column":49}},"21":{"start":{"line":22,"column":0},"end":{"line":22,"column":53}},"22":{"start":{"line":23,"column":0},"end":{"line":23,"column":3}},"24":{"start":{"line":25,"column":0},"end":{"line":25,"column":19}},"25":{"start":{"line":26,"column":0},"end":{"line":26,"column":64}},"27":{"start":{"line":28,"column":0},"end":{"line":28,"column":51}},"28":{"start":{"line":29,"column":0},"end":{"line":29,"column":55}},"29":{"start":{"line":30,"column":0},"end":{"line":30,"column":5}},"31":{"start":{"line":32,"column":0},"end":{"line":32,"column":18}},"32":{"start":{"line":33,"column":0},"end":{"line":33,"column":59}},"33":{"start":{"line":34,"column":0},"end":{"line":34,"column":15}},"34":{"start":{"line":35,"column":0},"end":{"line":35,"column":7}},"35":{"start":{"line":36,"column":0},"end":{"line":36,"column":6}},"36":{"start":{"line":37,"column":0},"end":{"line":37,"column":31}},"38":{"start":{"line":39,"column":0},"end":{"line":39,"column":25}},"39":{"start":{"line":40,"column":0},"end":{"line":40,"column":2}}},"s":{"2":1,"3":1,"11":1,"15":1,"16":14,"18":14,"20":14,"21":5,"22":5,"24":14,"25":14,"27":14,"28":3,"29":3,"31":14,"32":9,"33":3,"34":3,"35":9,"36":14,"38":14,"39":14},"branchMap":{"0":{"type":"branch","line":16,"loc":{"start":{"line":16,"column":5},"end":{"line":40,"column":2}},"locations":[{"start":{"line":16,"column":5},"end":{"line":40,"column":2}}]},"1":{"type":"branch","line":17,"loc":{"start":{"line":17,"column":22},"end":{"line":17,"column":34}},"locations":[{"start":{"line":17,"column":22},"end":{"line":17,"column":34}}]},"2":{"type":"branch","line":21,"loc":{"start":{"line":21,"column":48},"end":{"line":23,"column":3}},"locations":[{"start":{"line":21,"column":48},"end":{"line":23,"column":3}}]},"3":{"type":"branch","line":25,"loc":{"start":{"line":25,"column":12},"end":{"line":37,"column":5}},"locations":[{"start":{"line":25,"column":12},"end":{"line":37,"column":5}}]},"4":{"type":"branch","line":28,"loc":{"start":{"line":28,"column":50},"end":{"line":30,"column":5}},"locations":[{"start":{"line":28,"column":50},"end":{"line":30,"column":5}}]},"5":{"type":"branch","line":32,"loc":{"start":{"line":32,"column":11},"end":{"line":36,"column":6}},"locations":[{"start":{"line":32,"column":11},"end":{"line":36,"column":6}}]},"6":{"type":"branch","line":33,"loc":{"start":{"line":33,"column":58},"end":{"line":35,"column":7}},"locations":[{"start":{"line":33,"column":58},"end":{"line":35,"column":7}}]}},"b":{"0":[14],"1":[13],"2":[5],"3":[14],"4":[3],"5":[9],"6":[3]},"fnMap":{"0":{"name":"BrushyDIProvider","decl":{"start":{"line":16,"column":5},"end":{"line":40,"column":2}},"loc":{"start":{"line":16,"column":5},"end":{"line":40,"column":2}},"line":16}},"f":{"0":14}}
}
